#
# A fatal error has been detected by the Java Runtime Environment:
#
#  EXCEPTION_ACCESS_VIOLATION (0xc0000005) at pc=0x00007ff8c7d588a6, pid=11620, tid=7424
#
# JRE version: OpenJDK Runtime Environment (11.0.15) (build 11.0.15+0-b2043.56-9505619)
# Java VM: OpenJDK 64-Bit Server VM (11.0.15+0-b2043.56-9505619, mixed mode, tiered, compressed oops, g1 gc, windows-amd64)
# Problematic frame:
# V  [jvm.dll+0x1a88a6]
#
# No core dump will be written. Minidumps are not enabled by default on client versions of Windows
#
# If you would like to submit a bug report, please visit:
#   https://bugreport.java.com/bugreport/crash.jsp
#

---------------  S U M M A R Y ------------

Command Line: --add-opens=java.base/java.util=ALL-UNNAMED --add-opens=java.base/java.lang=ALL-UNNAMED --add-opens=java.base/java.lang.invoke=ALL-UNNAMED --add-opens=java.base/java.util=ALL-UNNAMED --add-opens=java.prefs/java.util.prefs=ALL-UNNAMED --add-opens=java.prefs/java.util.prefs=ALL-UNNAMED --add-opens=java.base/java.nio.charset=ALL-UNNAMED --add-opens=java.base/java.net=ALL-UNNAMED --add-opens=java.base/java.util.concurrent.atomic=ALL-UNNAMED -Xmx2048m -Dfile.encoding=UTF-8 -Duser.country=BR -Duser.language=pt -Duser.variant org.gradle.launcher.daemon.bootstrap.GradleDaemon 7.5

Host: Intel(R) Core(TM) i7-3770 CPU @ 3.40GHz, 8 cores, 11G,  Windows 10 , 64 bit Build 19041 (10.0.19041.3155)
Time: Thu Aug 17 15:36:40 2023 Hora oficial do Brasil elapsed time: 521.709167 seconds (0d 0h 8m 41s)

---------------  T H R E A D  ---------------

Current thread (0x000001ffe3912800):  GCTaskThread "GC Thread#4" [stack: 0x000000f961c00000,0x000000f961d00000] [id=7424]

Stack: [0x000000f961c00000,0x000000f961d00000],  sp=0x000000f961cfdbd8,  free space=1014k
Native frames: (J=compiled Java code, j=interpreted, Vv=VM code, C=native code)
V  [jvm.dll+0x1a88a6]

JavaThread 0x000001ffeb36b800 (nid = 3456) was being processed
Java frames: (J=compiled Java code, j=interpreted, Vv=VM code)
J 5231  java.lang.Object.wait(J)V java.base@11.0.15 (0 bytes) @ 0x000001ffd21893fb [0x000001ffd21893c0+0x000000000000003b]
J 5106 c1 org.gradle.internal.resources.DefaultResourceLockCoordinationService.withStateLock(Lorg/gradle/api/Transformer;)Z (269 bytes) @ 0x000001ffcb36f74c [0x000001ffcb36ef80+0x00000000000007cc]
J 18565 c1 org.gradle.execution.plan.DefaultPlanExecutor$ExecutorWorker.getNextItem(Lorg/gradle/internal/work/WorkerLeaseRegistry$WorkerLease;)Lorg/gradle/execution/plan/DefaultPlanExecutor$WorkItem; (30 bytes) @ 0x000001ffcd1289a4 [0x000001ffcd1283e0+0x00000000000005c4]
j  org.gradle.execution.plan.DefaultPlanExecutor$ExecutorWorker.run()V+51
j  org.gradle.execution.plan.DefaultPlanExecutor.process(Lorg/gradle/execution/plan/WorkSource;Lorg/gradle/api/Action;)Lorg/gradle/internal/build/ExecutionResult;+97
j  org.gradle.execution.taskgraph.DefaultTaskExecutionGraph.executeWithServices(Lorg/gradle/execution/ProjectExecutionServiceRegistry;)Lorg/gradle/internal/build/ExecutionResult;+41
j  org.gradle.execution.taskgraph.DefaultTaskExecutionGraph.execute(Lorg/gradle/execution/plan/ExecutionPlan;)Lorg/gradle/internal/build/ExecutionResult;+36
j  org.gradle.execution.SelectedTaskExecutionAction.execute(Lorg/gradle/api/internal/GradleInternal;Lorg/gradle/execution/plan/ExecutionPlan;)Lorg/gradle/internal/build/ExecutionResult;+33
j  org.gradle.execution.DryRunBuildExecutionAction.execute(Lorg/gradle/api/internal/GradleInternal;Lorg/gradle/execution/plan/ExecutionPlan;)Lorg/gradle/internal/build/ExecutionResult;+114
j  org.gradle.execution.BuildOperationFiringBuildWorkerExecutor$ExecuteTasks.call(Lorg/gradle/internal/operations/BuildOperationContext;)Lorg/gradle/internal/build/ExecutionResult;+15
j  org.gradle.execution.BuildOperationFiringBuildWorkerExecutor$ExecuteTasks.call(Lorg/gradle/internal/operations/BuildOperationContext;)Ljava/lang/Object;+2
J 10012 c1 org.gradle.internal.operations.DefaultBuildOperationRunner$CallableBuildOperationWorker.execute(Lorg/gradle/internal/operations/BuildOperation;Lorg/gradle/internal/operations/BuildOperationContext;)V (10 bytes) @ 0x000001ffcbe82734 [0x000001ffcbe824e0+0x0000000000000254]
J 15703 c2 org.gradle.internal.operations.DefaultBuildOperationRunner.execute(Lorg/gradle/internal/operations/BuildOperationDescriptor$Builder;Lorg/gradle/internal/operations/BuildOperationState;Lorg/gradle/internal/operations/DefaultBuildOperationRunner$BuildOperationExecution;)Ljava/lang/Object; (147 bytes) @ 0x000001ffd2878474 [0x000001ffd2876620+0x0000000000001e54]
J 9661 c1 org.gradle.internal.operations.DefaultBuildOperationRunner.call(Lorg/gradle/internal/operations/CallableBuildOperation;)Ljava/lang/Object; (24 bytes) @ 0x000001ffcbdbb95c [0x000001ffcbdbb260+0x00000000000006fc]
J 9716 c1 org.gradle.internal.operations.DefaultBuildOperationExecutor.call(Lorg/gradle/internal/operations/CallableBuildOperation;)Ljava/lang/Object; (11 bytes) @ 0x000001ffcbdd893c [0x000001ffcbdd8840+0x00000000000000fc]
j  org.gradle.execution.BuildOperationFiringBuildWorkerExecutor.execute(Lorg/gradle/api/internal/GradleInternal;Lorg/gradle/execution/plan/ExecutionPlan;)Lorg/gradle/internal/build/ExecutionResult;+14
j  org.gradle.internal.build.DefaultBuildLifecycleController.lambda$executeTasks$7(Lorg/gradle/internal/build/DefaultBuildLifecycleController$DefaultBuildWorkPlan;)Lorg/gradle/internal/build/ExecutionResult;+12
j  org.gradle.internal.build.DefaultBuildLifecycleController$$Lambda$853.get()Ljava/lang/Object;+8
j  org.gradle.internal.model.StateTransitionController.doTransition(Lorg/gradle/internal/model/StateTransitionController$State;Lorg/gradle/internal/model/StateTransitionController$State;Ljava/util/function/Supplier;)Lorg/gradle/internal/build/ExecutionResult;+24
j  org.gradle.internal.model.StateTransitionController.lambda$tryTransition$7(Lorg/gradle/internal/model/StateTransitionController$State;Lorg/gradle/internal/model/StateTransitionController$State;Ljava/util/function/Supplier;)Lorg/gradle/internal/build/ExecutionResult;+4
j  org.gradle.internal.model.StateTransitionController$$Lambda$854.create()Ljava/lang/Object;+16
j  org.gradle.internal.work.DefaultSynchronizer.withLock(Lorg/gradle/internal/Factory;)Ljava/lang/Object;+6
j  org.gradle.internal.model.StateTransitionController.tryTransition(Lorg/gradle/internal/model/StateTransitionController$State;Lorg/gradle/internal/model/StateTransitionController$State;Ljava/util/function/Supplier;)Lorg/gradle/internal/build/ExecutionResult;+13
j  org.gradle.internal.build.DefaultBuildLifecycleController.executeTasks(Lorg/gradle/execution/plan/BuildWorkPlan;)Lorg/gradle/internal/build/ExecutionResult;+23
j  org.gradle.internal.build.DefaultBuildWorkGraphController$DefaultBuildWorkGraph.runWork()Lorg/gradle/internal/build/ExecutionResult;+18
j  org.gradle.composite.internal.DefaultBuildController$$Lambda$852.create()Ljava/lang/Object;+4
J 10275 c1 org.gradle.internal.work.DefaultWorkerLeaseService.withLocks(Ljava/util/Collection;Lorg/gradle/internal/Factory;)Ljava/lang/Object; (53 bytes) @ 0x000001ffcbf38524 [0x000001ffcbf380c0+0x0000000000000464]
J 12051 c1 org.gradle.internal.work.DefaultWorkerLeaseService.runAsWorkerThread(Lorg/gradle/internal/Factory;)Ljava/lang/Object; (37 bytes) @ 0x000001ffcc313fd4 [0x000001ffcc313820+0x00000000000007b4]
j  org.gradle.composite.internal.DefaultBuildController.doRun()Lorg/gradle/internal/build/ExecutionResult;+18
j  org.gradle.composite.internal.DefaultBuildController.access$000(Lorg/gradle/composite/internal/DefaultBuildController;)Lorg/gradle/internal/build/ExecutionResult;+1
j  org.gradle.composite.internal.DefaultBuildController$BuildOpRunnable.run()V+18
J 14892 c1 java.util.concurrent.Executors$RunnableAdapter.call()Ljava/lang/Object; java.base@11.0.15 (14 bytes) @ 0x000001ffcc9ba744 [0x000001ffcc9ba640+0x0000000000000104]
J 5487 c1 java.util.concurrent.FutureTask.run()V java.base@11.0.15 (123 bytes) @ 0x000001ffcb42c1c4 [0x000001ffcb42bb20+0x00000000000006a4]
J 18080 c1 org.gradle.internal.concurrent.ManagedExecutorImpl$1.run()V (57 bytes) @ 0x000001ffccff7f4c [0x000001ffccff7ce0+0x000000000000026c]
J 13097 c1 java.util.concurrent.ThreadPoolExecutor.runWorker(Ljava/util/concurrent/ThreadPoolExecutor$Worker;)V java.base@11.0.15 (187 bytes) @ 0x000001ffcc5af0ac [0x000001ffcc5ae260+0x0000000000000e4c]
J 15136 c1 java.util.concurrent.ThreadPoolExecutor$Worker.run()V java.base@11.0.15 (9 bytes) @ 0x000001ffcca583bc [0x000001ffcca58340+0x000000000000007c]
J 18203 c1 java.lang.Thread.run()V java.base@11.0.15 (17 bytes) @ 0x000001ffcd0461f4 [0x000001ffcd0460c0+0x0000000000000134]
v  ~StubRoutines::call_stub

siginfo: EXCEPTION_ACCESS_VIOLATION (0xc0000005), reading address 0x0000000180a247a0


Register to memory mapping:

RIP=0x00007ff8c7d588a6 jvm.dll
RAX=0x0000000000000001 is an unknown value
RBX=0x000001ffe8b71be8 points into unknown readable memory: 0x00007ff8c8491280 | 80 12 49 c8 f8 7f 00 00
RCX=
[error occurred during error reporting (printing register info), id 0xc0000005, EXCEPTION_ACCESS_VIOLATION (0xc0000005) at pc=0x00007ff8c7d588a6]

Registers:
RAX=0x0000000000000001, RBX=0x000001ffe8b71be8, RCX=0x000000008a7447d0, RDX=0x000000008a7447d0
RSP=0x000000f961cfdbd8, RBP=0x000001ffe727c340, RSI=0x000000000000aaa9, RDI=0x0000000000000001
R8 =0x000000008a7447d0, R9 =0x0000000180a24798, R10=0x000000008a7447d0, R11=0x000001ffed7d7408
R12=0x000001ffe1c29d00, R13=0x000000f961cfddc8, R14=0x000000008a7447d0, R15=0x0000000000000005
RIP=0x00007ff8c7d588a6, EFLAGS=0x0000000000010202

Top of Stack: (sp=0x000000f961cfdbd8)
0x000000f961cfdbd8:   00007ff8c7ed438f 0000000000000001
0x000000f961cfdbe8:   000001ffe8b71b01 000001ffe727c340
0x000000f961cfdbf8:   00007ff8c7ed3e9f 000000008910c3fc
0x000000f961cfdc08:   00007ff8c7ed3814 0000000000000842
0x000000f961cfdc18:   00007ff8c81e0668 0000000000000842
0x000000f961cfdc28:   0000000000000008 000000f961cfdda8
0x000000f961cfdc38:   000000f961cfddc8 000001ffe1c29d00
0x000000f961cfdc48:   000000f9686fec48 0000000000000008
0x000000f961cfdc58:   00007ff8c7ee34af 0000000000000012
0x000000f961cfdc68:   000001ffe1c29d00 000000f961cfddc8
0x000000f961cfdc78:   000001ffe8b71be8 0000000000000000
0x000000f961cfdc88:   00007ff8c81e0449 0000000000000001
0x000000f961cfdc98:   000000000000aaa9 0000000000000012
0x000000f961cfdca8:   000000f961cfddc8 000001ffe8b71c60
0x000000f961cfdcb8:   000001ffe8b71be8 0000000000000012
0x000000f961cfdcc8:   00007ff8c7e9d8be 000000f961cfddd0 

Instructions: (pc=0x00007ff8c7d588a6)
0x00007ff8c7d587a6:   eb 04 48 8b 43 08 81 78 08 00 00 00 c0 0f 83 81
0x00007ff8c7d587b6:   00 00 00 48 8b 4f 38 48 8b d3 48 8b 01 ff 50 20
0x00007ff8c7d587c6:   84 c0 75 70 38 05 d1 e7 93 00 74 15 8b 53 08 8b
0x00007ff8c7d587d6:   0d 7d 2f 8f 00 48 d3 e2 48 03 15 6b 2f 8f 00 eb
0x00007ff8c7d587e6:   04 48 8b 53 08 48 8b cb 48 89 5c 24 20 e8 a8 00
0x00007ff8c7d587f6:   00 00 80 7f 30 00 48 63 c8 48 89 4c 24 28 74 1c
0x00007ff8c7d58806:   0f 10 44 24 20 0f 11 86 98 03 00 00 48 8b 5c 24
0x00007ff8c7d58816:   40 48 8b 74 24 48 48 83 c4 30 5f c3 48 8b 07 48
0x00007ff8c7d58826:   8d 54 24 20 48 89 4c 24 28 48 8b cf 48 89 5c 24
0x00007ff8c7d58836:   20 ff 50 38 48 8b 5c 24 40 48 8b 74 24 48 48 83
0x00007ff8c7d58846:   c4 30 5f c3 cc cc cc cc cc cc 48 8b 49 38 48 8b
0x00007ff8c7d58856:   01 48 ff 60 28 cc cc cc cc cc 80 3d 3a e7 93 00
0x00007ff8c7d58866:   00 48 8b c1 74 1b 8b 51 08 8b 0d e3 2e 8f 00 48
0x00007ff8c7d58876:   d3 e2 48 8b c8 48 03 15 ce 2e 8f 00 e9 19 00 00
0x00007ff8c7d58886:   00 48 8b 51 08 48 8b c8 e9 0d 00 00 00 cc cc cc
0x00007ff8c7d58896:   cc cc cc cc cc cc cc cc cc cc 4c 8b ca 48 8b d1
0x00007ff8c7d588a6:   45 8b 41 08 45 85 c0 7e 0e 41 f6 c0 01 75 56 41
0x00007ff8c7d588b6:   c1 f8 03 41 8b c0 c3 79 4c 80 3d db e6 93 00 00
0x00007ff8c7d588c6:   b8 0c 00 00 00 b9 10 00 00 00 0f 45 c8 8b 05 9b
0x00007ff8c7d588d6:   5e 8d 00 ff c8 4c 63 c8 48 63 14 11 41 8b c8 83
0x00007ff8c7d588e6:   e1 3f 48 d3 e2 41 8b c8 48 c1 f9 10 0f b6 c1 49
0x00007ff8c7d588f6:   8d 0c 11 49 f7 d1 48 03 c1 49 c1 e9 03 48 c1 e8
0x00007ff8c7d58906:   03 41 23 c1 c3 49 8b 01 49 8b c9 48 ff a0 10 01
0x00007ff8c7d58916:   00 00 cc cc cc cc cc cc cc cc 48 8b c2 c3 cc cc
0x00007ff8c7d58926:   cc cc cc cc cc cc cc cc cc cc 48 83 ec 38 48 8b
0x00007ff8c7d58936:   c1 48 8b 49 38 80 79 08 00 74 05 90 48 8b 48 38
0x00007ff8c7d58946:   0f 10 02 48 8d 54 24 20 0f 29 44 24 20 e8 28 f0
0x00007ff8c7d58956:   ff ff 48 83 c4 38 c3 cc cc cc 48 83 ec 38 0f 10
0x00007ff8c7d58966:   02 48 8b 01 48 8d 54 24 20 0f 29 44 24 20 ff 50
0x00007ff8c7d58976:   38 48 83 c4 38 c3 cc cc cc cc 48 89 5c 24 08 55
0x00007ff8c7d58986:   56 57 41 54 41 55 41 56 41 57 48 8d 6c 24 e0 48
0x00007ff8c7d58996:   81 ec 20 01 00 00 48 8b 05 85 b6 90 00 48 33 c4 


Stack slot to memory mapping:
stack at sp + 0 slots: 0x00007ff8c7ed438f jvm.dll
stack at sp + 1 slots: 0x0000000000000001 is an unknown value
stack at sp + 2 slots: 0x000001ffe8b71b01 points into unknown readable memory: 00 00 00 00 00 00 00
stack at sp + 3 slots: 0x000001ffe727c340 points into unknown readable memory: 0x00007ff8c848fe48 | 48 fe 48 c8 f8 7f 00 00
stack at sp + 4 slots: 0x00007ff8c7ed3e9f jvm.dll
stack at sp + 5 slots: 0x000000008910c3fc is pointing into object: java.util.ArrayList 
{0x000000008910c3e8} - klass: 'java/util/ArrayList'
stack at sp + 6 slots: 0x00007ff8c7ed3814 jvm.dll
stack at sp + 7 slots: 0x0000000000000842 is an unknown value


---------------  P R O C E S S  ---------------

Threads class SMR info:
_java_thread_list=0x000001ffe72727c0, length=145, elements={
0x000001ffc6891000, 0x000001ffe0d7e800, 0x000001ffe158a800, 0x000001ffe15d9800,
0x000001ffe15db000, 0x000001ffe15dd000, 0x000001ffe15e0800, 0x000001ffe1636800,
0x000001ffe1639800, 0x000001ffe1762800, 0x000001ffe31ea800, 0x000001ffe3938000,
0x000001ffe43f0800, 0x000001ffe3a75800, 0x000001ffe3a78800, 0x000001ffe3a73000,
0x000001ffe3a73800, 0x000001ffe3a76000, 0x000001ffe3a78000, 0x000001ffe3114000,
0x000001ffe3116800, 0x000001ffe3113800, 0x000001ffe3118800, 0x000001ffe3112800,
0x000001ffe311c800, 0x000001ffe3dc7800, 0x000001ffe6f5c000, 0x000001ffe6f59800,
0x000001ffe6f5b800, 0x000001ffeb372000, 0x000001ffeb374000, 0x000001ffeb378800,
0x000001ffeb373000, 0x000001ffeb378000, 0x000001ffe4f87800, 0x000001ffe4f8e000,
0x000001ffe4f89000, 0x000001ffe4f8a000, 0x000001ffe4f8a800, 0x000001ffe897b800,
0x000001ffe8976000, 0x000001ffe8974800, 0x000001ffe8979000, 0x000001ffe8973800,
0x000001ffe8975000, 0x000001ffe897c800, 0x000001ffe8977800, 0x000001ffe8977000,
0x000001ffe897e000, 0x000001ffe897d800, 0x000001ffe8978800, 0x000001ffe897f000,
0x000001ffe897b000, 0x000001ffe6f87000, 0x000001ffe8cb8800, 0x000001ffe897f800,
0x000001ffe897a000, 0x000001ffe8980800, 0x000001ffe8981800, 0x000001ffe8982000,
0x000001ffe5633800, 0x000001ffe562e800, 0x000001ffe5630000, 0x000001ffe5632000,
0x000001ffe5634000, 0x000001ffe5635000, 0x000001ffe5636800, 0x000001ffe5636000,
0x000001ffe5631000, 0x000001ffe5632800, 0x000001ffe563a000, 0x000001ffe563c800,
0x000001ffe563a800, 0x000001ffe563d000, 0x000001ffe563b800, 0x000001ffe5637800,
0x000001ffe5638800, 0x000001ffe5639000, 0x000001ffe3dc0000, 0x000001ffe3dc2800,
0x000001ffe3dc1000, 0x000001ffe3dc4000, 0x000001ffe3dc2000, 0x000001ffe3dc3800,
0x000001ffe3dbe800, 0x000001ffe3dc5000, 0x000001ffe3dbf800, 0x000001ffe3dca000,
0x000001ffe3dc8800, 0x000001ffe3dc9000, 0x000001ffe3dcb000, 0x000001ffe3dcb800,
0x000001ffe3dc6000, 0x000001ffe3dc6800, 0x000001ffe3dcc800, 0x000001ffe3dcd000,
0x000001ffe500c000, 0x000001ffe5009000, 0x000001ffe500d000, 0x000001ffe500e000,
0x000001ffe5009800, 0x000001ffe500a800, 0x000001ffe500b800, 0x000001ffe5008000,
0x000001ffe500f800, 0x000001ffe5014800, 0x000001ffe5012800, 0x000001ffe5013800,
0x000001ffe500e800, 0x000001ffe5011000, 0x000001ffe5015000, 0x000001ffe5010800,
0x000001ffe5017000, 0x000001ffe5012000, 0x000001ffe6ce0000, 0x000001ffe6ce0800,
0x000001ffe6ce1800, 0x000001ffe6ce2800, 0x000001ffe6ce3000, 0x000001ffe6ce4000,
0x000001ffe6ce4800, 0x000001ffe6cdf000, 0x000001ffe6ce5800, 0x000001ffe6ce9000,
0x000001ffe6cea800, 0x000001ffe6ce7000, 0x000001ffe6ceb800, 0x000001ffe6ce6800,
0x000001ffe6ce8000, 0x000001ffe6ce9800, 0x000001ffe6cec000, 0x000001ffe6ced000,
0x000001ffeb371800, 0x000001ffeb370800, 0x000001ffeb36e000, 0x000001ffeb36f000,
0x000001ffeb36b800, 0x000001ffeb36c800, 0x000001ffeb36f800, 0x000001ffeb36d000,
0x000001ffeb379800, 0x000001ffeb37a800, 0x000001ffeb376000, 0x000001ffeb374800,
0x000001ffeb377000
}

Java Threads: ( => current thread )
  0x000001ffc6891000 JavaThread "main" [_thread_blocked, id=972, stack(0x000000f95fc00000,0x000000f95fd00000)]
  0x000001ffe0d7e800 JavaThread "Reference Handler" daemon [_thread_blocked, id=11516, stack(0x000000f960300000,0x000000f960400000)]
  0x000001ffe158a800 JavaThread "Finalizer" daemon [_thread_blocked, id=8768, stack(0x000000f960400000,0x000000f960500000)]
  0x000001ffe15d9800 JavaThread "Signal Dispatcher" daemon [_thread_blocked, id=640, stack(0x000000f960500000,0x000000f960600000)]
  0x000001ffe15db000 JavaThread "Attach Listener" daemon [_thread_blocked, id=7064, stack(0x000000f960600000,0x000000f960700000)]
  0x000001ffe15dd000 JavaThread "Service Thread" daemon [_thread_blocked, id=9324, stack(0x000000f960700000,0x000000f960800000)]
  0x000001ffe15e0800 JavaThread "C2 CompilerThread0" daemon [_thread_blocked, id=8972, stack(0x000000f960800000,0x000000f960900000)]
  0x000001ffe1636800 JavaThread "C1 CompilerThread0" daemon [_thread_blocked, id=8896, stack(0x000000f960900000,0x000000f960a00000)]
  0x000001ffe1639800 JavaThread "Sweeper thread" daemon [_thread_blocked, id=5320, stack(0x000000f960a00000,0x000000f960b00000)]
  0x000001ffe1762800 JavaThread "Common-Cleaner" daemon [_thread_blocked, id=2628, stack(0x000000f960b00000,0x000000f960c00000)]
  0x000001ffe31ea800 JavaThread "Daemon health stats" [_thread_blocked, id=8136, stack(0x000000f961200000,0x000000f961300000)]
  0x000001ffe3938000 JavaThread "Incoming local TCP Connector on port 52706" [_thread_in_native, id=12048, stack(0x000000f960d00000,0x000000f960e00000)]
  0x000001ffe43f0800 JavaThread "Daemon periodic checks" [_thread_blocked, id=4720, stack(0x000000f960e00000,0x000000f960f00000)]
  0x000001ffe3a75800 JavaThread "Cache worker for journal cache (C:\Users\jonat\.gradle\caches\journal-1)" [_thread_blocked, id=728, stack(0x000000f961a00000,0x000000f961b00000)]
  0x000001ffe3a78800 JavaThread "File lock request listener" [_thread_in_native, id=992, stack(0x000000f961b00000,0x000000f961c00000)]
  0x000001ffe3a73000 JavaThread "Cache worker for file hash cache (C:\Users\jonat\.gradle\caches\7.5\fileHashes)" [_thread_blocked, id=15044, stack(0x000000f962100000,0x000000f962200000)]
  0x000001ffe3a73800 JavaThread "File watcher server" daemon [_thread_blocked, id=2072, stack(0x000000f962300000,0x000000f962400000)]
  0x000001ffe3a76000 JavaThread "File watcher consumer" daemon [_thread_blocked, id=11492, stack(0x000000f962400000,0x000000f962500000)]
  0x000001ffe3a78000 JavaThread "Cache worker for file content cache (C:\Users\jonat\.gradle\caches\7.5\fileContent)" [_thread_blocked, id=11176, stack(0x000000f962700000,0x000000f962800000)]
  0x000001ffe3114000 JavaThread "Cache worker for execution history cache (C:\Users\jonat\.gradle\caches\7.5\executionHistory)" [_thread_blocked, id=5900, stack(0x000000f962a00000,0x000000f962b00000)]
  0x000001ffe3116800 JavaThread "jar transforms" [_thread_blocked, id=2860, stack(0x000000f962200000,0x000000f962300000)]
  0x000001ffe3113800 JavaThread "jar transforms Thread 2" [_thread_blocked, id=11576, stack(0x000000f962c00000,0x000000f962d00000)]
  0x000001ffe3118800 JavaThread "jar transforms Thread 3" [_thread_blocked, id=8056, stack(0x000000f962d00000,0x000000f962e00000)]
  0x000001ffe3112800 JavaThread "jar transforms Thread 4" [_thread_blocked, id=6724, stack(0x000000f962f00000,0x000000f963000000)]
  0x000001ffe311c800 JavaThread "jar transforms Thread 5" [_thread_blocked, id=12796, stack(0x000000f962b00000,0x000000f962c00000)]
  0x000001ffe3dc7800 JavaThread "jar transforms Thread 6" [_thread_blocked, id=12696, stack(0x000000f968300000,0x000000f968400000)]
  0x000001ffe6f5c000 JavaThread "jar transforms Thread 7" [_thread_blocked, id=14116, stack(0x000000f968400000,0x000000f968500000)]
  0x000001ffe6f59800 JavaThread "jar transforms Thread 8" [_thread_blocked, id=10436, stack(0x000000f968500000,0x000000f968600000)]
  0x000001ffe6f5b800 JavaThread "Memory manager" [_thread_blocked, id=6392, stack(0x000000f968200000,0x000000f968300000)]
  0x000001ffeb372000 JavaThread "RMI Scheduler(0)" daemon [_thread_blocked, id=8528, stack(0x000000f961700000,0x000000f961800000)]
  0x000001ffeb374000 JavaThread "RMI GC Daemon" daemon [_thread_blocked, id=15024, stack(0x000000f968f00000,0x000000f969000000)]
  0x000001ffeb378800 JavaThread "RMI TCP Accept-0" daemon [_thread_in_native, id=1600, stack(0x000000f969000000,0x000000f969100000)]
  0x000001ffeb373000 JavaThread "RMI Reaper" [_thread_blocked, id=9336, stack(0x000000f969100000,0x000000f969200000)]
  0x000001ffeb378000 JavaThread "Cache worker for Java compile cache (C:\Users\jonat\.gradle\caches\7.5\javaCompile)" [_thread_blocked, id=7432, stack(0x000000f969500000,0x000000f969600000)]
  0x000001ffe4f87800 JavaThread "ForkJoinPool.commonPool-worker-5" daemon [_thread_blocked, id=1492, stack(0x000000f96a600000,0x000000f96a700000)]
  0x000001ffe4f8e000 JavaThread "ForkJoinPool.commonPool-worker-7" daemon [_thread_blocked, id=14816, stack(0x000000f96a700000,0x000000f96a800000)]
  0x000001ffe4f89000 JavaThread "ForkJoinPool.commonPool-worker-11" daemon [_thread_blocked, id=1204, stack(0x000000f96a900000,0x000000f96aa00000)]
  0x000001ffe4f8a000 JavaThread "ForkJoinPool.commonPool-worker-13" daemon [_thread_blocked, id=296, stack(0x000000f96aa00000,0x000000f96ab00000)]
  0x000001ffe4f8a800 JavaThread "ForkJoinPool.commonPool-worker-15" daemon [_thread_blocked, id=7612, stack(0x000000f96ab00000,0x000000f96ac00000)]
  0x000001ffe897b800 JavaThread "ForkJoinPool.commonPool-worker-1" daemon [_thread_blocked, id=6432, stack(0x000000f96a400000,0x000000f96a500000)]
  0x000001ffe8976000 JavaThread "Daemon Thread 4" [_thread_blocked, id=3340, stack(0x000000f95f900000,0x000000f95fa00000)]
  0x000001ffe8974800 JavaThread "Handler for socket connection from /127.0.0.1:52706 to /127.0.0.1:53378" [_thread_in_native, id=12584, stack(0x000000f95fa00000,0x000000f95fb00000)]
  0x000001ffe8979000 JavaThread "Cancel handler" [_thread_blocked, id=2608, stack(0x000000f95fb00000,0x000000f95fc00000)]
  0x000001ffe8973800 JavaThread "Daemon worker Thread 4" [_thread_blocked, id=4244, stack(0x000000f961300000,0x000000f961400000)]
  0x000001ffe8975000 JavaThread "Asynchronous log dispatcher for DefaultDaemonConnection: socket connection from /127.0.0.1:52706 to /127.0.0.1:53378" [_thread_blocked, id=9004, stack(0x000000f961400000,0x000000f961500000)]
  0x000001ffe897c800 JavaThread "Stdin handler" [_thread_blocked, id=13128, stack(0x000000f961500000,0x000000f961600000)]
  0x000001ffe8977800 JavaThread "Daemon client event forwarder" [_thread_blocked, id=12228, stack(0x000000f961600000,0x000000f961700000)]
  0x000001ffe8977000 JavaThread "Cache worker for checksums cache (C:\Users\jonat\AndroidStudioProjects\Projeto\.gradle\7.5\checksums)" [_thread_blocked, id=7680, stack(0x000000f961800000,0x000000f961900000)]
  0x000001ffe897e000 JavaThread "Cache worker for cache directory md-rule (C:\Users\jonat\.gradle\caches\7.5\md-rule)" [_thread_blocked, id=9644, stack(0x000000f961900000,0x000000f961a00000)]
  0x000001ffe897d800 JavaThread "Cache worker for file hash cache (C:\Users\jonat\AndroidStudioProjects\Projeto\.gradle\7.5\fileHashes)" [_thread_blocked, id=14716, stack(0x000000f962500000,0x000000f962600000)]
  0x000001ffe8978800 JavaThread "Cache worker for cache directory md-supplier (C:\Users\jonat\.gradle\caches\7.5\md-supplier)" [_thread_blocked, id=7404, stack(0x000000f962600000,0x000000f962700000)]
  0x000001ffe897f000 JavaThread "Cache worker for dependencies-accessors (C:\Users\jonat\AndroidStudioProjects\Projeto\.gradle\7.5\dependencies-accessors)" [_thread_blocked, id=284, stack(0x000000f962800000,0x000000f962900000)]
  0x000001ffe897b000 JavaThread "Cache worker for Build Output Cleanup Cache (C:\Users\jonat\AndroidStudioProjects\Projeto\.gradle\buildOutputCleanup)" [_thread_blocked, id=14944, stack(0x000000f962900000,0x000000f962a00000)]
  0x000001ffe6f87000 JavaThread "C2 CompilerThread1" daemon [_thread_blocked, id=9532, stack(0x000000f962e00000,0x000000f962f00000)]
  0x000001ffe8cb8800 JavaThread "C2 CompilerThread2" daemon [_thread_blocked, id=10088, stack(0x000000f963000000,0x000000f963100000)]
  0x000001ffe897f800 JavaThread "Unconstrained build operations" [_thread_blocked, id=9332, stack(0x000000f963100000,0x000000f963200000)]
  0x000001ffe897a000 JavaThread "Unconstrained build operations Thread 2" [_thread_blocked, id=14140, stack(0x000000f963200000,0x000000f963300000)]
  0x000001ffe8980800 JavaThread "Unconstrained build operations Thread 3" [_thread_blocked, id=860, stack(0x000000f963300000,0x000000f963400000)]
  0x000001ffe8981800 JavaThread "Unconstrained build operations Thread 4" [_thread_blocked, id=6860, stack(0x000000f963400000,0x000000f963500000)]
  0x000001ffe8982000 JavaThread "Unconstrained build operations Thread 5" [_thread_blocked, id=9096, stack(0x000000f963500000,0x000000f963600000)]
  0x000001ffe5633800 JavaThread "Unconstrained build operations Thread 6" [_thread_blocked, id=11852, stack(0x000000f963600000,0x000000f963700000)]
  0x000001ffe562e800 JavaThread "Unconstrained build operations Thread 7" [_thread_blocked, id=1768, stack(0x000000f963700000,0x000000f963800000)]
  0x000001ffe5630000 JavaThread "Unconstrained build operations Thread 8" [_thread_blocked, id=8140, stack(0x000000f963800000,0x000000f963900000)]
  0x000001ffe5632000 JavaThread "Unconstrained build operations Thread 9" [_thread_blocked, id=4400, stack(0x000000f963900000,0x000000f963a00000)]
  0x000001ffe5634000 JavaThread "Unconstrained build operations Thread 10" [_thread_blocked, id=13480, stack(0x000000f963a00000,0x000000f963b00000)]
  0x000001ffe5635000 JavaThread "Unconstrained build operations Thread 11" [_thread_blocked, id=8216, stack(0x000000f963b00000,0x000000f963c00000)]
  0x000001ffe5636800 JavaThread "Unconstrained build operations Thread 12" [_thread_blocked, id=2112, stack(0x000000f963c00000,0x000000f963d00000)]
  0x000001ffe5636000 JavaThread "Unconstrained build operations Thread 13" [_thread_blocked, id=2036, stack(0x000000f963d00000,0x000000f963e00000)]
  0x000001ffe5631000 JavaThread "Unconstrained build operations Thread 14" [_thread_blocked, id=356, stack(0x000000f963e00000,0x000000f963f00000)]
  0x000001ffe5632800 JavaThread "Unconstrained build operations Thread 15" [_thread_blocked, id=9660, stack(0x000000f963f00000,0x000000f964000000)]
  0x000001ffe563a000 JavaThread "Unconstrained build operations Thread 16" [_thread_blocked, id=11700, stack(0x000000f964000000,0x000000f964100000)]
  0x000001ffe563c800 JavaThread "Unconstrained build operations Thread 17" [_thread_blocked, id=6728, stack(0x000000f964100000,0x000000f964200000)]
  0x000001ffe563a800 JavaThread "Unconstrained build operations Thread 18" [_thread_blocked, id=2408, stack(0x000000f964200000,0x000000f964300000)]
  0x000001ffe563d000 JavaThread "Unconstrained build operations Thread 19" [_thread_blocked, id=7480, stack(0x000000f964300000,0x000000f964400000)]
  0x000001ffe563b800 JavaThread "Unconstrained build operations Thread 20" [_thread_blocked, id=1576, stack(0x000000f964400000,0x000000f964500000)]
  0x000001ffe5637800 JavaThread "Unconstrained build operations Thread 21" [_thread_blocked, id=10416, stack(0x000000f964500000,0x000000f964600000)]
  0x000001ffe5638800 JavaThread "Unconstrained build operations Thread 22" [_thread_blocked, id=8248, stack(0x000000f964600000,0x000000f964700000)]
  0x000001ffe5639000 JavaThread "Unconstrained build operations Thread 23" [_thread_blocked, id=15088, stack(0x000000f964700000,0x000000f964800000)]
  0x000001ffe3dc0000 JavaThread "Unconstrained build operations Thread 24" [_thread_blocked, id=1548, stack(0x000000f964800000,0x000000f964900000)]
  0x000001ffe3dc2800 JavaThread "Unconstrained build operations Thread 25" [_thread_blocked, id=7152, stack(0x000000f964900000,0x000000f964a00000)]
  0x000001ffe3dc1000 JavaThread "Unconstrained build operations Thread 26" [_thread_blocked, id=4608, stack(0x000000f964a00000,0x000000f964b00000)]
  0x000001ffe3dc4000 JavaThread "Unconstrained build operations Thread 27" [_thread_blocked, id=12480, stack(0x000000f964b00000,0x000000f964c00000)]
  0x000001ffe3dc2000 JavaThread "Unconstrained build operations Thread 28" [_thread_blocked, id=240, stack(0x000000f964c00000,0x000000f964d00000)]
  0x000001ffe3dc3800 JavaThread "Unconstrained build operations Thread 29" [_thread_blocked, id=6196, stack(0x000000f964d00000,0x000000f964e00000)]
  0x000001ffe3dbe800 JavaThread "Unconstrained build operations Thread 30" [_thread_blocked, id=6308, stack(0x000000f964e00000,0x000000f964f00000)]
  0x000001ffe3dc5000 JavaThread "Unconstrained build operations Thread 31" [_thread_blocked, id=3924, stack(0x000000f964f00000,0x000000f965000000)]
  0x000001ffe3dbf800 JavaThread "Unconstrained build operations Thread 32" [_thread_blocked, id=9956, stack(0x000000f965000000,0x000000f965100000)]
  0x000001ffe3dca000 JavaThread "Unconstrained build operations Thread 33" [_thread_blocked, id=12716, stack(0x000000f965100000,0x000000f965200000)]
  0x000001ffe3dc8800 JavaThread "Unconstrained build operations Thread 34" [_thread_blocked, id=2264, stack(0x000000f965200000,0x000000f965300000)]
  0x000001ffe3dc9000 JavaThread "Unconstrained build operations Thread 35" [_thread_blocked, id=12756, stack(0x000000f965300000,0x000000f965400000)]
  0x000001ffe3dcb000 JavaThread "Unconstrained build operations Thread 36" [_thread_blocked, id=7872, stack(0x000000f965400000,0x000000f965500000)]
  0x000001ffe3dcb800 JavaThread "Unconstrained build operations Thread 37" [_thread_blocked, id=11348, stack(0x000000f965500000,0x000000f965600000)]
  0x000001ffe3dc6000 JavaThread "Unconstrained build operations Thread 38" [_thread_blocked, id=10256, stack(0x000000f965600000,0x000000f965700000)]
  0x000001ffe3dc6800 JavaThread "Unconstrained build operations Thread 39" [_thread_blocked, id=12500, stack(0x000000f965700000,0x000000f965800000)]
  0x000001ffe3dcc800 JavaThread "Unconstrained build operations Thread 40" [_thread_blocked, id=8, stack(0x000000f965800000,0x000000f965900000)]
  0x000001ffe3dcd000 JavaThread "Unconstrained build operations Thread 41" [_thread_blocked, id=14092, stack(0x000000f965900000,0x000000f965a00000)]
  0x000001ffe500c000 JavaThread "Unconstrained build operations Thread 42" [_thread_blocked, id=6076, stack(0x000000f965a00000,0x000000f965b00000)]
  0x000001ffe5009000 JavaThread "Unconstrained build operations Thread 43" [_thread_blocked, id=13996, stack(0x000000f965b00000,0x000000f965c00000)]
  0x000001ffe500d000 JavaThread "Unconstrained build operations Thread 44" [_thread_blocked, id=544, stack(0x000000f965c00000,0x000000f965d00000)]
  0x000001ffe500e000 JavaThread "Unconstrained build operations Thread 45" [_thread_blocked, id=1640, stack(0x000000f965d00000,0x000000f965e00000)]
  0x000001ffe5009800 JavaThread "Unconstrained build operations Thread 46" [_thread_blocked, id=6880, stack(0x000000f965e00000,0x000000f965f00000)]
  0x000001ffe500a800 JavaThread "Unconstrained build operations Thread 47" [_thread_blocked, id=14496, stack(0x000000f965f00000,0x000000f966000000)]
  0x000001ffe500b800 JavaThread "Unconstrained build operations Thread 48" [_thread_blocked, id=9708, stack(0x000000f966000000,0x000000f966100000)]
  0x000001ffe5008000 JavaThread "Unconstrained build operations Thread 49" [_thread_blocked, id=15096, stack(0x000000f966100000,0x000000f966200000)]
  0x000001ffe500f800 JavaThread "Unconstrained build operations Thread 50" [_thread_blocked, id=2432, stack(0x000000f966200000,0x000000f966300000)]
  0x000001ffe5014800 JavaThread "Unconstrained build operations Thread 51" [_thread_blocked, id=8740, stack(0x000000f966300000,0x000000f966400000)]
  0x000001ffe5012800 JavaThread "Unconstrained build operations Thread 52" [_thread_blocked, id=8612, stack(0x000000f966400000,0x000000f966500000)]
  0x000001ffe5013800 JavaThread "Unconstrained build operations Thread 53" [_thread_blocked, id=12180, stack(0x000000f966500000,0x000000f966600000)]
  0x000001ffe500e800 JavaThread "Unconstrained build operations Thread 54" [_thread_blocked, id=1464, stack(0x000000f966600000,0x000000f966700000)]
  0x000001ffe5011000 JavaThread "Unconstrained build operations Thread 55" [_thread_blocked, id=6688, stack(0x000000f966700000,0x000000f966800000)]
  0x000001ffe5015000 JavaThread "Unconstrained build operations Thread 56" [_thread_blocked, id=9924, stack(0x000000f966800000,0x000000f966900000)]
  0x000001ffe5010800 JavaThread "Unconstrained build operations Thread 57" [_thread_blocked, id=14264, stack(0x000000f966900000,0x000000f966a00000)]
  0x000001ffe5017000 JavaThread "Unconstrained build operations Thread 58" [_thread_blocked, id=8688, stack(0x000000f966a00000,0x000000f966b00000)]
  0x000001ffe5012000 JavaThread "Unconstrained build operations Thread 59" [_thread_blocked, id=7320, stack(0x000000f966b00000,0x000000f966c00000)]
  0x000001ffe6ce0000 JavaThread "Unconstrained build operations Thread 60" [_thread_blocked, id=4592, stack(0x000000f966c00000,0x000000f966d00000)]
  0x000001ffe6ce0800 JavaThread "Unconstrained build operations Thread 61" [_thread_blocked, id=15200, stack(0x000000f966d00000,0x000000f966e00000)]
  0x000001ffe6ce1800 JavaThread "Unconstrained build operations Thread 62" [_thread_blocked, id=14220, stack(0x000000f966e00000,0x000000f966f00000)]
  0x000001ffe6ce2800 JavaThread "Unconstrained build operations Thread 63" [_thread_blocked, id=10068, stack(0x000000f966f00000,0x000000f967000000)]
  0x000001ffe6ce3000 JavaThread "Unconstrained build operations Thread 64" [_thread_blocked, id=13660, stack(0x000000f967000000,0x000000f967100000)]
  0x000001ffe6ce4000 JavaThread "Unconstrained build operations Thread 65" [_thread_blocked, id=13708, stack(0x000000f967100000,0x000000f967200000)]
  0x000001ffe6ce4800 JavaThread "Unconstrained build operations Thread 66" [_thread_blocked, id=13000, stack(0x000000f967200000,0x000000f967300000)]
  0x000001ffe6cdf000 JavaThread "Unconstrained build operations Thread 67" [_thread_blocked, id=13668, stack(0x000000f967300000,0x000000f967400000)]
  0x000001ffe6ce5800 JavaThread "Unconstrained build operations Thread 68" [_thread_blocked, id=8672, stack(0x000000f967400000,0x000000f967500000)]
  0x000001ffe6ce9000 JavaThread "Unconstrained build operations Thread 69" [_thread_blocked, id=2648, stack(0x000000f967500000,0x000000f967600000)]
  0x000001ffe6cea800 JavaThread "Unconstrained build operations Thread 70" [_thread_blocked, id=12640, stack(0x000000f967600000,0x000000f967700000)]
  0x000001ffe6ce7000 JavaThread "Unconstrained build operations Thread 71" [_thread_blocked, id=11860, stack(0x000000f967700000,0x000000f967800000)]
  0x000001ffe6ceb800 JavaThread "Unconstrained build operations Thread 72" [_thread_blocked, id=12776, stack(0x000000f967800000,0x000000f967900000)]
  0x000001ffe6ce6800 JavaThread "Unconstrained build operations Thread 73" [_thread_blocked, id=12792, stack(0x000000f967900000,0x000000f967a00000)]
  0x000001ffe6ce8000 JavaThread "Unconstrained build operations Thread 74" [_thread_blocked, id=9412, stack(0x000000f967a00000,0x000000f967b00000)]
  0x000001ffe6ce9800 JavaThread "Unconstrained build operations Thread 75" [_thread_blocked, id=3388, stack(0x000000f967b00000,0x000000f967c00000)]
  0x000001ffe6cec000 JavaThread "Unconstrained build operations Thread 76" [_thread_blocked, id=15296, stack(0x000000f967c00000,0x000000f967d00000)]
  0x000001ffe6ced000 JavaThread "Unconstrained build operations Thread 77" [_thread_blocked, id=9852, stack(0x000000f967d00000,0x000000f967e00000)]
  0x000001ffeb371800 JavaThread "Unconstrained build operations Thread 78" [_thread_blocked, id=11888, stack(0x000000f967e00000,0x000000f967f00000)]
  0x000001ffeb370800 JavaThread "Unconstrained build operations Thread 79" [_thread_blocked, id=12592, stack(0x000000f967f00000,0x000000f968000000)]
  0x000001ffeb36e000 JavaThread "Unconstrained build operations Thread 80" [_thread_blocked, id=2596, stack(0x000000f968000000,0x000000f968100000)]
  0x000001ffeb36f000 JavaThread "build event listener" [_thread_blocked, id=9524, stack(0x000000f968100000,0x000000f968200000)]
  0x000001ffeb36b800 JavaThread "included builds" [_thread_blocked, id=3456, stack(0x000000f968600000,0x000000f968700000)]
  0x000001ffeb36c800 JavaThread "Execution worker" [_thread_blocked, id=5480, stack(0x000000f968700000,0x000000f968800000)]
  0x000001ffeb36f800 JavaThread "Execution worker Thread 2" [_thread_blocked, id=6504, stack(0x000000f968800000,0x000000f968900000)]
  0x000001ffeb36d000 JavaThread "Execution worker Thread 3" [_thread_blocked, id=5500, stack(0x000000f968900000,0x000000f968a00000)]
  0x000001ffeb379800 JavaThread "Execution worker Thread 4" [_thread_blocked, id=14976, stack(0x000000f968a00000,0x000000f968b00000)]
  0x000001ffeb37a800 JavaThread "Execution worker Thread 5" [_thread_blocked, id=6428, stack(0x000000f968b00000,0x000000f968c00000)]
  0x000001ffeb376000 JavaThread "Execution worker Thread 6" [_thread_blocked, id=2752, stack(0x000000f968c00000,0x000000f968d00000)]
  0x000001ffeb374800 JavaThread "Execution worker Thread 7" [_thread_blocked, id=12056, stack(0x000000f968d00000,0x000000f968e00000)]
  0x000001ffeb377000 JavaThread "Cache worker for execution history cache (C:\Users\jonat\AndroidStudioProjects\Projeto\.gradle\7.5\executionHistory)" [_thread_blocked, id=4124, stack(0x000000f968e00000,0x000000f968f00000)]

Other Threads:
  0x000001ffe0d7c800 VMThread "VM Thread" [stack: 0x000000f960200000,0x000000f960300000] [id=5580]
  0x000001ffe1798000 WatcherThread [stack: 0x000000f960c00000,0x000000f960d00000] [id=11872]
  0x000001ffc68ac800 GCTaskThread "GC Thread#0" [stack: 0x000000f95fd00000,0x000000f95fe00000] [id=12300]
  0x000001ffe2771000 GCTaskThread "GC Thread#1" [stack: 0x000000f960f00000,0x000000f961000000] [id=11364]
  0x000001ffe278d000 GCTaskThread "GC Thread#2" [stack: 0x000000f961000000,0x000000f961100000] [id=1172]
  0x000001ffe24a8000 GCTaskThread "GC Thread#3" [stack: 0x000000f961100000,0x000000f961200000] [id=2476]
=>0x000001ffe3912800 GCTaskThread "GC Thread#4" [stack: 0x000000f961c00000,0x000000f961d00000] [id=7424]
  0x000001ffe2c27800 GCTaskThread "GC Thread#5" [stack: 0x000000f961d00000,0x000000f961e00000] [id=3484]
  0x000001ffe3170000 GCTaskThread "GC Thread#6" [stack: 0x000000f961e00000,0x000000f961f00000] [id=4660]
  0x000001ffe2c2a800 GCTaskThread "GC Thread#7" [stack: 0x000000f961f00000,0x000000f962000000] [id=2688]
  0x000001ffc68dd800 ConcurrentGCThread "G1 Main Marker" [stack: 0x000000f95fe00000,0x000000f95ff00000] [id=1072]
  0x000001ffc68e0000 ConcurrentGCThread "G1 Conc#0" [stack: 0x000000f95ff00000,0x000000f960000000] [id=3704]
  0x000001ffe209d800 ConcurrentGCThread "G1 Conc#1" [stack: 0x000000f962000000,0x000000f962100000] [id=9796]
  0x000001ffe0bc4800 ConcurrentGCThread "G1 Refine#0" [stack: 0x000000f960000000,0x000000f960100000] [id=1832]
  0x000001ffe0bc5000 ConcurrentGCThread "G1 Young RemSet Sampling" [stack: 0x000000f960100000,0x000000f960200000] [id=8312]

Threads with active compile tasks:
C2 CompilerThread0   521755 19889   !   4       org.gradle.internal.resources.DefaultResourceLockCoordinationService::withStateLock (269 bytes)
C2 CompilerThread1   521755 19752       4       org.gradle.api.internal.artifacts.ivyservice.resolveengine.result.ResolvedVariantResultSerializer::read (132 bytes)
C2 CompilerThread2   521755 19892       4       org.gradle.internal.component.model.ComponentAttributeMatcher::match (259 bytes)

VM state:at safepoint (normal execution)

VM Mutex/Monitor currently owned by a thread:  ([mutex/lock_event])
[0x000001ffc688dbb0] Threads_lock - owner thread: 0x000001ffe0d7c800
[0x000001ffc688d100] Heap_lock - owner thread: 0x000001ffeb36c800

Heap address: 0x0000000080000000, size: 2048 MB, Compressed Oops mode: 32-bit
Narrow klass base: 0x0000000000000000, Narrow klass shift: 3
Compressed class space size: 1073741824 Address: 0x0000000100000000

Heap:
 garbage-first heap   total 196608K, used 161880K [0x0000000080000000, 0x0000000100000000)
  region size 1024K, 50 young (51200K), 6 survivors (6144K)
 Metaspace       used 123169K, capacity 127110K, committed 130480K, reserved 1161216K
  class space    used 15821K, capacity 17307K, committed 18688K, reserved 1048576K
Heap Regions: E=young(eden), S=young(survivor), O=old, HS=humongous(starts), HC=humongous(continues), CS=collection set, F=free, A=archive, TAMS=top-at-mark-start (previous, next)
|   0|0x0000000080000000, 0x0000000080100000, 0x0000000080100000|100%| O|  |TAMS 0x0000000080100000, 0x0000000080000000| Untracked 
|   1|0x0000000080100000, 0x0000000080200000, 0x0000000080200000|100%| O|  |TAMS 0x0000000080200000, 0x0000000080100000| Untracked 
|   2|0x0000000080200000, 0x0000000080300000, 0x0000000080300000|100%| O|  |TAMS 0x0000000080300000, 0x0000000080200000| Untracked 
|   3|0x0000000080300000, 0x0000000080400000, 0x0000000080400000|100%|HS|  |TAMS 0x0000000080400000, 0x0000000080300000| Complete 
|   4|0x0000000080400000, 0x0000000080500000, 0x0000000080500000|100%|HC|  |TAMS 0x0000000080500000, 0x0000000080400000| Complete 
|   5|0x0000000080500000, 0x0000000080600000, 0x0000000080600000|100%|HC|  |TAMS 0x0000000080600000, 0x0000000080500000| Complete 
|   6|0x0000000080600000, 0x0000000080700000, 0x0000000080700000|100%| O|  |TAMS 0x0000000080700000, 0x0000000080600000| Untracked 
|   7|0x0000000080700000, 0x0000000080800000, 0x0000000080800000|100%| O|  |TAMS 0x0000000080800000, 0x0000000080700000| Untracked 
|   8|0x0000000080800000, 0x0000000080900000, 0x0000000080900000|100%| O|  |TAMS 0x0000000080900000, 0x0000000080800000| Untracked 
|   9|0x0000000080900000, 0x0000000080a00000, 0x0000000080a00000|100%| O|  |TAMS 0x0000000080a00000, 0x0000000080900000| Untracked 
|  10|0x0000000080a00000, 0x0000000080b00000, 0x0000000080b00000|100%| O|  |TAMS 0x0000000080b00000, 0x0000000080a00000| Untracked 
|  11|0x0000000080b00000, 0x0000000080c00000, 0x0000000080c00000|100%| O|  |TAMS 0x0000000080c00000, 0x0000000080b00000| Untracked 
|  12|0x0000000080c00000, 0x0000000080d00000, 0x0000000080d00000|100%| O|  |TAMS 0x0000000080d00000, 0x0000000080c00000| Untracked 
|  13|0x0000000080d00000, 0x0000000080e00000, 0x0000000080e00000|100%| O|  |TAMS 0x0000000080e00000, 0x0000000080d00000| Untracked 
|  14|0x0000000080e00000, 0x0000000080f00000, 0x0000000080f00000|100%| O|  |TAMS 0x0000000080f00000, 0x0000000080e00000| Untracked 
|  15|0x0000000080f00000, 0x0000000081000000, 0x0000000081000000|100%| O|  |TAMS 0x0000000081000000, 0x0000000080f00000| Untracked 
|  16|0x0000000081000000, 0x0000000081100000, 0x0000000081100000|100%| O|  |TAMS 0x0000000081100000, 0x0000000081000000| Untracked 
|  17|0x0000000081100000, 0x0000000081200000, 0x0000000081200000|100%|HS|  |TAMS 0x0000000081200000, 0x0000000081100000| Complete 
|  18|0x0000000081200000, 0x0000000081300000, 0x0000000081300000|100%|HS|  |TAMS 0x0000000081300000, 0x0000000081200000| Complete 
|  19|0x0000000081300000, 0x0000000081400000, 0x0000000081400000|100%|HS|  |TAMS 0x0000000081400000, 0x0000000081300000| Complete 
|  20|0x0000000081400000, 0x0000000081500000, 0x0000000081500000|100%| O|  |TAMS 0x0000000081500000, 0x0000000081400000| Untracked 
|  21|0x0000000081500000, 0x0000000081600000, 0x0000000081600000|100%| O|  |TAMS 0x0000000081600000, 0x0000000081500000| Untracked 
|  22|0x0000000081600000, 0x0000000081700000, 0x0000000081700000|100%| O|  |TAMS 0x0000000081700000, 0x0000000081600000| Untracked 
|  23|0x0000000081700000, 0x0000000081800000, 0x0000000081800000|100%| O|  |TAMS 0x0000000081800000, 0x0000000081700000| Untracked 
|  24|0x0000000081800000, 0x0000000081900000, 0x0000000081900000|100%| O|  |TAMS 0x0000000081900000, 0x0000000081800000| Untracked 
|  25|0x0000000081900000, 0x0000000081a00000, 0x0000000081a00000|100%|HS|  |TAMS 0x0000000081a00000, 0x0000000081900000| Complete 
|  26|0x0000000081a00000, 0x0000000081b00000, 0x0000000081b00000|100%|HC|  |TAMS 0x0000000081b00000, 0x0000000081a00000| Complete 
|  27|0x0000000081b00000, 0x0000000081c00000, 0x0000000081c00000|100%|HC|  |TAMS 0x0000000081c00000, 0x0000000081b00000| Complete 
|  28|0x0000000081c00000, 0x0000000081d00000, 0x0000000081d00000|100%| O|  |TAMS 0x0000000081d00000, 0x0000000081c00000| Untracked 
|  29|0x0000000081d00000, 0x0000000081e00000, 0x0000000081e00000|100%| O|  |TAMS 0x0000000081e00000, 0x0000000081d00000| Untracked 
|  30|0x0000000081e00000, 0x0000000081f00000, 0x0000000081f00000|100%| O|  |TAMS 0x0000000081f00000, 0x0000000081e00000| Untracked 
|  31|0x0000000081f00000, 0x0000000082000000, 0x0000000082000000|100%| O|  |TAMS 0x0000000082000000, 0x0000000081f00000| Untracked 
|  32|0x0000000082000000, 0x0000000082100000, 0x0000000082100000|100%| O|  |TAMS 0x0000000082100000, 0x0000000082000000| Untracked 
|  33|0x0000000082100000, 0x0000000082200000, 0x0000000082200000|100%| O|  |TAMS 0x0000000082200000, 0x0000000082100000| Untracked 
|  34|0x0000000082200000, 0x0000000082300000, 0x0000000082300000|100%| O|  |TAMS 0x0000000082300000, 0x0000000082200000| Untracked 
|  35|0x0000000082300000, 0x0000000082400000, 0x0000000082400000|100%| O|  |TAMS 0x0000000082400000, 0x0000000082300000| Untracked 
|  36|0x0000000082400000, 0x0000000082500000, 0x0000000082500000|100%| O|  |TAMS 0x0000000082500000, 0x0000000082400000| Untracked 
|  37|0x0000000082500000, 0x0000000082600000, 0x0000000082600000|100%| O|  |TAMS 0x0000000082600000, 0x0000000082500000| Untracked 
|  38|0x0000000082600000, 0x0000000082700000, 0x0000000082700000|100%| O|  |TAMS 0x0000000082700000, 0x0000000082600000| Untracked 
|  39|0x0000000082700000, 0x0000000082800000, 0x0000000082800000|100%| O|  |TAMS 0x0000000082800000, 0x0000000082700000| Untracked 
|  40|0x0000000082800000, 0x0000000082900000, 0x0000000082900000|100%| O|  |TAMS 0x0000000082900000, 0x0000000082800000| Untracked 
|  41|0x0000000082900000, 0x0000000082a00000, 0x0000000082a00000|100%| O|  |TAMS 0x0000000082a00000, 0x0000000082900000| Untracked 
|  42|0x0000000082a00000, 0x0000000082b00000, 0x0000000082b00000|100%| O|  |TAMS 0x0000000082b00000, 0x0000000082a00000| Untracked 
|  43|0x0000000082b00000, 0x0000000082c00000, 0x0000000082c00000|100%| O|  |TAMS 0x0000000082c00000, 0x0000000082b00000| Untracked 
|  44|0x0000000082c00000, 0x0000000082d00000, 0x0000000082d00000|100%| O|  |TAMS 0x0000000082d00000, 0x0000000082c00000| Untracked 
|  45|0x0000000082d00000, 0x0000000082e00000, 0x0000000082e00000|100%| O|  |TAMS 0x0000000082e00000, 0x0000000082d00000| Untracked 
|  46|0x0000000082e00000, 0x0000000082f00000, 0x0000000082f00000|100%| O|  |TAMS 0x0000000082f00000, 0x0000000082e00000| Untracked 
|  47|0x0000000082f00000, 0x0000000083000000, 0x0000000083000000|100%| O|  |TAMS 0x0000000083000000, 0x0000000082f00000| Untracked 
|  48|0x0000000083000000, 0x0000000083100000, 0x0000000083100000|100%| O|  |TAMS 0x0000000083100000, 0x0000000083000000| Untracked 
|  49|0x0000000083100000, 0x0000000083200000, 0x0000000083200000|100%| O|  |TAMS 0x0000000083200000, 0x0000000083100000| Untracked 
|  50|0x0000000083200000, 0x0000000083300000, 0x0000000083300000|100%| O|  |TAMS 0x0000000083300000, 0x0000000083200000| Untracked 
|  51|0x0000000083300000, 0x0000000083400000, 0x0000000083400000|100%| O|  |TAMS 0x0000000083400000, 0x0000000083300000| Untracked 
|  52|0x0000000083400000, 0x0000000083500000, 0x0000000083500000|100%| O|  |TAMS 0x0000000083500000, 0x0000000083400000| Untracked 
|  53|0x0000000083500000, 0x000000008356e6d0, 0x0000000083600000| 43%| O|  |TAMS 0x0000000083500000, 0x0000000083500000| Untracked 
|  54|0x0000000083600000, 0x0000000083700000, 0x0000000083700000|100%| O|  |TAMS 0x0000000083700000, 0x0000000083600000| Untracked 
|  55|0x0000000083700000, 0x0000000083800000, 0x0000000083800000|100%| O|  |TAMS 0x0000000083800000, 0x0000000083700000| Untracked 
|  56|0x0000000083800000, 0x0000000083900000, 0x0000000083900000|100%| O|  |TAMS 0x0000000083900000, 0x0000000083800000| Untracked 
|  57|0x0000000083900000, 0x0000000083a00000, 0x0000000083a00000|100%| O|  |TAMS 0x0000000083a00000, 0x0000000083900000| Untracked 
|  58|0x0000000083a00000, 0x0000000083b00000, 0x0000000083b00000|100%| O|  |TAMS 0x0000000083b00000, 0x0000000083a00000| Untracked 
|  59|0x0000000083b00000, 0x0000000083c00000, 0x0000000083c00000|100%| O|  |TAMS 0x0000000083c00000, 0x0000000083b00000| Untracked 
|  60|0x0000000083c00000, 0x0000000083d00000, 0x0000000083d00000|100%| O|  |TAMS 0x0000000083d00000, 0x0000000083c00000| Untracked 
|  61|0x0000000083d00000, 0x0000000083e00000, 0x0000000083e00000|100%| O|  |TAMS 0x0000000083e00000, 0x0000000083d00000| Untracked 
|  62|0x0000000083e00000, 0x0000000083f00000, 0x0000000083f00000|100%| O|  |TAMS 0x0000000083f00000, 0x0000000083e00000| Untracked 
|  63|0x0000000083f00000, 0x0000000084000000, 0x0000000084000000|100%| O|  |TAMS 0x0000000084000000, 0x0000000083f00000| Untracked 
|  64|0x0000000084000000, 0x0000000084100000, 0x0000000084100000|100%| O|  |TAMS 0x0000000084100000, 0x0000000084000000| Untracked 
|  65|0x0000000084100000, 0x0000000084200000, 0x0000000084200000|100%| O|  |TAMS 0x0000000084200000, 0x0000000084100000| Untracked 
|  66|0x0000000084200000, 0x0000000084300000, 0x0000000084300000|100%| O|  |TAMS 0x0000000084300000, 0x0000000084200000| Untracked 
|  67|0x0000000084300000, 0x0000000084400000, 0x0000000084400000|100%| O|  |TAMS 0x0000000084400000, 0x0000000084300000| Untracked 
|  68|0x0000000084400000, 0x0000000084500000, 0x0000000084500000|100%| O|  |TAMS 0x0000000084500000, 0x0000000084400000| Untracked 
|  69|0x0000000084500000, 0x0000000084600000, 0x0000000084600000|100%| O|  |TAMS 0x0000000084600000, 0x0000000084500000| Untracked 
|  70|0x0000000084600000, 0x0000000084700000, 0x0000000084700000|100%| O|  |TAMS 0x0000000084700000, 0x0000000084600000| Untracked 
|  71|0x0000000084700000, 0x0000000084800000, 0x0000000084800000|100%| O|  |TAMS 0x0000000084800000, 0x0000000084700000| Untracked 
|  72|0x0000000084800000, 0x0000000084900000, 0x0000000084900000|100%| O|  |TAMS 0x0000000084900000, 0x0000000084800000| Untracked 
|  73|0x0000000084900000, 0x0000000084a00000, 0x0000000084a00000|100%| O|  |TAMS 0x0000000084a00000, 0x0000000084900000| Untracked 
|  74|0x0000000084a00000, 0x0000000084b00000, 0x0000000084b00000|100%| O|  |TAMS 0x0000000084b00000, 0x0000000084a00000| Untracked 
|  75|0x0000000084b00000, 0x0000000084c00000, 0x0000000084c00000|100%| O|  |TAMS 0x0000000084c00000, 0x0000000084b00000| Untracked 
|  76|0x0000000084c00000, 0x0000000084d00000, 0x0000000084d00000|100%| O|  |TAMS 0x0000000084d00000, 0x0000000084c00000| Untracked 
|  77|0x0000000084d00000, 0x0000000084e00000, 0x0000000084e00000|100%| O|  |TAMS 0x0000000084e00000, 0x0000000084d00000| Untracked 
|  78|0x0000000084e00000, 0x0000000084f00000, 0x0000000084f00000|100%| O|  |TAMS 0x0000000084f00000, 0x0000000084e00000| Untracked 
|  79|0x0000000084f00000, 0x0000000085000000, 0x0000000085000000|100%| O|  |TAMS 0x0000000085000000, 0x0000000084f00000| Untracked 
|  80|0x0000000085000000, 0x0000000085100000, 0x0000000085100000|100%| O|  |TAMS 0x0000000085100000, 0x0000000085000000| Untracked 
|  81|0x0000000085100000, 0x0000000085200000, 0x0000000085200000|100%| O|  |TAMS 0x0000000085200000, 0x0000000085100000| Untracked 
|  82|0x0000000085200000, 0x0000000085300000, 0x0000000085300000|100%| O|  |TAMS 0x0000000085300000, 0x0000000085200000| Untracked 
|  83|0x0000000085300000, 0x0000000085400000, 0x0000000085400000|100%| O|  |TAMS 0x0000000085400000, 0x0000000085300000| Untracked 
|  84|0x0000000085400000, 0x0000000085500000, 0x0000000085500000|100%| O|  |TAMS 0x0000000085500000, 0x0000000085400000| Untracked 
|  85|0x0000000085500000, 0x0000000085500000, 0x0000000085600000|  0%| F|  |TAMS 0x0000000085500000, 0x0000000085500000| Untracked 
|  86|0x0000000085600000, 0x0000000085600000, 0x0000000085700000|  0%| F|  |TAMS 0x0000000085600000, 0x0000000085600000| Untracked 
|  87|0x0000000085700000, 0x0000000085800000, 0x0000000085800000|100%| O|  |TAMS 0x0000000085800000, 0x0000000085700000| Untracked 
|  88|0x0000000085800000, 0x0000000085900000, 0x0000000085900000|100%| O|  |TAMS 0x0000000085900000, 0x0000000085800000| Untracked 
|  89|0x0000000085900000, 0x0000000085a00000, 0x0000000085a00000|100%| O|  |TAMS 0x0000000085a00000, 0x0000000085900000| Untracked 
|  90|0x0000000085a00000, 0x0000000085b00000, 0x0000000085b00000|100%| O|  |TAMS 0x0000000085b00000, 0x0000000085a00000| Untracked 
|  91|0x0000000085b00000, 0x0000000085b00000, 0x0000000085c00000|  0%| F|  |TAMS 0x0000000085b00000, 0x0000000085b00000| Untracked 
|  92|0x0000000085c00000, 0x0000000085d00000, 0x0000000085d00000|100%| O|  |TAMS 0x0000000085d00000, 0x0000000085c00000| Untracked 
|  93|0x0000000085d00000, 0x0000000085e00000, 0x0000000085e00000|100%| O|  |TAMS 0x0000000085e00000, 0x0000000085d00000| Untracked 
|  94|0x0000000085e00000, 0x0000000085f00000, 0x0000000085f00000|100%| O|  |TAMS 0x0000000085e49c00, 0x0000000085e00000| Untracked 
|  95|0x0000000085f00000, 0x0000000086000000, 0x0000000086000000|100%| O|  |TAMS 0x0000000085f00000, 0x0000000085f00000| Untracked 
|  96|0x0000000086000000, 0x0000000086100000, 0x0000000086100000|100%| O|  |TAMS 0x0000000086100000, 0x0000000086000000| Untracked 
|  97|0x0000000086100000, 0x0000000086200000, 0x0000000086200000|100%| O|  |TAMS 0x0000000086200000, 0x0000000086100000| Untracked 
|  98|0x0000000086200000, 0x0000000086300000, 0x0000000086300000|100%| O|  |TAMS 0x0000000086200000, 0x0000000086200000| Untracked 
|  99|0x0000000086300000, 0x0000000086400000, 0x0000000086400000|100%| O|  |TAMS 0x0000000086400000, 0x0000000086300000| Untracked 
| 100|0x0000000086400000, 0x0000000086500000, 0x0000000086500000|100%| O|  |TAMS 0x0000000086400000, 0x0000000086400000| Untracked 
| 101|0x0000000086500000, 0x0000000086600000, 0x0000000086600000|100%| O|  |TAMS 0x0000000086600000, 0x0000000086500000| Untracked 
| 102|0x0000000086600000, 0x0000000086700000, 0x0000000086700000|100%| O|  |TAMS 0x0000000086600000, 0x0000000086600000| Untracked 
| 103|0x0000000086700000, 0x0000000086700000, 0x0000000086800000|  0%| F|  |TAMS 0x0000000086700000, 0x0000000086700000| Untracked 
| 104|0x0000000086800000, 0x0000000086800000, 0x0000000086900000|  0%| F|  |TAMS 0x0000000086800000, 0x0000000086800000| Untracked 
| 105|0x0000000086900000, 0x0000000086a00000, 0x0000000086a00000|100%| O|  |TAMS 0x0000000086900000, 0x0000000086900000| Untracked 
| 106|0x0000000086a00000, 0x0000000086b00000, 0x0000000086b00000|100%| O|  |TAMS 0x0000000086b00000, 0x0000000086a00000| Untracked 
| 107|0x0000000086b00000, 0x0000000086b00000, 0x0000000086c00000|  0%| F|  |TAMS 0x0000000086b00000, 0x0000000086b00000| Untracked 
| 108|0x0000000086c00000, 0x0000000086c00000, 0x0000000086d00000|  0%| F|  |TAMS 0x0000000086c00000, 0x0000000086c00000| Untracked 
| 109|0x0000000086d00000, 0x0000000086d00000, 0x0000000086e00000|  0%| F|  |TAMS 0x0000000086d00000, 0x0000000086d00000| Untracked 
| 110|0x0000000086e00000, 0x0000000086e00000, 0x0000000086f00000|  0%| F|  |TAMS 0x0000000086e00000, 0x0000000086e00000| Untracked 
| 111|0x0000000086f00000, 0x0000000086f00000, 0x0000000087000000|  0%| F|  |TAMS 0x0000000086f00000, 0x0000000086f00000| Untracked 
| 112|0x0000000087000000, 0x0000000087000000, 0x0000000087100000|  0%| F|  |TAMS 0x0000000087000000, 0x0000000087000000| Untracked 
| 113|0x0000000087100000, 0x0000000087100000, 0x0000000087200000|  0%| F|  |TAMS 0x0000000087100000, 0x0000000087100000| Untracked 
| 114|0x0000000087200000, 0x0000000087200000, 0x0000000087300000|  0%| F|  |TAMS 0x0000000087200000, 0x0000000087200000| Untracked 
| 115|0x0000000087300000, 0x0000000087300000, 0x0000000087400000|  0%| F|  |TAMS 0x0000000087300000, 0x0000000087300000| Untracked 
| 116|0x0000000087400000, 0x0000000087500000, 0x0000000087500000|100%| O|  |TAMS 0x0000000087500000, 0x0000000087400000| Untracked 
| 117|0x0000000087500000, 0x0000000087600000, 0x0000000087600000|100%| O|  |TAMS 0x0000000087600000, 0x0000000087500000| Untracked 
| 118|0x0000000087600000, 0x0000000087600000, 0x0000000087700000|  0%| F|  |TAMS 0x0000000087600000, 0x0000000087600000| Untracked 
| 119|0x0000000087700000, 0x0000000087800000, 0x0000000087800000|100%| O|  |TAMS 0x0000000087800000, 0x0000000087700000| Untracked 
| 120|0x0000000087800000, 0x0000000087900000, 0x0000000087900000|100%| O|  |TAMS 0x0000000087900000, 0x0000000087800000| Untracked 
| 121|0x0000000087900000, 0x0000000087a00000, 0x0000000087a00000|100%| O|  |TAMS 0x0000000087a00000, 0x0000000087900000| Untracked 
| 122|0x0000000087a00000, 0x0000000087b00000, 0x0000000087b00000|100%| O|  |TAMS 0x0000000087b00000, 0x0000000087a00000| Untracked 
| 123|0x0000000087b00000, 0x0000000087c00000, 0x0000000087c00000|100%| O|  |TAMS 0x0000000087c00000, 0x0000000087b00000| Untracked 
| 124|0x0000000087c00000, 0x0000000087d00000, 0x0000000087d00000|100%| O|  |TAMS 0x0000000087d00000, 0x0000000087c00000| Untracked 
| 125|0x0000000087d00000, 0x0000000087e00000, 0x0000000087e00000|100%| O|  |TAMS 0x0000000087e00000, 0x0000000087d00000| Untracked 
| 126|0x0000000087e00000, 0x0000000087f00000, 0x0000000087f00000|100%| O|  |TAMS 0x0000000087f00000, 0x0000000087e00000| Untracked 
| 127|0x0000000087f00000, 0x0000000087f00000, 0x0000000088000000|  0%| F|  |TAMS 0x0000000087f00000, 0x0000000087f00000| Untracked 
| 128|0x0000000088000000, 0x0000000088100000, 0x0000000088100000|100%| O|  |TAMS 0x0000000088000000, 0x0000000088000000| Untracked 
| 129|0x0000000088100000, 0x0000000088200000, 0x0000000088200000|100%| O|  |TAMS 0x0000000088100000, 0x0000000088100000| Untracked 
| 130|0x0000000088200000, 0x0000000088200000, 0x0000000088300000|  0%| F|  |TAMS 0x0000000088200000, 0x0000000088200000| Untracked 
| 131|0x0000000088300000, 0x0000000088300000, 0x0000000088400000|  0%| F|  |TAMS 0x0000000088300000, 0x0000000088300000| Untracked 
| 132|0x0000000088400000, 0x0000000088400000, 0x0000000088500000|  0%| F|  |TAMS 0x0000000088400000, 0x0000000088400000| Untracked 
| 133|0x0000000088500000, 0x0000000088500000, 0x0000000088600000|  0%| F|  |TAMS 0x0000000088500000, 0x0000000088500000| Untracked 
| 134|0x0000000088600000, 0x0000000088600000, 0x0000000088700000|  0%| F|  |TAMS 0x0000000088600000, 0x0000000088600000| Untracked 
| 135|0x0000000088700000, 0x0000000088700000, 0x0000000088800000|  0%| F|  |TAMS 0x0000000088700000, 0x0000000088700000| Untracked 
| 136|0x0000000088800000, 0x0000000088800000, 0x0000000088900000|  0%| F|  |TAMS 0x0000000088800000, 0x0000000088800000| Untracked 
| 137|0x0000000088900000, 0x0000000088900000, 0x0000000088a00000|  0%| F|  |TAMS 0x0000000088900000, 0x0000000088900000| Untracked 
| 138|0x0000000088a00000, 0x0000000088a00000, 0x0000000088b00000|  0%| F|  |TAMS 0x0000000088a00000, 0x0000000088a00000| Untracked 
| 139|0x0000000088b00000, 0x0000000088b00000, 0x0000000088c00000|  0%| F|  |TAMS 0x0000000088b00000, 0x0000000088b00000| Untracked 
| 140|0x0000000088c00000, 0x0000000088d00000, 0x0000000088d00000|100%| S|  |TAMS 0x0000000088c00000, 0x0000000088c00000| Complete 
| 141|0x0000000088d00000, 0x0000000088e00000, 0x0000000088e00000|100%| S|  |TAMS 0x0000000088d00000, 0x0000000088d00000| Complete 
| 142|0x0000000088e00000, 0x0000000088f00000, 0x0000000088f00000|100%| S|  |TAMS 0x0000000088e00000, 0x0000000088e00000| Complete 
| 143|0x0000000088f00000, 0x0000000089000000, 0x0000000089000000|100%| S|  |TAMS 0x0000000088f00000, 0x0000000088f00000| Complete 
| 144|0x0000000089000000, 0x0000000089100000, 0x0000000089100000|100%| S|  |TAMS 0x0000000089000000, 0x0000000089000000| Complete 
| 145|0x0000000089100000, 0x0000000089200000, 0x0000000089200000|100%| S|  |TAMS 0x0000000089100000, 0x0000000089100000| Complete 
| 146|0x0000000089200000, 0x0000000089300000, 0x0000000089300000|100%| E|CS|TAMS 0x0000000089200000, 0x0000000089200000| Complete 
| 147|0x0000000089300000, 0x0000000089400000, 0x0000000089400000|100%| E|CS|TAMS 0x0000000089300000, 0x0000000089300000| Complete 
| 148|0x0000000089400000, 0x0000000089500000, 0x0000000089500000|100%| E|CS|TAMS 0x0000000089400000, 0x0000000089400000| Complete 
| 149|0x0000000089500000, 0x0000000089600000, 0x0000000089600000|100%| E|CS|TAMS 0x0000000089500000, 0x0000000089500000| Complete 
| 150|0x0000000089600000, 0x0000000089700000, 0x0000000089700000|100%| E|CS|TAMS 0x0000000089600000, 0x0000000089600000| Complete 
| 151|0x0000000089700000, 0x0000000089800000, 0x0000000089800000|100%| E|CS|TAMS 0x0000000089700000, 0x0000000089700000| Complete 
| 152|0x0000000089800000, 0x0000000089900000, 0x0000000089900000|100%| E|CS|TAMS 0x0000000089800000, 0x0000000089800000| Complete 
| 153|0x0000000089900000, 0x0000000089a00000, 0x0000000089a00000|100%| E|CS|TAMS 0x0000000089900000, 0x0000000089900000| Complete 
| 154|0x0000000089a00000, 0x0000000089b00000, 0x0000000089b00000|100%| E|CS|TAMS 0x0000000089a00000, 0x0000000089a00000| Complete 
| 155|0x0000000089b00000, 0x0000000089c00000, 0x0000000089c00000|100%| E|CS|TAMS 0x0000000089b00000, 0x0000000089b00000| Complete 
| 156|0x0000000089c00000, 0x0000000089d00000, 0x0000000089d00000|100%| E|CS|TAMS 0x0000000089c00000, 0x0000000089c00000| Complete 
| 157|0x0000000089d00000, 0x0000000089e00000, 0x0000000089e00000|100%| E|CS|TAMS 0x0000000089d00000, 0x0000000089d00000| Complete 
| 158|0x0000000089e00000, 0x0000000089f00000, 0x0000000089f00000|100%| E|CS|TAMS 0x0000000089e00000, 0x0000000089e00000| Complete 
| 159|0x0000000089f00000, 0x000000008a000000, 0x000000008a000000|100%| E|CS|TAMS 0x0000000089f00000, 0x0000000089f00000| Complete 
| 160|0x000000008a000000, 0x000000008a100000, 0x000000008a100000|100%| E|CS|TAMS 0x000000008a000000, 0x000000008a000000| Complete 
| 161|0x000000008a100000, 0x000000008a200000, 0x000000008a200000|100%| E|CS|TAMS 0x000000008a100000, 0x000000008a100000| Complete 
| 162|0x000000008a200000, 0x000000008a300000, 0x000000008a300000|100%| E|CS|TAMS 0x000000008a200000, 0x000000008a200000| Complete 
| 163|0x000000008a300000, 0x000000008a400000, 0x000000008a400000|100%| E|CS|TAMS 0x000000008a300000, 0x000000008a300000| Complete 
| 164|0x000000008a400000, 0x000000008a500000, 0x000000008a500000|100%| E|CS|TAMS 0x000000008a400000, 0x000000008a400000| Complete 
| 165|0x000000008a500000, 0x000000008a600000, 0x000000008a600000|100%| E|CS|TAMS 0x000000008a500000, 0x000000008a500000| Complete 
| 166|0x000000008a600000, 0x000000008a700000, 0x000000008a700000|100%| E|CS|TAMS 0x000000008a600000, 0x000000008a600000| Complete 
| 167|0x000000008a700000, 0x000000008a800000, 0x000000008a800000|100%| E|CS|TAMS 0x000000008a700000, 0x000000008a700000| Complete 
| 168|0x000000008a800000, 0x000000008a900000, 0x000000008a900000|100%| E|CS|TAMS 0x000000008a800000, 0x000000008a800000| Complete 
| 169|0x000000008a900000, 0x000000008aa00000, 0x000000008aa00000|100%| E|CS|TAMS 0x000000008a900000, 0x000000008a900000| Complete 
| 170|0x000000008aa00000, 0x000000008ab00000, 0x000000008ab00000|100%| E|CS|TAMS 0x000000008aa00000, 0x000000008aa00000| Complete 
| 171|0x000000008ab00000, 0x000000008ac00000, 0x000000008ac00000|100%| E|CS|TAMS 0x000000008ab00000, 0x000000008ab00000| Complete 
| 172|0x000000008ac00000, 0x000000008ad00000, 0x000000008ad00000|100%| E|CS|TAMS 0x000000008ac00000, 0x000000008ac00000| Complete 
| 173|0x000000008ad00000, 0x000000008ae00000, 0x000000008ae00000|100%| E|CS|TAMS 0x000000008ad00000, 0x000000008ad00000| Complete 
| 174|0x000000008ae00000, 0x000000008af00000, 0x000000008af00000|100%| E|CS|TAMS 0x000000008ae00000, 0x000000008ae00000| Complete 
| 175|0x000000008af00000, 0x000000008b000000, 0x000000008b000000|100%| E|CS|TAMS 0x000000008af00000, 0x000000008af00000| Complete 
| 176|0x000000008b000000, 0x000000008b100000, 0x000000008b100000|100%| E|CS|TAMS 0x000000008b000000, 0x000000008b000000| Complete 
| 177|0x000000008b100000, 0x000000008b200000, 0x000000008b200000|100%| E|CS|TAMS 0x000000008b100000, 0x000000008b100000| Complete 
| 178|0x000000008b200000, 0x000000008b300000, 0x000000008b300000|100%| E|CS|TAMS 0x000000008b200000, 0x000000008b200000| Complete 
| 179|0x000000008b300000, 0x000000008b400000, 0x000000008b400000|100%| E|CS|TAMS 0x000000008b300000, 0x000000008b300000| Complete 
| 180|0x000000008b400000, 0x000000008b500000, 0x000000008b500000|100%| E|CS|TAMS 0x000000008b400000, 0x000000008b400000| Complete 
| 181|0x000000008b500000, 0x000000008b600000, 0x000000008b600000|100%| E|CS|TAMS 0x000000008b500000, 0x000000008b500000| Complete 
| 182|0x000000008b600000, 0x000000008b700000, 0x000000008b700000|100%| E|CS|TAMS 0x000000008b600000, 0x000000008b600000| Complete 
| 183|0x000000008b700000, 0x000000008b800000, 0x000000008b800000|100%| E|CS|TAMS 0x000000008b700000, 0x000000008b700000| Complete 
| 184|0x000000008b800000, 0x000000008b900000, 0x000000008b900000|100%| E|CS|TAMS 0x000000008b800000, 0x000000008b800000| Complete 
| 185|0x000000008b900000, 0x000000008b93e478, 0x000000008ba00000| 24%| E|CS|TAMS 0x000000008b900000, 0x000000008b900000| Complete 
| 186|0x000000008ba00000, 0x000000008bb00000, 0x000000008bb00000|100%| E|CS|TAMS 0x000000008ba00000, 0x000000008ba00000| Complete 
| 187|0x000000008bb00000, 0x000000008bc00000, 0x000000008bc00000|100%| E|CS|TAMS 0x000000008bb00000, 0x000000008bb00000| Complete 
| 188|0x000000008bc00000, 0x000000008bd00000, 0x000000008bd00000|100%| E|CS|TAMS 0x000000008bc00000, 0x000000008bc00000| Complete 
| 189|0x000000008bd00000, 0x000000008be00000, 0x000000008be00000|100%| E|CS|TAMS 0x000000008bd00000, 0x000000008bd00000| Complete 
| 190|0x000000008be00000, 0x000000008bf00000, 0x000000008bf00000|100%| E|CS|TAMS 0x000000008be00000, 0x000000008be00000| Complete 
| 191|0x000000008bf00000, 0x000000008c000000, 0x000000008c000000|100%| E|CS|TAMS 0x000000008bf00000, 0x000000008bf00000| Complete 

Card table byte_map: [0x000001ffd9b00000,0x000001ffd9f00000] _byte_map_base: 0x000001ffd9700000

Marking Bits (Prev, Next): (CMBitMap*) 0x000001ffc68d4d78, (CMBitMap*) 0x000001ffc68d4db0
 Prev Bits: [0x000001ffda300000, 0x000001ffdc300000)
 Next Bits: [0x000001ffdc300000, 0x000001ffde300000)

Polling page: 0x000001ffc6070000

Metaspace:

Usage:
  Non-class:    107.23 MB capacity,   104.83 MB ( 98%) used,     1.94 MB (  2%) free+waste,   468.00 KB ( <1%) overhead. 
      Class:     16.90 MB capacity,    15.45 MB ( 91%) used,     1.24 MB (  7%) free+waste,   211.50 KB (  1%) overhead. 
       Both:    124.13 MB capacity,   120.28 MB ( 97%) used,     3.18 MB (  3%) free+waste,   679.50 KB ( <1%) overhead. 

Virtual space:
  Non-class space:      110.00 MB reserved,     109.17 MB (>99%) committed 
      Class space:        1.00 GB reserved,      18.25 MB (  2%) committed 
             Both:        1.11 GB reserved,     127.42 MB ( 11%) committed 

Chunk freelists:
   Non-Class:  1.82 MB
       Class:  1.29 MB
        Both:  3.10 MB

MaxMetaspaceSize: 17179869184.00 GB
CompressedClassSpaceSize: 1.00 GB
Initial GC threshold: 20.80 MB
Current GC threshold: 211.54 MB
CDS: off

CodeHeap 'non-profiled nmethods': size=120000Kb used=12655Kb max_used=12724Kb free=107344Kb
 bounds [0x000001ffd1e90000, 0x000001ffd2b00000, 0x000001ffd93c0000]
CodeHeap 'profiled nmethods': size=120000Kb used=41797Kb max_used=41797Kb free=78203Kb
 bounds [0x000001ffca960000, 0x000001ffcd280000, 0x000001ffd1e90000]
CodeHeap 'non-nmethods': size=5760Kb used=2515Kb max_used=2537Kb free=3245Kb
 bounds [0x000001ffca3c0000, 0x000001ffca650000, 0x000001ffca960000]
 total_blobs=19904 nmethods=18886 adapters=927
 compilation: enabled
              stopped_count=0, restarted_count=0
 full_count=0

Compilation events (20 events):
Event: 521.649 Thread 0x000001ffe1636800 19908       3       org.gradle.api.internal.tasks.properties.ValidationActions::outputValidationActionFor (87 bytes)
Event: 521.650 Thread 0x000001ffe1636800 nmethod 19908 0x000001ffcab9e590 code [0x000001ffcab9e840, 0x000001ffcab9f518]
Event: 521.653 Thread 0x000001ffe1636800 19911       3       org.gradle.api.internal.tasks.properties.DefaultTaskProperties::validate (40 bytes)
Event: 521.653 Thread 0x000001ffe1636800 nmethod 19911 0x000001ffcaa98e10 code [0x000001ffcaa99020, 0x000001ffcaa995f8]
Event: 521.653 Thread 0x000001ffe1636800 19913       3       org.gradle.api.internal.tasks.execution.TaskExecution::visitImplementations (71 bytes)
Event: 521.654 Thread 0x000001ffe1636800 nmethod 19913 0x000001ffcab9d890 code [0x000001ffcab9dae0, 0x000001ffcab9e308]
Event: 521.654 Thread 0x000001ffe1636800 19912       1       org.gradle.api.internal.tasks.execution.DefaultTaskExecutionContext::getValidationAction (5 bytes)
Event: 521.654 Thread 0x000001ffe1636800 nmethod 19912 0x000001ffd1f4d190 code [0x000001ffd1f4d340, 0x000001ffd1f4d3f8]
Event: 521.654 Thread 0x000001ffe1636800 19914       1       org.gradle.internal.execution.steps.ResolveCachingStateStep$2::getCachingState (5 bytes)
Event: 521.654 Thread 0x000001ffe1636800 nmethod 19914 0x000001ffd1f4ce90 code [0x000001ffd1f4d040, 0x000001ffd1f4d0f8]
Event: 521.655 Thread 0x000001ffe8cb8800 nmethod 19690 0x000001ffd1fbbf90 code [0x000001ffd1fbc500, 0x000001ffd1fc3050]
Event: 521.656 Thread 0x000001ffe8cb8800 19891       4       java.util.ArrayList$ArrayListSpliterator::tryAdvance (79 bytes)
Event: 521.659 Thread 0x000001ffe8cb8800 nmethod 19891 0x000001ffd1f4c990 code [0x000001ffd1f4cb40, 0x000001ffd1f4cc98]
Event: 521.659 Thread 0x000001ffe8cb8800 19888       4       org.gradle.internal.Try::<init> (5 bytes)
Event: 521.659 Thread 0x000001ffe8cb8800 nmethod 19888 0x000001ffd1f4c690 code [0x000001ffd1f4c820, 0x000001ffd1f4c878]
Event: 521.659 Thread 0x000001ffe8cb8800 19892       4       org.gradle.internal.component.model.ComponentAttributeMatcher::match (259 bytes)
Event: 521.662 Thread 0x000001ffe1636800 19915       1       org.gradle.api.internal.provider.AbstractProperty$FinalizedValue::shouldFinalize (2 bytes)
Event: 521.662 Thread 0x000001ffe1636800 nmethod 19915 0x000001ffd1f4c390 code [0x000001ffd1f4c540, 0x000001ffd1f4c5f8]
Event: 521.670 Thread 0x000001ffe1636800 19916       3       org.gradle.api.internal.artifacts.ivyservice.resolveengine.artifact.CompositeResolvedArtifactSet::visit (40 bytes)
Event: 521.670 Thread 0x000001ffe1636800 nmethod 19916 0x000001ffcab9cf10 code [0x000001ffcab9d120, 0x000001ffcab9d6d8]

GC Heap History (20 events):
Event: 325.562 GC heap after
{Heap after GC invocations=31 (full 0):
 garbage-first heap   total 196608K, used 121017K [0x0000000080000000, 0x0000000100000000)
  region size 1024K, 6 young (6144K), 6 survivors (6144K)
 Metaspace       used 105766K, capacity 108771K, committed 108976K, reserved 1144832K
  class space    used 13456K, capacity 14585K, committed 14592K, reserved 1048576K
}
Event: 326.294 GC heap before
{Heap before GC invocations=32 (full 0):
 garbage-first heap   total 196608K, used 163001K [0x0000000080000000, 0x0000000100000000)
  region size 1024K, 48 young (49152K), 6 survivors (6144K)
 Metaspace       used 111552K, capacity 115210K, committed 115248K, reserved 1148928K
  class space    used 14378K, capacity 15744K, committed 15744K, reserved 1048576K
}
Event: 326.302 GC heap after
{Heap after GC invocations=33 (full 0):
 garbage-first heap   total 196608K, used 124740K [0x0000000080000000, 0x0000000100000000)
  region size 1024K, 4 young (4096K), 4 survivors (4096K)
 Metaspace       used 111552K, capacity 115210K, committed 115248K, reserved 1148928K
  class space    used 14378K, capacity 15744K, committed 15744K, reserved 1048576K
}
Event: 326.370 GC heap before
{Heap before GC invocations=33 (full 0):
 garbage-first heap   total 196608K, used 128836K [0x0000000080000000, 0x0000000100000000)
  region size 1024K, 9 young (9216K), 4 survivors (4096K)
 Metaspace       used 112867K, capacity 116570K, committed 116784K, reserved 1150976K
  class space    used 14561K, capacity 15962K, committed 16000K, reserved 1048576K
}
Event: 326.380 GC heap after
{Heap after GC invocations=34 (full 0):
 garbage-first heap   total 196608K, used 116165K [0x0000000080000000, 0x0000000100000000)
  region size 1024K, 1 young (1024K), 1 survivors (1024K)
 Metaspace       used 112867K, capacity 116570K, committed 116784K, reserved 1150976K
  class space    used 14561K, capacity 15962K, committed 16000K, reserved 1048576K
}
Event: 326.915 GC heap before
{Heap before GC invocations=34 (full 0):
 garbage-first heap   total 196608K, used 161221K [0x0000000080000000, 0x0000000100000000)
  region size 1024K, 46 young (47104K), 1 survivors (1024K)
 Metaspace       used 120266K, capacity 125000K, committed 125104K, reserved 1157120K
  class space    used 15941K, capacity 17862K, committed 17920K, reserved 1048576K
}
Event: 326.922 GC heap after
{Heap after GC invocations=35 (full 0):
 garbage-first heap   total 196608K, used 117668K [0x0000000080000000, 0x0000000100000000)
  region size 1024K, 3 young (3072K), 3 survivors (3072K)
 Metaspace       used 120266K, capacity 125000K, committed 125104K, reserved 1157120K
  class space    used 15941K, capacity 17862K, committed 17920K, reserved 1048576K
}
Event: 340.136 GC heap before
{Heap before GC invocations=36 (full 0):
 garbage-first heap   total 196608K, used 184228K [0x0000000080000000, 0x0000000100000000)
  region size 1024K, 48 young (49152K), 3 survivors (3072K)
 Metaspace       used 123590K, capacity 128333K, committed 129456K, reserved 1161216K
  class space    used 16368K, capacity 18286K, committed 18688K, reserved 1048576K
}
Event: 340.140 GC heap after
{Heap after GC invocations=37 (full 0):
 garbage-first heap   total 196608K, used 118506K [0x0000000080000000, 0x0000000100000000)
  region size 1024K, 3 young (3072K), 3 survivors (3072K)
 Metaspace       used 123590K, capacity 128333K, committed 129456K, reserved 1161216K
  class space    used 16368K, capacity 18286K, committed 18688K, reserved 1048576K
}
Event: 412.062 GC heap before
{Heap before GC invocations=37 (full 0):
 garbage-first heap   total 196608K, used 124650K [0x0000000080000000, 0x0000000100000000)
  region size 1024K, 9 young (9216K), 3 survivors (3072K)
 Metaspace       used 123663K, capacity 128369K, committed 129456K, reserved 1161216K
  class space    used 16373K, capacity 18293K, committed 18688K, reserved 1048576K
}
Event: 412.067 GC heap after
{Heap after GC invocations=38 (full 0):
 garbage-first heap   total 196608K, used 119174K [0x0000000080000000, 0x0000000100000000)
  region size 1024K, 2 young (2048K), 2 survivors (2048K)
 Metaspace       used 123663K, capacity 128369K, committed 129456K, reserved 1161216K
  class space    used 16373K, capacity 18293K, committed 18688K, reserved 1048576K
}
Event: 412.877 GC heap before
{Heap before GC invocations=38 (full 0):
 garbage-first heap   total 196608K, used 163206K [0x0000000080000000, 0x0000000100000000)
  region size 1024K, 46 young (47104K), 2 survivors (2048K)
 Metaspace       used 123961K, capacity 128766K, committed 129712K, reserved 1161216K
  class space    used 16389K, capacity 18323K, committed 18688K, reserved 1048576K
}
Event: 412.886 GC heap after
{Heap after GC invocations=39 (full 0):
 garbage-first heap   total 196608K, used 124416K [0x0000000080000000, 0x0000000100000000)
  region size 1024K, 6 young (6144K), 6 survivors (6144K)
 Metaspace       used 123961K, capacity 128766K, committed 129712K, reserved 1161216K
  class space    used 16389K, capacity 18323K, committed 18688K, reserved 1048576K
}
Event: 415.706 GC heap before
{Heap before GC invocations=39 (full 0):
 garbage-first heap   total 196608K, used 163328K [0x0000000080000000, 0x0000000100000000)
  region size 1024K, 45 young (46080K), 6 survivors (6144K)
 Metaspace       used 124220K, capacity 129073K, committed 129712K, reserved 1161216K
  class space    used 16418K, capacity 18378K, committed 18688K, reserved 1048576K
}
Event: 415.718 GC heap after
{Heap after GC invocations=40 (full 0):
 garbage-first heap   total 196608K, used 127392K [0x0000000080000000, 0x0000000100000000)
  region size 1024K, 4 young (4096K), 4 survivors (4096K)
 Metaspace       used 124220K, capacity 129073K, committed 129712K, reserved 1161216K
  class space    used 16418K, capacity 18378K, committed 18688K, reserved 1048576K
}
Event: 520.867 GC heap before
{Heap before GC invocations=41 (full 0):
 garbage-first heap   total 196608K, used 185760K [0x0000000080000000, 0x0000000100000000)
  region size 1024K, 41 young (41984K), 4 survivors (4096K)
 Metaspace       used 123016K, capacity 126963K, committed 130224K, reserved 1161216K
  class space    used 15818K, capacity 17304K, committed 18688K, reserved 1048576K
}
Event: 520.872 GC heap after
{Heap after GC invocations=42 (full 0):
 garbage-first heap   total 196608K, used 127943K [0x0000000080000000, 0x0000000100000000)
  region size 1024K, 4 young (4096K), 4 survivors (4096K)
 Metaspace       used 123016K, capacity 126963K, committed 130224K, reserved 1161216K
  class space    used 15818K, capacity 17304K, committed 18688K, reserved 1048576K
}
Event: 520.927 GC heap before
{Heap before GC invocations=42 (full 0):
 garbage-first heap   total 196608K, used 132039K [0x0000000080000000, 0x0000000100000000)
  region size 1024K, 9 young (9216K), 4 survivors (4096K)
 Metaspace       used 123016K, capacity 126963K, committed 130224K, reserved 1161216K
  class space    used 15818K, capacity 17304K, committed 18688K, reserved 1048576K
}
Event: 520.939 GC heap after
{Heap after GC invocations=43 (full 0):
 garbage-first heap   total 196608K, used 116824K [0x0000000080000000, 0x0000000100000000)
  region size 1024K, 2 young (2048K), 2 survivors (2048K)
 Metaspace       used 123016K, capacity 126963K, committed 130224K, reserved 1161216K
  class space    used 15818K, capacity 17304K, committed 18688K, reserved 1048576K
}
Event: 521.672 GC heap before
{Heap before GC invocations=43 (full 0):
 garbage-first heap   total 196608K, used 160856K [0x0000000080000000, 0x0000000100000000)
  region size 1024K, 46 young (47104K), 2 survivors (2048K)
 Metaspace       used 123169K, capacity 127110K, committed 130480K, reserved 1161216K
  class space    used 15821K, capacity 17307K, committed 18688K, reserved 1048576K
}

Deoptimization events (20 events):
Event: 416.200 Thread 0x000001ffe897b000 Uncommon trap: trap_request=0xffffffbe fr.pc=0x000001ffd29eb68c relative=0x000000000000094c
Event: 416.200 Thread 0x000001ffe897b000 Uncommon trap: reason=profile_predicate action=maybe_recompile pc=0x000001ffd29eb68c method=java.math.MutableBigInteger.add(Ljava/math/MutableBigInteger;)V @ 68 c2
Event: 416.200 Thread 0x000001ffe897b000 DEOPT PACKING pc=0x000001ffd29eb68c sp=0x000000f96a3fcc80
Event: 416.200 Thread 0x000001ffe897b000 DEOPT UNPACKING pc=0x000001ffca40a1af sp=0x000000f96a3fcc00 mode 2
Event: 416.201 Thread 0x000001ffe897b000 Uncommon trap: trap_request=0xffffffbe fr.pc=0x000001ffd29eb68c relative=0x000000000000094c
Event: 416.201 Thread 0x000001ffe897b000 Uncommon trap: reason=profile_predicate action=maybe_recompile pc=0x000001ffd29eb68c method=java.math.MutableBigInteger.add(Ljava/math/MutableBigInteger;)V @ 68 c2
Event: 416.201 Thread 0x000001ffe897b000 DEOPT PACKING pc=0x000001ffd29eb68c sp=0x000000f96a3fcc80
Event: 416.201 Thread 0x000001ffe897b000 DEOPT UNPACKING pc=0x000001ffca40a1af sp=0x000000f96a3fcc00 mode 2
Event: 416.201 Thread 0x000001ffe897b000 Uncommon trap: trap_request=0xffffffbe fr.pc=0x000001ffd29eb68c relative=0x000000000000094c
Event: 416.201 Thread 0x000001ffe897b000 Uncommon trap: reason=profile_predicate action=maybe_recompile pc=0x000001ffd29eb68c method=java.math.MutableBigInteger.add(Ljava/math/MutableBigInteger;)V @ 68 c2
Event: 416.201 Thread 0x000001ffe897b000 DEOPT PACKING pc=0x000001ffd29eb68c sp=0x000000f96a3fcc80
Event: 416.201 Thread 0x000001ffe897b000 DEOPT UNPACKING pc=0x000001ffca40a1af sp=0x000000f96a3fcc00 mode 2
Event: 520.755 Thread 0x000001ffe8973800 Uncommon trap: trap_request=0xffffffc6 fr.pc=0x000001ffd262e2d8 relative=0x0000000000000118
Event: 520.755 Thread 0x000001ffe8973800 Uncommon trap: reason=bimorphic_or_optimized_type_check action=maybe_recompile pc=0x000001ffd262e2d8 method=java.util.Collections$UnmodifiableList.get(I)Ljava/lang/Object; @ 5 c2
Event: 520.755 Thread 0x000001ffe8973800 DEOPT PACKING pc=0x000001ffd262e2d8 sp=0x000000f9613fe710
Event: 520.755 Thread 0x000001ffe8973800 DEOPT UNPACKING pc=0x000001ffca40a1af sp=0x000000f9613fe6a8 mode 2
Event: 520.967 Thread 0x000001ffe8973800 DEOPT PACKING pc=0x000001ffcb36442b sp=0x000000f9613f8b70
Event: 520.967 Thread 0x000001ffe8973800 DEOPT UNPACKING pc=0x000001ffca40a95e sp=0x000000f9613f8008 mode 0
Event: 520.978 Thread 0x000001ffe8973800 DEOPT PACKING pc=0x000001ffcb36442b sp=0x000000f9613f8b70
Event: 520.978 Thread 0x000001ffe8973800 DEOPT UNPACKING pc=0x000001ffca40a95e sp=0x000000f9613f8008 mode 0

Classes redefined (0 events):
No events

Internal exceptions (20 events):
Event: 412.550 Thread 0x000001ffe5635000 Exception <a 'sun/nio/fs/WindowsException'{0x0000000089fc5a20}> (0x0000000089fc5a20) thrown at [src/hotspot/share/prims/jni.cpp, line 617]
Event: 412.551 Thread 0x000001ffe5635000 Exception <a 'sun/nio/fs/WindowsException'{0x0000000089fc6de8}> (0x0000000089fc6de8) thrown at [src/hotspot/share/prims/jni.cpp, line 617]
Event: 413.454 Thread 0x000001ffe3120800 Exception <a 'java/lang/InterruptedException'{0x000000008a3e0cb8}> (0x000000008a3e0cb8) thrown at [src/hotspot/share/runtime/objectMonitor.cpp, line 1635]
Event: 415.718 Thread 0x000001ffe311f000 Exception <a 'sun/nio/fs/WindowsException'{0x000000008bf009c8}> (0x000000008bf009c8) thrown at [src/hotspot/share/prims/jni.cpp, line 617]
Event: 415.728 Thread 0x000001ffe8977800 Exception <a 'sun/nio/fs/WindowsException'{0x000000008be828c8}> (0x000000008be828c8) thrown at [src/hotspot/share/prims/jni.cpp, line 617]
Event: 415.829 Thread 0x000001ffe8977800 Exception <a 'sun/nio/fs/WindowsException'{0x000000008b9b3620}> (0x000000008b9b3620) thrown at [src/hotspot/share/prims/jni.cpp, line 617]
Event: 416.002 Thread 0x000001ffe311f000 Exception <a 'sun/nio/fs/WindowsException'{0x000000008b4f1f00}> (0x000000008b4f1f00) thrown at [src/hotspot/share/prims/jni.cpp, line 617]
Event: 416.004 Thread 0x000001ffe311f000 Exception <a 'sun/nio/fs/WindowsException'{0x000000008b4fa018}> (0x000000008b4fa018) thrown at [src/hotspot/share/prims/jni.cpp, line 617]
Event: 416.007 Thread 0x000001ffe311f000 Exception <a 'sun/nio/fs/WindowsException'{0x000000008b3cbb80}> (0x000000008b3cbb80) thrown at [src/hotspot/share/prims/jni.cpp, line 617]
Event: 416.034 Thread 0x000001ffe8977000 Exception <a 'sun/nio/fs/WindowsException'{0x000000008b2dbda0}> (0x000000008b2dbda0) thrown at [src/hotspot/share/prims/jni.cpp, line 617]
Event: 416.050 Thread 0x000001ffe8977000 Exception <a 'sun/nio/fs/WindowsException'{0x000000008b026fa0}> (0x000000008b026fa0) thrown at [src/hotspot/share/prims/jni.cpp, line 617]
Event: 416.263 Thread 0x000001ffe5635000 Exception <a 'sun/nio/fs/WindowsException'{0x000000008a505918}> (0x000000008a505918) thrown at [src/hotspot/share/prims/jni.cpp, line 617]
Event: 416.263 Thread 0x000001ffe5635000 Exception <a 'sun/nio/fs/WindowsException'{0x000000008a5059a0}> (0x000000008a5059a0) thrown at [src/hotspot/share/prims/jni.cpp, line 617]
Event: 416.264 Thread 0x000001ffe5635000 Exception <a 'sun/nio/fs/WindowsException'{0x000000008a507308}> (0x000000008a507308) thrown at [src/hotspot/share/prims/jni.cpp, line 617]
Event: 521.044 Thread 0x000001ffe8973800 Exception <a 'sun/nio/fs/WindowsException'{0x000000008b03c5a0}> (0x000000008b03c5a0) thrown at [src/hotspot/share/prims/jni.cpp, line 617]
Event: 521.243 Thread 0x000001ffe8973800 Exception <a 'sun/nio/fs/WindowsException'{0x000000008a7daeb8}> (0x000000008a7daeb8) thrown at [src/hotspot/share/prims/jni.cpp, line 617]
Event: 521.252 Thread 0x000001ffe8973800 Exception <a 'sun/nio/fs/WindowsException'{0x000000008a67e7b0}> (0x000000008a67e7b0) thrown at [src/hotspot/share/prims/jni.cpp, line 617]
Event: 521.252 Thread 0x000001ffe8973800 Exception <a 'sun/nio/fs/WindowsException'{0x000000008a67fb28}> (0x000000008a67fb28) thrown at [src/hotspot/share/prims/jni.cpp, line 617]
Event: 521.252 Thread 0x000001ffe8973800 Exception <a 'sun/nio/fs/WindowsException'{0x000000008a680ef0}> (0x000000008a680ef0) thrown at [src/hotspot/share/prims/jni.cpp, line 617]
Event: 521.252 Thread 0x000001ffe8973800 Exception <a 'sun/nio/fs/WindowsException'{0x000000008a6822b8}> (0x000000008a6822b8) thrown at [src/hotspot/share/prims/jni.cpp, line 617]

Events (20 events):
Event: 521.376 Executing VM operation: RevokeBias done
Event: 521.378 Executing VM operation: RevokeBias
Event: 521.378 Executing VM operation: RevokeBias done
Event: 521.381 Executing VM operation: RevokeBias
Event: 521.382 Executing VM operation: RevokeBias done
Event: 521.586 Executing VM operation: RevokeBias
Event: 521.586 Executing VM operation: RevokeBias done
Event: 521.626 Executing VM operation: RevokeBias
Event: 521.627 Executing VM operation: RevokeBias done
Event: 521.627 Executing VM operation: RevokeBias
Event: 521.627 Executing VM operation: RevokeBias done
Event: 521.627 Executing VM operation: RevokeBias
Event: 521.627 Executing VM operation: RevokeBias done
Event: 521.627 Executing VM operation: RevokeBias
Event: 521.627 Executing VM operation: RevokeBias done
Event: 521.627 Executing VM operation: RevokeBias
Event: 521.628 Executing VM operation: RevokeBias done
Event: 521.628 Executing VM operation: RevokeBias
Event: 521.628 Executing VM operation: RevokeBias done
Event: 521.672 Executing VM operation: G1CollectForAllocation


Dynamic libraries:
0x00007ff6635e0000 - 0x00007ff6635ea000 	C:\Program Files\Android\Android Studio\jbr\bin\java.exe
0x00007ff900330000 - 0x00007ff900528000 	C:\Windows\SYSTEM32\ntdll.dll
0x00007ff8ff340000 - 0x00007ff8ff3ff000 	C:\Windows\System32\KERNEL32.DLL
0x00007ff8fda80000 - 0x00007ff8fdd76000 	C:\Windows\System32\KERNELBASE.dll
0x00007ff8fe0d0000 - 0x00007ff8fe1d0000 	C:\Windows\System32\ucrtbase.dll
0x00007ff8ea9a0000 - 0x00007ff8ea9b7000 	C:\Program Files\Android\Android Studio\jbr\bin\jli.dll
0x00007ff8ea120000 - 0x00007ff8ea13b000 	C:\Program Files\Android\Android Studio\jbr\bin\VCRUNTIME140.dll
0x00007ff8fefd0000 - 0x00007ff8ff16d000 	C:\Windows\System32\USER32.dll
0x00007ff8fdd80000 - 0x00007ff8fdda2000 	C:\Windows\System32\win32u.dll
0x00007ff8ff310000 - 0x00007ff8ff33c000 	C:\Windows\System32\GDI32.dll
0x00007ff8f0a80000 - 0x00007ff8f0d1a000 	C:\Windows\WinSxS\amd64_microsoft.windows.common-controls_6595b64144ccf1df_6.0.19041.1110_none_60b5254171f9507e\COMCTL32.dll
0x00007ff8fe270000 - 0x00007ff8fe385000 	C:\Windows\System32\gdi32full.dll
0x00007ff8feeb0000 - 0x00007ff8fef4e000 	C:\Windows\System32\msvcrt.dll
0x00007ff8fe1d0000 - 0x00007ff8fe26d000 	C:\Windows\System32\msvcp_win.dll
0x00007ff8fee80000 - 0x00007ff8feeb0000 	C:\Windows\System32\IMM32.DLL
0x00007ff8eeae0000 - 0x00007ff8eeaec000 	C:\Program Files\Android\Android Studio\jbr\bin\vcruntime140_1.dll
0x00007ff8e2ac0000 - 0x00007ff8e2b4d000 	C:\Program Files\Android\Android Studio\jbr\bin\msvcp140.dll
0x00007ff8c7bb0000 - 0x00007ff8c876c000 	C:\Program Files\Android\Android Studio\jbr\bin\server\jvm.dll
0x00007ff8fe450000 - 0x00007ff8fe4ff000 	C:\Windows\System32\ADVAPI32.dll
0x00007ff9000d0000 - 0x00007ff90016c000 	C:\Windows\System32\sechost.dll
0x00007ff8fe5e0000 - 0x00007ff8fe706000 	C:\Windows\System32\RPCRT4.dll
0x00007ff8fe390000 - 0x00007ff8fe398000 	C:\Windows\System32\PSAPI.DLL
0x00007ff8f63d0000 - 0x00007ff8f63d9000 	C:\Windows\SYSTEM32\WSOCK32.dll
0x00007ff8ff2a0000 - 0x00007ff8ff30b000 	C:\Windows\System32\WS2_32.dll
0x00007ff8f12b0000 - 0x00007ff8f12d7000 	C:\Windows\SYSTEM32\WINMM.dll
0x00007ff8f8a60000 - 0x00007ff8f8a6a000 	C:\Windows\SYSTEM32\VERSION.dll
0x00007ff8fb7f0000 - 0x00007ff8fb802000 	C:\Windows\SYSTEM32\kernel.appcore.dll
0x00007ff8f3260000 - 0x00007ff8f3270000 	C:\Program Files\Android\Android Studio\jbr\bin\verify.dll
0x00007ff8f7ca0000 - 0x00007ff8f7e84000 	C:\Windows\SYSTEM32\DBGHELP.DLL
0x00007ff8f7b70000 - 0x00007ff8f7ba4000 	C:\Windows\SYSTEM32\dbgcore.DLL
0x00007ff8fdff0000 - 0x00007ff8fe072000 	C:\Windows\System32\bcryptPrimitives.dll
0x00007ff8ee0c0000 - 0x00007ff8ee0e8000 	C:\Program Files\Android\Android Studio\jbr\bin\java.dll
0x00007ff8f1af0000 - 0x00007ff8f1afa000 	C:\Program Files\Android\Android Studio\jbr\bin\jimage.dll
0x00007ff8f1010000 - 0x00007ff8f1028000 	C:\Program Files\Android\Android Studio\jbr\bin\zip.dll
0x00007ff8fe710000 - 0x00007ff8fee54000 	C:\Windows\System32\SHELL32.dll
0x00007ff8fbad0000 - 0x00007ff8fc263000 	C:\Windows\SYSTEM32\windows.storage.dll
0x00007ff8ffa20000 - 0x00007ff8ffd74000 	C:\Windows\System32\combase.dll
0x00007ff8fd400000 - 0x00007ff8fd42e000 	C:\Windows\SYSTEM32\Wldp.dll
0x00007ff8fe3a0000 - 0x00007ff8fe44d000 	C:\Windows\System32\SHCORE.dll
0x00007ff8fef50000 - 0x00007ff8fefa5000 	C:\Windows\System32\shlwapi.dll
0x00007ff8fd940000 - 0x00007ff8fd965000 	C:\Windows\SYSTEM32\profapi.dll
0x00007ff8ef670000 - 0x00007ff8ef689000 	C:\Program Files\Android\Android Studio\jbr\bin\net.dll
0x00007ff8f8180000 - 0x00007ff8f828a000 	C:\Windows\SYSTEM32\WINHTTP.dll
0x00007ff8fd0e0000 - 0x00007ff8fd14a000 	C:\Windows\system32\mswsock.dll
0x00007ff8ef320000 - 0x00007ff8ef333000 	C:\Program Files\Android\Android Studio\jbr\bin\nio.dll
0x00007ff8ea9c0000 - 0x00007ff8ea9e7000 	C:\Users\jonat\.gradle\native\e1d6ef7f7dcc3fd88c89a11ec53ec762bb8ba0a96d01ffa2cd45eb1d1d8dd5c5\windows-amd64\native-platform.dll
0x00007ff8d1030000 - 0x00007ff8d1174000 	C:\Users\jonat\.gradle\native\0d407fdbe67a94daf76414ababcb853783967236a71b16ec16e742cd7a986fd3\windows-amd64\native-platform-file-events.dll
0x00007ff8f0f00000 - 0x00007ff8f0f0a000 	C:\Program Files\Android\Android Studio\jbr\bin\management.dll
0x00007ff8ef2c0000 - 0x00007ff8ef2cb000 	C:\Program Files\Android\Android Studio\jbr\bin\management_ext.dll
0x00007ff8fd2d0000 - 0x00007ff8fd2e8000 	C:\Windows\SYSTEM32\CRYPTSP.dll
0x00007ff8fc9f0000 - 0x00007ff8fca24000 	C:\Windows\system32\rsaenh.dll
0x00007ff8fddb0000 - 0x00007ff8fddd7000 	C:\Windows\System32\bcrypt.dll
0x00007ff8fd900000 - 0x00007ff8fd92e000 	C:\Windows\SYSTEM32\USERENV.dll
0x00007ff8fd2f0000 - 0x00007ff8fd2fc000 	C:\Windows\SYSTEM32\CRYPTBASE.dll
0x00007ff8fcdd0000 - 0x00007ff8fce0b000 	C:\Windows\SYSTEM32\IPHLPAPI.DLL
0x00007ff8fefb0000 - 0x00007ff8fefb8000 	C:\Windows\System32\NSI.dll
0x00007ff8f8e20000 - 0x00007ff8f8e37000 	C:\Windows\SYSTEM32\dhcpcsvc6.DLL
0x00007ff8f8d90000 - 0x00007ff8f8dad000 	C:\Windows\SYSTEM32\dhcpcsvc.DLL
0x00007ff8fce10000 - 0x00007ff8fceda000 	C:\Windows\SYSTEM32\DNSAPI.dll
0x00007ff8f7760000 - 0x00007ff8f777e000 	C:\Users\jonat\AppData\Local\Temp\native-platform18016102026157171288dir\native-platform.dll
0x00007ff8f7750000 - 0x00007ff8f7757000 	C:\Program Files\Android\Android Studio\jbr\bin\rmi.dll
0x00007ff8ec340000 - 0x00007ff8ec367000 	C:\Program Files\Android\Android Studio\jbr\bin\sunec.dll

dbghelp: loaded successfully - version: 4.0.5 - missing functions: none
symbol engine: initialized successfully - sym options: 0x614 - pdb path: .;C:\Program Files\Android\Android Studio\jbr\bin;C:\Windows\SYSTEM32;C:\Windows\WinSxS\amd64_microsoft.windows.common-controls_6595b64144ccf1df_6.0.19041.1110_none_60b5254171f9507e;C:\Program Files\Android\Android Studio\jbr\bin\server;C:\Users\jonat\.gradle\native\e1d6ef7f7dcc3fd88c89a11ec53ec762bb8ba0a96d01ffa2cd45eb1d1d8dd5c5\windows-amd64;C:\Users\jonat\.gradle\native\0d407fdbe67a94daf76414ababcb853783967236a71b16ec16e742cd7a986fd3\windows-amd64;C:\Users\jonat\AppData\Local\Temp\native-platform18016102026157171288dir

VM Arguments:
jvm_args: --add-opens=java.base/java.util=ALL-UNNAMED --add-opens=java.base/java.lang=ALL-UNNAMED --add-opens=java.base/java.lang.invoke=ALL-UNNAMED --add-opens=java.base/java.util=ALL-UNNAMED --add-opens=java.prefs/java.util.prefs=ALL-UNNAMED --add-opens=java.prefs/java.util.prefs=ALL-UNNAMED --add-opens=java.base/java.nio.charset=ALL-UNNAMED --add-opens=java.base/java.net=ALL-UNNAMED --add-opens=java.base/java.util.concurrent.atomic=ALL-UNNAMED -Xmx2048m -Dfile.encoding=UTF-8 -Duser.country=BR -Duser.language=pt -Duser.variant 
java_command: org.gradle.launcher.daemon.bootstrap.GradleDaemon 7.5
java_class_path (initial): C:\Users\jonat\.gradle\wrapper\dists\gradle-7.5-bin\f1w0cc9nuo0eivz97x2xlu9sv\gradle-7.5\lib\gradle-launcher-7.5.jar
Launcher Type: SUN_STANDARD

[Global flags]
     intx CICompilerCount                          = 4                                         {product} {ergonomic}
     uint ConcGCThreads                            = 2                                         {product} {ergonomic}
     uint G1ConcRefinementThreads                  = 8                                         {product} {ergonomic}
   size_t G1HeapRegionSize                         = 1048576                                   {product} {ergonomic}
    uintx GCDrainStackTargetSize                   = 64                                        {product} {ergonomic}
   size_t InitialHeapSize                          = 201326592                                 {product} {ergonomic}
   size_t MarkStackSize                            = 4194304                                   {product} {ergonomic}
   size_t MaxHeapSize                              = 2147483648                                {product} {command line}
   size_t MaxNewSize                               = 1287651328                                {product} {ergonomic}
   size_t MinHeapDeltaBytes                        = 1048576                                   {product} {ergonomic}
    uintx NonNMethodCodeHeapSize                   = 5836300                                {pd product} {ergonomic}
    uintx NonProfiledCodeHeapSize                  = 122910970                              {pd product} {ergonomic}
    uintx ProfiledCodeHeapSize                     = 122910970                              {pd product} {ergonomic}
    uintx ReservedCodeCacheSize                    = 251658240                              {pd product} {ergonomic}
     bool SegmentedCodeCache                       = true                                      {product} {ergonomic}
     bool UseCompressedClassPointers               = true                                 {lp64_product} {ergonomic}
     bool UseCompressedOops                        = true                                 {lp64_product} {ergonomic}
     bool UseG1GC                                  = true                                      {product} {ergonomic}
     bool UseLargePagesIndividualAllocation        = false                                  {pd product} {ergonomic}

Logging:
Log output configuration:
 #0: stdout all=warning uptime,level,tags
 #1: stderr all=off uptime,level,tags

Environment Variables:
PATH=c:\program files (x86)\common files\intel\shared libraries\redist\intel64\compiler;c:\program files\common files\oracle\java\javapath;C:\Program Files (x86)\Common Files\Oracle\Java\javapath;c:\windows\system32;c:\windows;c:\windows\system32\wbem;c:\windows\system32\windowspowershell\v1.0\;c:\windows\system32\openssh\;c:\program files\git\cmd;c:\program files\dotnet\;C:\Program Files\NVIDIA Corporation\NVIDIA NvDLISR;C:\Program Files (x86)\NVIDIA Corporation\PhysX\Common;C:\xampp\php;C:\ProgramData\ComposerSetup\bin;C:\Gradle\gradle-8.2.1\bin;C:\Users\jonat\AppData\Local\Microsoft\WindowsApps;;C:\Users\jonat\AppData\Local\Programs\Microsoft VS Code\bin;C:\Users\jonat\AppData\Roaming\Composer\vendor\bin
USERNAME=jonat
OS=Windows_NT
PROCESSOR_IDENTIFIER=Intel64 Family 6 Model 58 Stepping 9, GenuineIntel



---------------  S Y S T E M  ---------------

OS: Windows 10 , 64 bit Build 19041 (10.0.19041.3155)
OS uptime: 8 days 16:17 hours

CPU:total 8 (initial active 8) (4 cores per cpu, 2 threads per core) family 6 model 58 stepping 9 microcode 0x21, cmov, cx8, fxsr, mmx, sse, sse2, sse3, ssse3, sse4.1, sse4.2, popcnt, avx, aes, clmul, erms, ht, tsc, tscinvbit, tscinv

Memory: 4k page, system-wide physical 12248M (1342M free)
TotalPageFile size 18025M (AvailPageFile size 2190M)
current process WorkingSet (physical memory assigned to process): 552M, peak: 575M
current process commit charge ("private bytes"): 589M, peak: 613M

vm_info: OpenJDK 64-Bit Server VM (11.0.15+0-b2043.56-9505619) for windows-amd64 JRE (11.0.15+0-b2043.56-9505619), built on Jan 19 2023 02:48:00 by "builduser" with unknown MS VC++:1929

END.
