#
# A fatal error has been detected by the Java Runtime Environment:
#
#  EXCEPTION_ACCESS_VIOLATION (0xc0000005) at pc=0x000001e2353e58e0, pid=2756, tid=2800
#
# JRE version: OpenJDK Runtime Environment JBR-17.0.8+7-1000.8-nomod (17.0.8+7) (build 17.0.8+7-b1000.8)
# Java VM: OpenJDK 64-Bit Server VM JBR-17.0.8+7-1000.8-nomod (17.0.8+7-b1000.8, mixed mode, tiered, compressed oops, compressed class ptrs, g1 gc, windows-amd64)
# Problematic frame:
# J 19698 c2 org.jetbrains.kotlin.backend.jvm.ir.JvmIrTypeUtilsKt.getErasedUpperBound(Lorg/jetbrains/kotlin/ir/types/IrType;)Lorg/jetbrains/kotlin/ir/declarations/IrClass; (111 bytes) @ 0x000001e2353e58e0 [0x000001e2353e58c0+0x0000000000000020]
#
# No core dump will be written. Minidumps are not enabled by default on client versions of Windows
#
# If you would like to submit a bug report, please visit:
#   https://youtrack.jetbrains.com/issues/JBR
#

---------------  S U M M A R Y ------------

Command Line: org.jetbrains.kotlin.cli.jvm.K2JVMCompiler @C:\Users\jonat\AndroidStudioProjects\Projeto\app\build\20231101_6618099115489858385.compiler.options

Host: Intel(R) Core(TM) i7-3770 CPU @ 3.40GHz, 8 cores, 11G,  Windows 10 , 64 bit Build 19041 (10.0.19041.3570)
Time: Wed Nov  1 00:33:20 2023 Hora oficial do Brasil elapsed time: 32.272592 seconds (0d 0h 0m 32s)

---------------  T H R E A D  ---------------

Current thread (0x000001e2294980d0):  JavaThread "main" [_thread_in_Java, id=2800, stack(0x0000004bf6d00000,0x0000004bf6e00000)]

Stack: [0x0000004bf6d00000,0x0000004bf6e00000],  sp=0x0000004bf6df8d20,  free space=995k
Native frames: (J=compiled Java code, j=interpreted, Vv=VM code, C=native code)
C  0x000001e2353e58e0


siginfo: EXCEPTION_ACCESS_VIOLATION (0xc0000005), reading address 0x00000007c72efc00


Register to memory mapping:

RIP=0x000001e2353e58e0 is at entry_point+32 in (nmethod*)0x000001e2353e5710
RAX=0x000000074a8b5118 is an oop: org.jetbrains.kotlin.ir.types.impl.IrSimpleTypeImpl 
{0x000000074a8b5118} - klass: 'org/jetbrains/kotlin/ir/types/impl/IrSimpleTypeImpl'
 - ---- fields (total size 5 words):
 - private final 'kotlinType' 'Lorg/jetbrains/kotlin/types/KotlinType;' @12  NULL (0)
 - private final 'classifier' 'Lorg/jetbrains/kotlin/ir/symbols/IrClassifierSymbol;' @16  
[error occurred during error reporting (printing register info), id 0xc0000005, EXCEPTION_ACCESS_VIOLATION (0xc0000005) at pc=0x00007ffd2ba388be]

Registers:
RAX=0x000000074a8b5118, RBX=0x000001e249ee9380, RCX=0x000001e253745f40, RDX=0x000000074a8b5118
RSP=0x0000004bf6df8d20, RBP=0x00000000f8e5df7f, RSI=0x0000000000000110, RDI=0x0000000002589480
R8 =0x00000000e8f47c70, R9 =0x0000000000000000, R10=0x0000000800000000, R11=0x00000000007de608
R12=0x0000000000000000, R13=0x0000004bf6df8e48, R14=0x0000004bf6df8ec0, R15=0x000001e2294980d0
RIP=0x000001e2353e58e0, EFLAGS=0x0000000000010246

Top of Stack: (sp=0x0000004bf6df8d20)
0x0000004bf6df8d20:   00000007472ca228 000001e22f7f1b19
0x0000004bf6df8d30:   0000004bf6df8ef8 000001e22f7f22a4
0x0000004bf6df8d40:   0000004bf6df8e98 000001e22f7f88d4
0x0000004bf6df8d50:   00000007561208e8 000001e235239ef4
0x0000004bf6df8d60:   0000000000000000 00000007559e1b80
0x0000004bf6df8d70:   00000007562f8a50 00000007479f0350
0x0000004bf6df8d80:   00000007561208e8 000001e23521dbcc
0x0000004bf6df8d90:   000001e2350fd9f4 0000000000000000
0x0000004bf6df8da0:   0000004bf6df8ef8 000001e22f7f8c44
0x0000004bf6df8db0:   0000000000000000 000000074a8b5090
0x0000004bf6df8dc0:   00000007561208e8 00000007559e1b80
0x0000004bf6df8dd0:   000000074a8b9250 000000075549b358
0x0000004bf6df8de0:   000000075549b358 000000075549b370
0x0000004bf6df8df0:   000000075549b3e8 000000074a8b5090
0x0000004bf6df8e00:   0000000748668f70 000000074a8b5118
0x0000004bf6df8e10:   000000074a8b5090 0000000748668f70 

Instructions: (pc=0x000001e2353e58e0)
0x000001e2353e57e0:   00 00 00 00 00 00 00 00 c0 58 3e 35 e2 01 00 00
0x000001e2353e57f0:   c0 58 3e 35 e2 01 00 00 c0 58 3e 35 e2 01 00 00
0x000001e2353e5800:   6e 03 00 00 ff ff ff ff b0 01 00 00 50 03 00 00
0x000001e2353e5810:   88 03 00 00 98 03 00 00 89 57 20 e9 70 04 00 00
0x000001e2353e5820:   40 05 00 00 50 05 00 00 50 05 00 00 80 05 00 00
0x000001e2353e5830:   a8 05 00 00 a8 05 00 00 a8 05 00 00 10 00 00 00
0x000001e2353e5840:   f2 4c 00 00 04 00 00 00 00 00 00 00 02 00 00 00
0x000001e2353e5850:   00 00 00 00 22 00 00 00 dd 01 00 00 06 ff c9 7d
0x000001e2353e5860:   ff ff ff ff ff ff ff ff 01 f0 10 cc 19 c0 02 f0
0x000001e2353e5870:   20 cc 16 c0 29 b0 03 f0 2a cc 0d 34 09 c0 23 44
0x000001e2353e5880:   0c 64 10 64 14 64 10 64 0c 64 10 64 12 64 0e 64
0x000001e2353e5890:   10 64 0c 64 00 f1 05 80 11 64 07 00 01 f8 41 ff
0x000001e2353e58a0:   00 50 00 c0 0a 64 01 f8 15 ff 05 50 00 c0 0a 64
0x000001e2353e58b0:   05 64 0f 64 00 00 00 00 8b de e9 8f f1 ff ff 4c
0x000001e2353e58c0:   89 84 24 00 90 ff ff 55 48 83 ec 20 44 8b 5a 08
0x000001e2353e58d0:   41 81 fb 08 e6 7d 00 0f 85 ef 00 00 00 8b 6a 10
0x000001e2353e58e0:   45 8b 5c ec 08 4d 8d 04 ec 48 b8 48 b2 7d 00 08
0x000001e2353e58f0:   00 00 00 48 be 00 00 00 00 08 00 00 00 49 03 f3
0x000001e2353e5900:   4c 8b 56 20 4c 3b d0 75 4d 41 81 fb f8 b9 7d 00
0x000001e2353e5910:   0f 85 da 00 00 00 41 8b 68 10 45 8b 54 ec 08 49
0x000001e2353e5920:   bb 28 bf 7d 00 08 00 00 00 49 b8 00 00 00 00 08
0x000001e2353e5930:   00 00 00 4d 03 c2 4d 8b 50 48 4d 3b d3 75 73 49
0x000001e2353e5940:   8d 04 ec 48 83 c4 20 5d 49 3b a7 48 03 00 00 0f
0x000001e2353e5950:   87 f3 00 00 00 c3 48 8b 7e 28 8b 0f 48 83 c7 08
0x000001e2353e5960:   48 85 c0 f2 48 af 0f 85 04 00 00 00 48 89 46 20
0x000001e2353e5970:   74 97 41 81 fb 60 dd 7e 00 75 65 49 8b d0 90 e8
0x000001e2353e5980:   9c f2 e0 ff 44 8b 58 08 49 ba 68 e0 7e 00 08 00
0x000001e2353e5990:   00 00 49 b8 00 00 00 00 08 00 00 00 4d 03 c3 4d
0x000001e2353e59a0:   8b 58 48 4d 3b da 75 14 48 8b d0 e8 b0 8f e2 f9
0x000001e2353e59b0:   eb 91 ba de ff ff ff e8 44 0f e1 fe ba de ff ff
0x000001e2353e59c0:   ff 48 8b e8 66 66 90 e8 34 0f e1 fe 48 89 14 24
0x000001e2353e59d0:   48 89 54 24 08 ba de ff ff ff 90 e8 20 0f e1 fe 


Stack slot to memory mapping:
stack at sp + 0 slots: 0x00000007472ca228 is an oop: org.jetbrains.kotlin.ir.declarations.lazy.IrLazyClass 
{0x00000007472ca228} - klass: 'org/jetbrains/kotlin/ir/declarations/lazy/IrLazyClass'
 - ---- fields (total size 13 words):
 - private final 'startOffset' 'I' @12  -1 (ffffffff)
 - private final 'endOffset' 'I' @16  -1 (ffffffff)
 - private final 'isCompanion' 'Z' @20  false
 - private final 'isInner' 'Z' @21  false
 - private final 'isData' 'Z' @22  false
 - private final 'isExternal' 'Z' @23  false
 - private final 'isValue' 'Z' @24  false
 - private final 'isExpect' 'Z' @25  false
 - private final 'isFun' 'Z' @26  false
 - private 'origin' 'Lorg/jetbrains/kotlin/ir/declarations/IrDeclarationOrigin;' @28  a 'org/jetbrains/kotlin/ir/declarations/IrDeclarationOrigin$IR_EXTERNAL_DECLARATION_STUB'{0x0000000747225aa8} (e8e44b55)
 - private final 'symbol' 'Lorg/jetbrains/kotlin/ir/symbols/IrClassSymbol;' @32  a 'org/jetbrains/kotlin/ir/symbols/impl/IrClassSymbolImpl'{0x00000007472ca210} (e8e59442)
 - private final 'descriptor' 'Lorg/jetbrains/kotlin/descriptors/ClassDescriptor;' @36  a 'org/jetbrains/kotlin/serialization/deserialization/descriptors/DeserializedClassDescriptor'{0x0000000741f41ee8} (e83e83dd)
 - private 'name' 'Lorg/jetbrains/kotlin/name/Name;' @40  a 'org/jetbrains/kotlin/name/Name'{0x0000000741f41f58} (e83e83eb)
 - private final 'kind' 'Lorg/jetbrains/kotlin/descriptors/ClassKind;' @44  a 'org/jetbrains/kotlin/descriptors/ClassKind'{0x0000000740cdeca0} (e819bd94)
 - private 'visibility' 'Lorg/jetbrains/kotlin/descriptors/DescriptorVisibility;' @48  a 'org/jetbrains/kotlin/descriptors/DescriptorVisibilities$5'{0x0000000740cb3840} (e8196708)
 - private 'modality' 'Lorg/jetbrains/kotlin/descriptors/Modality;' @52  a 'org/jetbrains/kotlin/descriptors/Modality'{0x0000000742310360} (e846206c)
 - private final 'stubGenerator' 'Lorg/jetbrains/kotlin/ir/util/DeclarationStubGenerator;' @56  a 'org/jetbrains/kotlin/psi2ir/generators/DeclarationStubGeneratorImpl'{0x00000007472ee290} (e8e5dc52)
 - private final 'typeTranslator' 'Lorg/jetbrains/kotlin/ir/util/TypeTranslator;' @60  a 'org/jetbrains/kotlin/psi2ir/generators/TypeTranslatorImpl'{0x00000007472ee860} (e8e5dd0c)
 - private final 'parent$delegate' 'Lkotlin/properties/ReadWriteProperty;' @64  a 'org/jetbrains/kotlin/ir/declarations/lazy/SynchronizedLazyVar'{0x00000007472ca290} (e8e59452)
 - private final 'annotations$delegate' 'Lkotlin/properties/ReadWriteProperty;' @68  a 'org/jetbrains/kotlin/ir/declarations/lazy/SynchronizedLazyVar'{0x00000007472cb9f8} (e8e5973f)
 - private final 'thisReceiver$delegate' 'Lkotlin/properties/ReadWriteProperty;' @72  a 'org/jetbrains/kotlin/ir/declarations/lazy/SynchronizedLazyVar'{0x00000007472cba30} (e8e59746)
 - private final 'declarations$delegate' 'Lkotlin/properties/ReadWriteProperty;' @76  a 'org/jetbrains/kotlin/ir/declarations/lazy/SynchronizedLazyVar'{0x00000007472cba68} (e8e5974d)
 - private final 'typeParameters$delegate' 'Lkotlin/properties/ReadWriteProperty;' @80  a 'org/jetbrains/kotlin/ir/declarations/lazy/SynchronizedLazyVar'{0x00000007472cc578} (e8e598af)
 - private final 'superTypes$delegate' 'Lkotlin/properties/ReadWriteProperty;' @84  a 'org/jetbrains/kotlin/ir/declarations/lazy/SynchronizedLazyVar'{0x00000007472cc5b0} (e8e598b6)
 - private final 'sealedSubclasses$delegate' 'Lkotlin/properties/ReadWriteProperty;' @88  a 'org/jetbrains/kotlin/ir/declarations/lazy/SynchronizedLazyVar'{0x00000007472cc5e8} (e8e598bd)
 - private final 'valueClassRepresentation$delegate' 'Lkotlin/properties/ReadWriteProperty;' @92  a 'org/jetbrains/kotlin/ir/declarations/lazy/SynchronizedLazyVar'{0x00000007472cc620} (e8e598c4)
 - private 'attributeOwnerId' 'Lorg/jetbrains/kotlin/ir/declarations/IrAttributeContainer;' @96  a 'org/jetbrains/kotlin/ir/declarations/lazy/IrLazyClass'{0x00000007472ca228} (e8e59445)
 - private 'irLoaded' 'Ljava/lang/Boolean;' @100  NULL (0)
stack at sp + 1 slots: 0x000001e22f7f1b19 is at entry_point+4921 in (nmethod*)0x000001e22f7f0190
stack at sp + 2 slots: 0x0000004bf6df8ef8 is pointing into the stack for thread: 0x000001e2294980d0
stack at sp + 3 slots: 0x000001e22f7f22a4 is at entry_point+6852 in (nmethod*)0x000001e22f7f0190
stack at sp + 4 slots: 0x0000004bf6df8e98 is pointing into the stack for thread: 0x000001e2294980d0
stack at sp + 5 slots: 0x000001e22f7f88d4 is at entry_point+1620 in (nmethod*)0x000001e22f7f7f10
stack at sp + 6 slots: 0x00000007561208e8 is an oop: [Lorg.jetbrains.kotlin.ir.expressions.IrExpression; 
{0x00000007561208e8} - klass: 'org/jetbrains/kotlin/ir/expressions/IrExpression'[]
 - length: 5
stack at sp + 7 slots: 0x000001e235239ef4 is at entry_point+84 in (nmethod*)0x000001e235239d10

--------------------------------------------------------------------------------
[Constant Pool (empty)]

--------------------------------------------------------------------------------

[MachCode]
  0x000001e2353e58c0: 8984 2400 | 90ff ff55 | 4883 ec20 | 448b 5a08 | 4181 fb08 | e67d 000f | 85ef 0000 | 008b 6a10 
  0x000001e2353e58e0: 458b 5cec | 084d 8d04 | ec48 b848 | b27d 0008 | 0000 0048 | be00 0000 | 0008 0000 | 0049 03f3 
  0x000001e2353e5900: 4c8b 5620 | 4c3b d075 | 4d41 81fb | f8b9 7d00 | 0f85 da00 | 0000 418b | 6810 458b | 54ec 0849 
  0x000001e2353e5920: bb28 bf7d | 0008 0000 | 0049 b800 | 0000 0008 | 0000 004d | 03c2 4d8b | 5048 4d3b | d375 7349 
  0x000001e2353e5940: 8d04 ec48 | 83c4 205d | 493b a748 | 0300 000f | 87f3 0000 | 00c3 488b | 7e28 8b0f | 4883 c708 
  0x000001e2353e5960: 4885 c0f2 | 48af 0f85 | 0400 0000 | 4889 4620 | 7497 4181 | fb60 dd7e | 0075 6549 | 8bd0 90e8 
  0x000001e2353e5980: 9cf2 e0ff | 448b 5808 | 49ba 68e0 | 7e00 0800 | 0000 49b8 | 0000 0000 | 0800 0000 | 4d03 c34d 
  0x000001e2353e59a0: 8b58 484d | 3bda 7514 | 488b d0e8 | b08f e2f9 | eb91 bade | ffff ffe8 | 440f e1fe | bade ffff 
  0x000001e2353e59c0: ff48 8be8 | 6666 90e8 | 340f e1fe | 4889 1424 | 4889 5424 | 08ba deff | ffff 90e8 | 200f e1fe 
  0x000001e2353e59e0: 4889 1424 | bade ffff | ff66 90e8 | 100f e1fe | bade ffff | ff66 90e8 | 040f e1fe | 488b eaba 
  0x000001e2353e5a00: f4ff ffff | 6666 90e8 | f40e e1fe | 488b d0eb | 0348 8bd0 | 4883 c420 | 5de9 e2b9 | ebfe 4889 
  0x000001e2353e5a20: 1424 ba45 | ffff ffe8 | d40e e1fe | ba45 ffff | ff4c 8904 | 2466 90e8 | c40e e1fe | baf4 ffff 
  0x000001e2353e5a40: ff66 90e8 | b80e e1fe | 49ba 4859 | 3e35 e201 | 0000 4d89 | 9760 0300 | 00e9 a21f | e1fe f4f4 
  0x000001e2353e5a60: 48bb 0000 | 0000 0000 | 0000 e9fb | ffff ff48 | bb30 db30 | 53e2 0100 | 00e9 db02 | e1fe e9fd 
  0x000001e2353e5a80: e2ea fee8 | 0000 0000 | 4883 2c24 | 05e9 0e12 | e1fe f4f4 | f4f4 f4f4 
[/MachCode]
--------------------------------------------------------------------------------


---------------  P R O C E S S  ---------------

Threads class SMR info:
_java_thread_list=0x000001e24e16bcc0, length=14, elements={
0x000001e2294980d0, 0x000001e24a02a4e0, 0x000001e24a02b4a0, 0x000001e245bdc410,
0x000001e245bddee0, 0x000001e245bde8a0, 0x000001e24a074410, 0x000001e24a0785c0,
0x000001e24a083490, 0x000001e24a085ea0, 0x000001e24a1ed1e0, 0x000001e24a1f46f0,
0x000001e24cffa160, 0x000001e24c41c5b0
}

Java Threads: ( => current thread )
=>0x000001e2294980d0 JavaThread "main" [_thread_in_Java, id=2800, stack(0x0000004bf6d00000,0x0000004bf6e00000)]
  0x000001e24a02a4e0 JavaThread "Reference Handler" daemon [_thread_blocked, id=12704, stack(0x0000004bf7400000,0x0000004bf7500000)]
  0x000001e24a02b4a0 JavaThread "Finalizer" daemon [_thread_blocked, id=5620, stack(0x0000004bf7500000,0x0000004bf7600000)]
  0x000001e245bdc410 JavaThread "Signal Dispatcher" daemon [_thread_blocked, id=9876, stack(0x0000004bf7600000,0x0000004bf7700000)]
  0x000001e245bddee0 JavaThread "Attach Listener" daemon [_thread_blocked, id=1340, stack(0x0000004bf7700000,0x0000004bf7800000)]
  0x000001e245bde8a0 JavaThread "Service Thread" daemon [_thread_blocked, id=6836, stack(0x0000004bf7800000,0x0000004bf7900000)]
  0x000001e24a074410 JavaThread "Monitor Deflation Thread" daemon [_thread_blocked, id=8880, stack(0x0000004bf7900000,0x0000004bf7a00000)]
  0x000001e24a0785c0 JavaThread "C2 CompilerThread0" daemon [_thread_in_native, id=6768, stack(0x0000004bf7a00000,0x0000004bf7b00000)]
  0x000001e24a083490 JavaThread "C1 CompilerThread0" daemon [_thread_blocked, id=9124, stack(0x0000004bf7b00000,0x0000004bf7c00000)]
  0x000001e24a085ea0 JavaThread "Sweeper thread" daemon [_thread_blocked, id=6592, stack(0x0000004bf7c00000,0x0000004bf7d00000)]
  0x000001e24a1ed1e0 JavaThread "Notification Thread" daemon [_thread_blocked, id=8080, stack(0x0000004bf7d00000,0x0000004bf7e00000)]
  0x000001e24a1f46f0 JavaThread "Common-Cleaner" daemon [_thread_blocked, id=1740, stack(0x0000004bf7f00000,0x0000004bf8000000)]
  0x000001e24cffa160 JavaThread "C2 CompilerThread1" daemon [_thread_in_native, id=3780, stack(0x0000004bf8000000,0x0000004bf8100000)]
  0x000001e24c41c5b0 JavaThread "C2 CompilerThread2" daemon [_thread_in_native, id=9240, stack(0x0000004bf8900000,0x0000004bf8a00000)]

Other Threads:
  0x000001e245bd3930 VMThread "VM Thread" [stack: 0x0000004bf7300000,0x0000004bf7400000] [id=12164] _threads_hazard_ptr=0x000001e24e16bcc0
  0x000001e229506310 WatcherThread [stack: 0x0000004bf7e00000,0x0000004bf7f00000] [id=788]
  0x000001e2294f21c0 GCTaskThread "GC Thread#0" [stack: 0x0000004bf6e00000,0x0000004bf6f00000] [id=1828]
  0x000001e24a81fa50 GCTaskThread "GC Thread#1" [stack: 0x0000004bf8100000,0x0000004bf8200000] [id=12300]
  0x000001e24a81fd10 GCTaskThread "GC Thread#2" [stack: 0x0000004bf8200000,0x0000004bf8300000] [id=1436]
  0x000001e24a8207e0 GCTaskThread "GC Thread#3" [stack: 0x0000004bf8300000,0x0000004bf8400000] [id=9304]
  0x000001e24a8c9850 GCTaskThread "GC Thread#4" [stack: 0x0000004bf8400000,0x0000004bf8500000] [id=12820]
  0x000001e24ae6ba70 GCTaskThread "GC Thread#5" [stack: 0x0000004bf8500000,0x0000004bf8600000] [id=6956]
  0x000001e24aafe950 GCTaskThread "GC Thread#6" [stack: 0x0000004bf8600000,0x0000004bf8700000] [id=11500]
  0x000001e24af0ca40 GCTaskThread "GC Thread#7" [stack: 0x0000004bf8700000,0x0000004bf8800000] [id=12748]
  0x000001e2294ff8a0 ConcurrentGCThread "G1 Main Marker" [stack: 0x0000004bf6f00000,0x0000004bf7000000] [id=1796]
  0x000001e2295002b0 ConcurrentGCThread "G1 Conc#0" [stack: 0x0000004bf7000000,0x0000004bf7100000] [id=12656]
  0x000001e24aef8df0 ConcurrentGCThread "G1 Conc#1" [stack: 0x0000004bf8800000,0x0000004bf8900000] [id=212]
  0x000001e229557a50 ConcurrentGCThread "G1 Refine#0" [stack: 0x0000004bf7100000,0x0000004bf7200000] [id=8424]
  0x000001e24d66cae0 ConcurrentGCThread "G1 Refine#1" [stack: 0x0000004bf8a00000,0x0000004bf8b00000] [id=7028]
  0x000001e24d66e840 ConcurrentGCThread "G1 Refine#2" [stack: 0x0000004bf8b00000,0x0000004bf8c00000] [id=11032]
  0x000001e24c34a510 ConcurrentGCThread "G1 Refine#3" [stack: 0x0000004bf8c00000,0x0000004bf8d00000] [id=8704]
  0x000001e24dc048b0 ConcurrentGCThread "G1 Refine#4" [stack: 0x0000004bf8d00000,0x0000004bf8e00000] [id=5176]
  0x000001e24dc01ca0 ConcurrentGCThread "G1 Refine#5" [stack: 0x0000004bf8e00000,0x0000004bf8f00000] [id=3712]
  0x000001e245a42610 ConcurrentGCThread "G1 Service" [stack: 0x0000004bf7200000,0x0000004bf7300000] [id=7668]

Threads with active compile tasks:
C2 CompilerThread0    32304 21835       4       org.jetbrains.kotlin.backend.jvm.lower.JvmInlineClassLowering::visitFunctionAccess (161 bytes)
C2 CompilerThread1    32304 21841       4       org.jetbrains.kotlin.backend.jvm.MemoizedInlineClassReplacements$getReplacementFunction$1::invoke (9 bytes)
C2 CompilerThread2    32305 21582       4       org.jetbrains.kotlin.backend.jvm.lower.SyntheticAccessorLowering$Companion::isAccessible (495 bytes)

VM state: not at safepoint (normal execution)

VM Mutex/Monitor currently owned by a thread: None

Heap address: 0x0000000740800000, size: 3064 MB, Compressed Oops mode: Zero based, Oop shift amount: 3

CDS archive(s) not mapped
Compressed class space mapped at: 0x0000000800000000-0x0000000840000000, reserved size: 1073741824
Narrow klass base: 0x0000000800000000, Narrow klass shift: 0, Narrow klass range: 0x40000000

GC Precious Log:
 CPUs: 8 total, 8 available
 Memory: 12248M
 Large Page Support: Disabled
 NUMA Support: Disabled
 Compressed Oops: Enabled (Zero based)
 Heap Region Size: 2M
 Heap Min Capacity: 8M
 Heap Initial Capacity: 192M
 Heap Max Capacity: 3064M
 Pre-touch: Disabled
 Parallel Workers: 8
 Concurrent Workers: 2
 Concurrent Refinement Workers: 8
 Periodic GC: Disabled

Heap:
 garbage-first heap   total 360448K, used 225236K [0x0000000740800000, 0x0000000800000000)
  region size 2048K, 14 young (28672K), 4 survivors (8192K)
 Metaspace       used 89446K, committed 89856K, reserved 1179648K
  class space    used 9655K, committed 9856K, reserved 1048576K

Heap Regions: E=young(eden), S=young(survivor), O=old, HS=humongous(starts), HC=humongous(continues), CS=collection set, F=free, OA=open archive, CA=closed archive, TAMS=top-at-mark-start (previous, next)
|   0|0x0000000740800000, 0x0000000740a00000, 0x0000000740a00000|100%|HS|  |TAMS 0x0000000740a00000, 0x0000000740800000| Complete 
|   1|0x0000000740a00000, 0x0000000740c00000, 0x0000000740c00000|100%|HC|  |TAMS 0x0000000740c00000, 0x0000000740a00000| Complete 
|   2|0x0000000740c00000, 0x0000000740e00000, 0x0000000740e00000|100%| O|  |TAMS 0x0000000740e00000, 0x0000000740c00000| Untracked 
|   3|0x0000000740e00000, 0x0000000741000000, 0x0000000741000000|100%|HS|  |TAMS 0x0000000741000000, 0x0000000740e00000| Complete 
|   4|0x0000000741000000, 0x0000000741200000, 0x0000000741200000|100%|HC|  |TAMS 0x0000000741200000, 0x0000000741000000| Complete 
|   5|0x0000000741200000, 0x0000000741400000, 0x0000000741400000|100%| O|  |TAMS 0x0000000741400000, 0x0000000741200000| Untracked 
|   6|0x0000000741400000, 0x0000000741600000, 0x0000000741600000|100%| O|  |TAMS 0x0000000741600000, 0x0000000741400000| Untracked 
|   7|0x0000000741600000, 0x0000000741800000, 0x0000000741800000|100%| O|  |TAMS 0x0000000741800000, 0x0000000741600000| Untracked 
|   8|0x0000000741800000, 0x0000000741a00000, 0x0000000741a00000|100%| O|  |TAMS 0x0000000741a00000, 0x0000000741800000| Untracked 
|   9|0x0000000741a00000, 0x0000000741c00000, 0x0000000741c00000|100%| O|  |TAMS 0x0000000741c00000, 0x0000000741a00000| Untracked 
|  10|0x0000000741c00000, 0x0000000741e00000, 0x0000000741e00000|100%| O|  |TAMS 0x0000000741e00000, 0x0000000741c00000| Untracked 
|  11|0x0000000741e00000, 0x0000000742000000, 0x0000000742000000|100%| O|  |TAMS 0x0000000742000000, 0x0000000741e00000| Untracked 
|  12|0x0000000742000000, 0x0000000742200000, 0x0000000742200000|100%| O|  |TAMS 0x0000000742200000, 0x0000000742000000| Untracked 
|  13|0x0000000742200000, 0x0000000742400000, 0x0000000742400000|100%| O|  |TAMS 0x0000000742400000, 0x0000000742200000| Untracked 
|  14|0x0000000742400000, 0x0000000742600000, 0x0000000742600000|100%| O|  |TAMS 0x0000000742600000, 0x0000000742400000| Untracked 
|  15|0x0000000742600000, 0x0000000742800000, 0x0000000742800000|100%| O|  |TAMS 0x0000000742800000, 0x0000000742600000| Untracked 
|  16|0x0000000742800000, 0x0000000742a00000, 0x0000000742a00000|100%|HS|  |TAMS 0x0000000742a00000, 0x0000000742800000| Complete 
|  17|0x0000000742a00000, 0x0000000742c00000, 0x0000000742c00000|100%| O|  |TAMS 0x0000000742c00000, 0x0000000742a00000| Untracked 
|  18|0x0000000742c00000, 0x0000000742e00000, 0x0000000742e00000|100%| O|  |TAMS 0x0000000742e00000, 0x0000000742c00000| Untracked 
|  19|0x0000000742e00000, 0x0000000743000000, 0x0000000743000000|100%| O|  |TAMS 0x0000000743000000, 0x0000000742e00000| Untracked 
|  20|0x0000000743000000, 0x0000000743200000, 0x0000000743200000|100%| O|  |TAMS 0x0000000743200000, 0x0000000743000000| Untracked 
|  21|0x0000000743200000, 0x0000000743400000, 0x0000000743400000|100%| O|  |TAMS 0x0000000743400000, 0x0000000743200000| Untracked 
|  22|0x0000000743400000, 0x0000000743600000, 0x0000000743600000|100%| O|  |TAMS 0x0000000743600000, 0x0000000743400000| Untracked 
|  23|0x0000000743600000, 0x0000000743800000, 0x0000000743800000|100%| O|  |TAMS 0x0000000743800000, 0x0000000743600000| Untracked 
|  24|0x0000000743800000, 0x0000000743a00000, 0x0000000743a00000|100%| O|  |TAMS 0x0000000743a00000, 0x0000000743800000| Untracked 
|  25|0x0000000743a00000, 0x0000000743c00000, 0x0000000743c00000|100%| O|  |TAMS 0x0000000743c00000, 0x0000000743a00000| Untracked 
|  26|0x0000000743c00000, 0x0000000743e00000, 0x0000000743e00000|100%| O|  |TAMS 0x0000000743e00000, 0x0000000743c00000| Untracked 
|  27|0x0000000743e00000, 0x0000000744000000, 0x0000000744000000|100%| O|  |TAMS 0x0000000744000000, 0x0000000743e00000| Untracked 
|  28|0x0000000744000000, 0x0000000744200000, 0x0000000744200000|100%| O|  |TAMS 0x0000000744200000, 0x0000000744000000| Untracked 
|  29|0x0000000744200000, 0x0000000744400000, 0x0000000744400000|100%| O|  |TAMS 0x0000000744400000, 0x0000000744200000| Untracked 
|  30|0x0000000744400000, 0x0000000744600000, 0x0000000744600000|100%| O|  |TAMS 0x0000000744600000, 0x0000000744400000| Untracked 
|  31|0x0000000744600000, 0x0000000744800000, 0x0000000744800000|100%|HS|  |TAMS 0x0000000744800000, 0x0000000744600000| Complete 
|  32|0x0000000744800000, 0x0000000744a00000, 0x0000000744a00000|100%| O|  |TAMS 0x0000000744a00000, 0x0000000744800000| Untracked 
|  33|0x0000000744a00000, 0x0000000744c00000, 0x0000000744c00000|100%| O|  |TAMS 0x0000000744c00000, 0x0000000744a00000| Untracked 
|  34|0x0000000744c00000, 0x0000000744e00000, 0x0000000744e00000|100%| O|  |TAMS 0x0000000744c00000, 0x0000000744c00000| Untracked 
|  35|0x0000000744e00000, 0x0000000745000000, 0x0000000745000000|100%| O|  |TAMS 0x0000000745000000, 0x0000000744e00000| Untracked 
|  36|0x0000000745000000, 0x0000000745200000, 0x0000000745200000|100%| O|  |TAMS 0x0000000745200000, 0x0000000745000000| Untracked 
|  37|0x0000000745200000, 0x0000000745400000, 0x0000000745400000|100%| O|  |TAMS 0x0000000745400000, 0x0000000745200000| Untracked 
|  38|0x0000000745400000, 0x0000000745600000, 0x0000000745600000|100%| O|  |TAMS 0x0000000745600000, 0x0000000745400000| Untracked 
|  39|0x0000000745600000, 0x0000000745800000, 0x0000000745800000|100%| O|  |TAMS 0x0000000745800000, 0x0000000745600000| Untracked 
|  40|0x0000000745800000, 0x0000000745a00000, 0x0000000745a00000|100%| O|  |TAMS 0x0000000745a00000, 0x0000000745800000| Untracked 
|  41|0x0000000745a00000, 0x0000000745c00000, 0x0000000745c00000|100%| O|  |TAMS 0x0000000745c00000, 0x0000000745a00000| Untracked 
|  42|0x0000000745c00000, 0x0000000745e00000, 0x0000000745e00000|100%| O|  |TAMS 0x0000000745e00000, 0x0000000745c00000| Untracked 
|  43|0x0000000745e00000, 0x0000000746000000, 0x0000000746000000|100%| O|  |TAMS 0x0000000746000000, 0x0000000745e00000| Untracked 
|  44|0x0000000746000000, 0x0000000746200000, 0x0000000746200000|100%| O|  |TAMS 0x0000000746200000, 0x0000000746000000| Untracked 
|  45|0x0000000746200000, 0x0000000746400000, 0x0000000746400000|100%| O|  |TAMS 0x0000000746400000, 0x0000000746200000| Untracked 
|  46|0x0000000746400000, 0x0000000746600000, 0x0000000746600000|100%| O|  |TAMS 0x0000000746600000, 0x0000000746400000| Untracked 
|  47|0x0000000746600000, 0x0000000746800000, 0x0000000746800000|100%| O|  |TAMS 0x0000000746800000, 0x0000000746600000| Untracked 
|  48|0x0000000746800000, 0x0000000746a00000, 0x0000000746a00000|100%| O|  |TAMS 0x00000007469ae600, 0x0000000746800000| Untracked 
|  49|0x0000000746a00000, 0x0000000746c00000, 0x0000000746c00000|100%| O|  |TAMS 0x0000000746a00000, 0x0000000746a00000| Untracked 
|  50|0x0000000746c00000, 0x0000000746e00000, 0x0000000746e00000|100%| O|  |TAMS 0x0000000746c00000, 0x0000000746c00000| Untracked 
|  51|0x0000000746e00000, 0x0000000747000000, 0x0000000747000000|100%| O|  |TAMS 0x0000000746e00000, 0x0000000746e00000| Untracked 
|  52|0x0000000747000000, 0x0000000747200000, 0x0000000747200000|100%| O|  |TAMS 0x0000000747000000, 0x0000000747000000| Untracked 
|  53|0x0000000747200000, 0x0000000747400000, 0x0000000747400000|100%| O|  |TAMS 0x0000000747200000, 0x0000000747200000| Untracked 
|  54|0x0000000747400000, 0x0000000747600000, 0x0000000747600000|100%| O|  |TAMS 0x0000000747400000, 0x0000000747400000| Untracked 
|  55|0x0000000747600000, 0x0000000747800000, 0x0000000747800000|100%| O|  |TAMS 0x0000000747600000, 0x0000000747600000| Untracked 
|  56|0x0000000747800000, 0x0000000747a00000, 0x0000000747a00000|100%| O|  |TAMS 0x0000000747800000, 0x0000000747800000| Untracked 
|  57|0x0000000747a00000, 0x0000000747c00000, 0x0000000747c00000|100%| O|  |TAMS 0x0000000747a00000, 0x0000000747a00000| Untracked 
|  58|0x0000000747c00000, 0x0000000747e00000, 0x0000000747e00000|100%| O|  |TAMS 0x0000000747c00000, 0x0000000747c00000| Untracked 
|  59|0x0000000747e00000, 0x0000000748000000, 0x0000000748000000|100%| O|  |TAMS 0x0000000747e00000, 0x0000000747e00000| Untracked 
|  60|0x0000000748000000, 0x0000000748200000, 0x0000000748200000|100%| O|  |TAMS 0x0000000748000000, 0x0000000748000000| Untracked 
|  61|0x0000000748200000, 0x0000000748400000, 0x0000000748400000|100%| O|  |TAMS 0x0000000748200000, 0x0000000748200000| Untracked 
|  62|0x0000000748400000, 0x0000000748600000, 0x0000000748600000|100%| O|  |TAMS 0x0000000748400000, 0x0000000748400000| Untracked 
|  63|0x0000000748600000, 0x0000000748800000, 0x0000000748800000|100%| O|  |TAMS 0x0000000748600000, 0x0000000748600000| Untracked 
|  64|0x0000000748800000, 0x0000000748a00000, 0x0000000748a00000|100%| O|  |TAMS 0x0000000748800000, 0x0000000748800000| Untracked 
|  65|0x0000000748a00000, 0x0000000748c00000, 0x0000000748c00000|100%| O|  |TAMS 0x0000000748a00000, 0x0000000748a00000| Untracked 
|  66|0x0000000748c00000, 0x0000000748e00000, 0x0000000748e00000|100%| O|  |TAMS 0x0000000748c00000, 0x0000000748c00000| Untracked 
|  67|0x0000000748e00000, 0x0000000749000000, 0x0000000749000000|100%| O|  |TAMS 0x0000000748e00000, 0x0000000748e00000| Untracked 
|  68|0x0000000749000000, 0x0000000749200000, 0x0000000749200000|100%| O|  |TAMS 0x0000000749000000, 0x0000000749000000| Untracked 
|  69|0x0000000749200000, 0x0000000749400000, 0x0000000749400000|100%| O|  |TAMS 0x0000000749200000, 0x0000000749200000| Untracked 
|  70|0x0000000749400000, 0x0000000749600000, 0x0000000749600000|100%| O|  |TAMS 0x0000000749400000, 0x0000000749400000| Untracked 
|  71|0x0000000749600000, 0x0000000749800000, 0x0000000749800000|100%| O|  |TAMS 0x0000000749600000, 0x0000000749600000| Untracked 
|  72|0x0000000749800000, 0x0000000749a00000, 0x0000000749a00000|100%| O|  |TAMS 0x0000000749800000, 0x0000000749800000| Untracked 
|  73|0x0000000749a00000, 0x0000000749c00000, 0x0000000749c00000|100%| O|  |TAMS 0x0000000749a00000, 0x0000000749a00000| Untracked 
|  74|0x0000000749c00000, 0x0000000749e00000, 0x0000000749e00000|100%| O|  |TAMS 0x0000000749c00000, 0x0000000749c00000| Untracked 
|  75|0x0000000749e00000, 0x000000074a000000, 0x000000074a000000|100%| O|  |TAMS 0x0000000749e00000, 0x0000000749e00000| Untracked 
|  76|0x000000074a000000, 0x000000074a200000, 0x000000074a200000|100%| O|  |TAMS 0x000000074a000000, 0x000000074a000000| Untracked 
|  77|0x000000074a200000, 0x000000074a400000, 0x000000074a400000|100%| O|  |TAMS 0x000000074a200000, 0x000000074a200000| Untracked 
|  78|0x000000074a400000, 0x000000074a600000, 0x000000074a600000|100%| O|  |TAMS 0x000000074a400000, 0x000000074a400000| Untracked 
|  79|0x000000074a600000, 0x000000074a800000, 0x000000074a800000|100%| O|  |TAMS 0x000000074a600000, 0x000000074a600000| Untracked 
|  80|0x000000074a800000, 0x000000074aa00000, 0x000000074aa00000|100%| O|  |TAMS 0x000000074a800000, 0x000000074a800000| Untracked 
|  81|0x000000074aa00000, 0x000000074ac00000, 0x000000074ac00000|100%| O|  |TAMS 0x000000074aa00000, 0x000000074aa00000| Untracked 
|  82|0x000000074ac00000, 0x000000074ae00000, 0x000000074ae00000|100%| O|  |TAMS 0x000000074ac00000, 0x000000074ac00000| Untracked 
|  83|0x000000074ae00000, 0x000000074b000000, 0x000000074b000000|100%| O|  |TAMS 0x000000074ae00000, 0x000000074ae00000| Untracked 
|  84|0x000000074b000000, 0x000000074b200000, 0x000000074b200000|100%| O|  |TAMS 0x000000074b000000, 0x000000074b000000| Untracked 
|  85|0x000000074b200000, 0x000000074b400000, 0x000000074b400000|100%| O|  |TAMS 0x000000074b200000, 0x000000074b200000| Untracked 
|  86|0x000000074b400000, 0x000000074b600000, 0x000000074b600000|100%| O|  |TAMS 0x000000074b400000, 0x000000074b400000| Untracked 
|  87|0x000000074b600000, 0x000000074b800000, 0x000000074b800000|100%| O|  |TAMS 0x000000074b600000, 0x000000074b600000| Untracked 
|  88|0x000000074b800000, 0x000000074ba00000, 0x000000074ba00000|100%| O|  |TAMS 0x000000074b800000, 0x000000074b800000| Untracked 
|  89|0x000000074ba00000, 0x000000074bc00000, 0x000000074bc00000|100%| O|  |TAMS 0x000000074ba00000, 0x000000074ba00000| Untracked 
|  90|0x000000074bc00000, 0x000000074be00000, 0x000000074be00000|100%| O|  |TAMS 0x000000074bc00000, 0x000000074bc00000| Untracked 
|  91|0x000000074be00000, 0x000000074c000000, 0x000000074c000000|100%| O|  |TAMS 0x000000074be00000, 0x000000074be00000| Untracked 
|  92|0x000000074c000000, 0x000000074c200000, 0x000000074c200000|100%| O|  |TAMS 0x000000074c000000, 0x000000074c000000| Untracked 
|  93|0x000000074c200000, 0x000000074c400000, 0x000000074c400000|100%| O|  |TAMS 0x000000074c200000, 0x000000074c200000| Untracked 
|  94|0x000000074c400000, 0x000000074c600000, 0x000000074c600000|100%| O|  |TAMS 0x000000074c400000, 0x000000074c400000| Untracked 
|  95|0x000000074c600000, 0x000000074c800000, 0x000000074c800000|100%| O|  |TAMS 0x000000074c600000, 0x000000074c600000| Untracked 
|  96|0x000000074c800000, 0x000000074ca00000, 0x000000074ca00000|100%| O|  |TAMS 0x000000074c800000, 0x000000074c800000| Untracked 
|  97|0x000000074ca00000, 0x000000074ca00000, 0x000000074cc00000|  0%| F|  |TAMS 0x000000074ca00000, 0x000000074ca00000| Untracked 
|  98|0x000000074cc00000, 0x000000074cc00000, 0x000000074ce00000|  0%| F|  |TAMS 0x000000074cc00000, 0x000000074cc00000| Untracked 
|  99|0x000000074ce00000, 0x000000074ce00000, 0x000000074d000000|  0%| F|  |TAMS 0x000000074ce00000, 0x000000074ce00000| Untracked 
| 100|0x000000074d000000, 0x000000074d000000, 0x000000074d200000|  0%| F|  |TAMS 0x000000074d000000, 0x000000074d000000| Untracked 
| 101|0x000000074d200000, 0x000000074d200000, 0x000000074d400000|  0%| F|  |TAMS 0x000000074d200000, 0x000000074d200000| Untracked 
| 102|0x000000074d400000, 0x000000074d400000, 0x000000074d600000|  0%| F|  |TAMS 0x000000074d400000, 0x000000074d400000| Untracked 
| 103|0x000000074d600000, 0x000000074d600000, 0x000000074d800000|  0%| F|  |TAMS 0x000000074d600000, 0x000000074d600000| Untracked 
| 104|0x000000074d800000, 0x000000074d800000, 0x000000074da00000|  0%| F|  |TAMS 0x000000074d800000, 0x000000074d800000| Untracked 
| 105|0x000000074da00000, 0x000000074da00000, 0x000000074dc00000|  0%| F|  |TAMS 0x000000074da00000, 0x000000074da00000| Untracked 
| 106|0x000000074dc00000, 0x000000074dc00000, 0x000000074de00000|  0%| F|  |TAMS 0x000000074dc00000, 0x000000074dc00000| Untracked 
| 107|0x000000074de00000, 0x000000074de00000, 0x000000074e000000|  0%| F|  |TAMS 0x000000074de00000, 0x000000074de00000| Untracked 
| 108|0x000000074e000000, 0x000000074e000000, 0x000000074e200000|  0%| F|  |TAMS 0x000000074e000000, 0x000000074e000000| Untracked 
| 109|0x000000074e200000, 0x000000074e200000, 0x000000074e400000|  0%| F|  |TAMS 0x000000074e200000, 0x000000074e200000| Untracked 
| 110|0x000000074e400000, 0x000000074e400000, 0x000000074e600000|  0%| F|  |TAMS 0x000000074e400000, 0x000000074e400000| Untracked 
| 111|0x000000074e600000, 0x000000074e600000, 0x000000074e800000|  0%| F|  |TAMS 0x000000074e600000, 0x000000074e600000| Untracked 
| 112|0x000000074e800000, 0x000000074e800000, 0x000000074ea00000|  0%| F|  |TAMS 0x000000074e800000, 0x000000074e800000| Untracked 
| 113|0x000000074ea00000, 0x000000074ea00000, 0x000000074ec00000|  0%| F|  |TAMS 0x000000074ea00000, 0x000000074ea00000| Untracked 
| 114|0x000000074ec00000, 0x000000074ec00000, 0x000000074ee00000|  0%| F|  |TAMS 0x000000074ec00000, 0x000000074ec00000| Untracked 
| 115|0x000000074ee00000, 0x000000074ee00000, 0x000000074f000000|  0%| F|  |TAMS 0x000000074ee00000, 0x000000074ee00000| Untracked 
| 116|0x000000074f000000, 0x000000074f000000, 0x000000074f200000|  0%| F|  |TAMS 0x000000074f000000, 0x000000074f000000| Untracked 
| 117|0x000000074f200000, 0x000000074f200000, 0x000000074f400000|  0%| F|  |TAMS 0x000000074f200000, 0x000000074f200000| Untracked 
| 118|0x000000074f400000, 0x000000074f400000, 0x000000074f600000|  0%| F|  |TAMS 0x000000074f400000, 0x000000074f400000| Untracked 
| 119|0x000000074f600000, 0x000000074f600000, 0x000000074f800000|  0%| F|  |TAMS 0x000000074f600000, 0x000000074f600000| Untracked 
| 120|0x000000074f800000, 0x000000074f800000, 0x000000074fa00000|  0%| F|  |TAMS 0x000000074f800000, 0x000000074f800000| Untracked 
| 121|0x000000074fa00000, 0x000000074fa00000, 0x000000074fc00000|  0%| F|  |TAMS 0x000000074fa00000, 0x000000074fa00000| Untracked 
| 122|0x000000074fc00000, 0x000000074fc00000, 0x000000074fe00000|  0%| F|  |TAMS 0x000000074fc00000, 0x000000074fc00000| Untracked 
| 123|0x000000074fe00000, 0x000000074fe00000, 0x0000000750000000|  0%| F|  |TAMS 0x000000074fe00000, 0x000000074fe00000| Untracked 
| 124|0x0000000750000000, 0x0000000750000000, 0x0000000750200000|  0%| F|  |TAMS 0x0000000750000000, 0x0000000750000000| Untracked 
| 125|0x0000000750200000, 0x0000000750200000, 0x0000000750400000|  0%| F|  |TAMS 0x0000000750200000, 0x0000000750200000| Untracked 
| 126|0x0000000750400000, 0x0000000750400000, 0x0000000750600000|  0%| F|  |TAMS 0x0000000750400000, 0x0000000750400000| Untracked 
| 127|0x0000000750600000, 0x0000000750600000, 0x0000000750800000|  0%| F|  |TAMS 0x0000000750600000, 0x0000000750600000| Untracked 
| 128|0x0000000750800000, 0x0000000750800000, 0x0000000750a00000|  0%| F|  |TAMS 0x0000000750800000, 0x0000000750800000| Untracked 
| 129|0x0000000750a00000, 0x0000000750a00000, 0x0000000750c00000|  0%| F|  |TAMS 0x0000000750a00000, 0x0000000750a00000| Untracked 
| 130|0x0000000750c00000, 0x0000000750c00000, 0x0000000750e00000|  0%| F|  |TAMS 0x0000000750c00000, 0x0000000750c00000| Untracked 
| 131|0x0000000750e00000, 0x0000000750e00000, 0x0000000751000000|  0%| F|  |TAMS 0x0000000750e00000, 0x0000000750e00000| Untracked 
| 132|0x0000000751000000, 0x0000000751000000, 0x0000000751200000|  0%| F|  |TAMS 0x0000000751000000, 0x0000000751000000| Untracked 
| 133|0x0000000751200000, 0x0000000751200000, 0x0000000751400000|  0%| F|  |TAMS 0x0000000751200000, 0x0000000751200000| Untracked 
| 134|0x0000000751400000, 0x0000000751400000, 0x0000000751600000|  0%| F|  |TAMS 0x0000000751400000, 0x0000000751400000| Untracked 
| 135|0x0000000751600000, 0x00000007517f51a0, 0x0000000751800000| 97%| S|CS|TAMS 0x0000000751600000, 0x0000000751600000| Complete 
| 136|0x0000000751800000, 0x0000000751a00000, 0x0000000751a00000|100%| S|CS|TAMS 0x0000000751800000, 0x0000000751800000| Complete 
| 137|0x0000000751a00000, 0x0000000751c00000, 0x0000000751c00000|100%| S|CS|TAMS 0x0000000751a00000, 0x0000000751a00000| Complete 
| 138|0x0000000751c00000, 0x0000000751e00000, 0x0000000751e00000|100%| S|CS|TAMS 0x0000000751c00000, 0x0000000751c00000| Complete 
| 139|0x0000000751e00000, 0x0000000751e00000, 0x0000000752000000|  0%| F|  |TAMS 0x0000000751e00000, 0x0000000751e00000| Untracked 
| 140|0x0000000752000000, 0x0000000752000000, 0x0000000752200000|  0%| F|  |TAMS 0x0000000752000000, 0x0000000752000000| Untracked 
| 141|0x0000000752200000, 0x0000000752200000, 0x0000000752400000|  0%| F|  |TAMS 0x0000000752200000, 0x0000000752200000| Untracked 
| 142|0x0000000752400000, 0x0000000752400000, 0x0000000752600000|  0%| F|  |TAMS 0x0000000752400000, 0x0000000752400000| Untracked 
| 143|0x0000000752600000, 0x0000000752600000, 0x0000000752800000|  0%| F|  |TAMS 0x0000000752600000, 0x0000000752600000| Untracked 
| 144|0x0000000752800000, 0x0000000752800000, 0x0000000752a00000|  0%| F|  |TAMS 0x0000000752800000, 0x0000000752800000| Untracked 
| 145|0x0000000752a00000, 0x0000000752a00000, 0x0000000752c00000|  0%| F|  |TAMS 0x0000000752a00000, 0x0000000752a00000| Untracked 
| 146|0x0000000752c00000, 0x0000000752c00000, 0x0000000752e00000|  0%| F|  |TAMS 0x0000000752c00000, 0x0000000752c00000| Untracked 
| 147|0x0000000752e00000, 0x0000000752e00000, 0x0000000753000000|  0%| F|  |TAMS 0x0000000752e00000, 0x0000000752e00000| Untracked 
| 148|0x0000000753000000, 0x0000000753000000, 0x0000000753200000|  0%| F|  |TAMS 0x0000000753000000, 0x0000000753000000| Untracked 
| 149|0x0000000753200000, 0x0000000753200000, 0x0000000753400000|  0%| F|  |TAMS 0x0000000753200000, 0x0000000753200000| Untracked 
| 150|0x0000000753400000, 0x0000000753400000, 0x0000000753600000|  0%| F|  |TAMS 0x0000000753400000, 0x0000000753400000| Untracked 
| 151|0x0000000753600000, 0x0000000753600000, 0x0000000753800000|  0%| F|  |TAMS 0x0000000753600000, 0x0000000753600000| Untracked 
| 152|0x0000000753800000, 0x0000000753800000, 0x0000000753a00000|  0%| F|  |TAMS 0x0000000753800000, 0x0000000753800000| Untracked 
| 153|0x0000000753a00000, 0x0000000753a00000, 0x0000000753c00000|  0%| F|  |TAMS 0x0000000753a00000, 0x0000000753a00000| Untracked 
| 154|0x0000000753c00000, 0x0000000753c00000, 0x0000000753e00000|  0%| F|  |TAMS 0x0000000753c00000, 0x0000000753c00000| Untracked 
| 155|0x0000000753e00000, 0x0000000753e00000, 0x0000000754000000|  0%| F|  |TAMS 0x0000000753e00000, 0x0000000753e00000| Untracked 
| 156|0x0000000754000000, 0x0000000754000000, 0x0000000754200000|  0%| F|  |TAMS 0x0000000754000000, 0x0000000754000000| Untracked 
| 157|0x0000000754200000, 0x0000000754200000, 0x0000000754400000|  0%| F|  |TAMS 0x0000000754200000, 0x0000000754200000| Untracked 
| 158|0x0000000754400000, 0x0000000754400000, 0x0000000754600000|  0%| F|  |TAMS 0x0000000754400000, 0x0000000754400000| Untracked 
| 159|0x0000000754600000, 0x0000000754600000, 0x0000000754800000|  0%| F|  |TAMS 0x0000000754600000, 0x0000000754600000| Untracked 
| 160|0x0000000754800000, 0x0000000754800000, 0x0000000754a00000|  0%| F|  |TAMS 0x0000000754800000, 0x0000000754800000| Untracked 
| 161|0x0000000754a00000, 0x0000000754a00000, 0x0000000754c00000|  0%| F|  |TAMS 0x0000000754a00000, 0x0000000754a00000| Untracked 
| 162|0x0000000754c00000, 0x0000000754c00000, 0x0000000754e00000|  0%| F|  |TAMS 0x0000000754c00000, 0x0000000754c00000| Untracked 
| 163|0x0000000754e00000, 0x0000000754e00000, 0x0000000755000000|  0%| F|  |TAMS 0x0000000754e00000, 0x0000000754e00000| Untracked 
| 164|0x0000000755000000, 0x0000000755000000, 0x0000000755200000|  0%| F|  |TAMS 0x0000000755000000, 0x0000000755000000| Untracked 
| 165|0x0000000755200000, 0x0000000755200000, 0x0000000755400000|  0%| F|  |TAMS 0x0000000755200000, 0x0000000755200000| Untracked 
| 166|0x0000000755400000, 0x00000007555051a0, 0x0000000755600000| 50%| E|  |TAMS 0x0000000755400000, 0x0000000755400000| Complete 
| 167|0x0000000755600000, 0x0000000755800000, 0x0000000755800000|100%| E|CS|TAMS 0x0000000755600000, 0x0000000755600000| Complete 
| 168|0x0000000755800000, 0x0000000755a00000, 0x0000000755a00000|100%| E|CS|TAMS 0x0000000755800000, 0x0000000755800000| Complete 
| 169|0x0000000755a00000, 0x0000000755c00000, 0x0000000755c00000|100%| E|CS|TAMS 0x0000000755a00000, 0x0000000755a00000| Complete 
| 170|0x0000000755c00000, 0x0000000755e00000, 0x0000000755e00000|100%| E|CS|TAMS 0x0000000755c00000, 0x0000000755c00000| Complete 
| 171|0x0000000755e00000, 0x0000000756000000, 0x0000000756000000|100%| E|CS|TAMS 0x0000000755e00000, 0x0000000755e00000| Complete 
| 172|0x0000000756000000, 0x0000000756200000, 0x0000000756200000|100%| E|CS|TAMS 0x0000000756000000, 0x0000000756000000| Complete 
| 173|0x0000000756200000, 0x0000000756400000, 0x0000000756400000|100%| E|CS|TAMS 0x0000000756200000, 0x0000000756200000| Complete 
| 174|0x0000000756400000, 0x0000000756600000, 0x0000000756600000|100%| E|CS|TAMS 0x0000000756400000, 0x0000000756400000| Complete 
| 175|0x0000000756600000, 0x0000000756800000, 0x0000000756800000|100%| E|CS|TAMS 0x0000000756600000, 0x0000000756600000| Complete 

Card table byte_map: [0x000001e23c5a0000,0x000001e23cba0000] _byte_map_base: 0x000001e238b9c000

Marking Bits (Prev, Next): (CMBitMap*) 0x000001e2294f27e0, (CMBitMap*) 0x000001e2294f2820
 Prev Bits: [0x000001e23d1a0000, 0x000001e240180000)
 Next Bits: [0x000001e240180000, 0x000001e243160000)

Polling page: 0x000001e227400000

Metaspace:

Usage:
  Non-class:     77.92 MB used.
      Class:      9.43 MB used.
       Both:     87.35 MB used.

Virtual space:
  Non-class space:      128.00 MB reserved,      78.12 MB ( 61%) committed,  2 nodes.
      Class space:        1.00 GB reserved,       9.62 MB ( <1%) committed,  1 nodes.
             Both:        1.12 GB reserved,      87.75 MB (  8%) committed. 

Chunk freelists:
   Non-Class:  1.64 MB
       Class:  6.23 MB
        Both:  7.87 MB

MaxMetaspaceSize: unlimited
CompressedClassSpaceSize: 1.00 GB
Initial GC threshold: 21.00 MB
Current GC threshold: 113.25 MB
CDS: off
MetaspaceReclaimPolicy: balanced
 - commit_granule_bytes: 65536.
 - commit_granule_words: 8192.
 - virtual_space_node_default_size: 8388608.
 - enlarge_chunks_in_place: 1.
 - new_chunks_are_fully_committed: 0.
 - uncommit_free_chunks: 1.
 - use_allocation_guard: 0.
 - handle_deallocations: 1.


Internal statistics:

num_allocs_failed_limit: 9.
num_arena_births: 490.
num_arena_deaths: 0.
num_vsnodes_births: 3.
num_vsnodes_deaths: 0.
num_space_committed: 1402.
num_space_uncommitted: 0.
num_chunks_returned_to_freelist: 9.
num_chunks_taken_from_freelist: 3540.
num_chunk_merges: 9.
num_chunk_splits: 2723.
num_chunks_enlarged: 2286.
num_inconsistent_stats: 0.

CodeHeap 'non-profiled nmethods': size=120000Kb used=13055Kb max_used=13240Kb free=106945Kb
 bounds [0x000001e234740000, 0x000001e235430000, 0x000001e23bc70000]
CodeHeap 'profiled nmethods': size=120000Kb used=51900Kb max_used=51900Kb free=68099Kb
 bounds [0x000001e22cc70000, 0x000001e22ff30000, 0x000001e2341a0000]
CodeHeap 'non-nmethods': size=5760Kb used=1410Kb max_used=1501Kb free=4349Kb
 bounds [0x000001e2341a0000, 0x000001e234410000, 0x000001e234740000]
 total_blobs=18025 nmethods=17290 adapters=643
 compilation: enabled
              stopped_count=0, restarted_count=0
 full_count=0

Compilation events (20 events):
Event: 32.229 Thread 0x000001e24a083490 nmethod 21836 0x000001e22ff18190 code [0x000001e22ff18400, 0x000001e22ff190f8]
Event: 32.229 Thread 0x000001e24a083490 21837       3       sun.security.provider.ByteArrayAccess::i2bLittle4 (10 bytes)
Event: 32.230 Thread 0x000001e24a083490 nmethod 21837 0x000001e22ff19490 code [0x000001e22ff196c0, 0x000001e22ff19df8]
Event: 32.230 Thread 0x000001e24a083490 21838       3       org.jetbrains.kotlin.com.intellij.psi.search.GlobalSearchScope::allScope (23 bytes)
Event: 32.230 Thread 0x000001e24a083490 nmethod 21838 0x000001e22ff1a110 code [0x000001e22ff1a300, 0x000001e22ff1a748]
Event: 32.230 Thread 0x000001e24a083490 21839       3       org.jetbrains.kotlin.com.intellij.psi.search.ProjectScope::getAllScope (27 bytes)
Event: 32.230 Thread 0x000001e24a083490 nmethod 21839 0x000001e22ff1a890 code [0x000001e22ff1aa60, 0x000001e22ff1ad68]
Event: 32.231 Thread 0x000001e24a083490 21840       3       org.jetbrains.kotlin.ir.util.IrUtilsKt::isAnnotation (39 bytes)
Event: 32.232 Thread 0x000001e24a083490 nmethod 21840 0x000001e22ff1ae90 code [0x000001e22ff1b180, 0x000001e22ff1bfd8]
Event: 32.235 Thread 0x000001e24a083490 21842       3       java.security.Provider::checkInitialized (16 bytes)
Event: 32.235 Thread 0x000001e24a083490 nmethod 21842 0x000001e22ff1c510 code [0x000001e22ff1c6c0, 0x000001e22ff1c8e8]
Event: 32.240 Thread 0x000001e24a083490 21843       3       java.util.concurrent.ConcurrentHashMap::isEmpty (15 bytes)
Event: 32.240 Thread 0x000001e24a083490 nmethod 21843 0x000001e22ff1ca10 code [0x000001e22ff1cbc0, 0x000001e22ff1cd68]
Event: 32.243 Thread 0x000001e24a083490 21844       3       org.jetbrains.kotlin.ir.util.IrTypeUtilsKt::substitute (473 bytes)
Event: 32.247 Thread 0x000001e24a083490 nmethod 21844 0x000001e22ff1ce10 code [0x000001e22ff1d5e0, 0x000001e22ff22598]
Event: 32.253 Thread 0x000001e24a083490 21845       3       java.lang.String::getBytes (25 bytes)
Event: 32.254 Thread 0x000001e24a083490 nmethod 21845 0x000001e22ff24090 code [0x000001e22ff24260, 0x000001e22ff24538]
Event: 32.254 Thread 0x000001e24a083490 21846       3       org.jetbrains.kotlin.backend.jvm.lower.JvmInlineClassLowering::isSpecificLoweringLogicApplicable (11 bytes)
Event: 32.255 Thread 0x000001e24a083490 nmethod 21846 0x000001e22ff24690 code [0x000001e22ff24940, 0x000001e22ff255a8]
Event: 32.255 Thread 0x000001e24a083490 21847       2       org.jetbrains.kotlin.backend.jvm.MemoizedInlineClassReplacements$getReplacementFunction$1::invoke (293 bytes)

GC Heap History (20 events):
Event: 22.824 GC heap before
{Heap before GC invocations=33 (full 0):
 garbage-first heap   total 174080K, used 101909K [0x0000000740800000, 0x0000000800000000)
  region size 2048K, 4 young (8192K), 3 survivors (6144K)
 Metaspace       used 69152K, committed 69504K, reserved 1114112K
  class space    used 7735K, committed 7872K, reserved 1048576K
}
Event: 22.834 GC heap after
{Heap after GC invocations=34 (full 0):
 garbage-first heap   total 174080K, used 99003K [0x0000000740800000, 0x0000000800000000)
  region size 2048K, 1 young (2048K), 1 survivors (2048K)
 Metaspace       used 69152K, committed 69504K, reserved 1114112K
  class space    used 7735K, committed 7872K, reserved 1048576K
}
Event: 23.741 GC heap before
{Heap before GC invocations=34 (full 0):
 garbage-first heap   total 174080K, used 144059K [0x0000000740800000, 0x0000000800000000)
  region size 2048K, 23 young (47104K), 1 survivors (2048K)
 Metaspace       used 69213K, committed 69568K, reserved 1114112K
  class space    used 7736K, committed 7872K, reserved 1048576K
}
Event: 23.747 GC heap after
{Heap after GC invocations=35 (full 0):
 garbage-first heap   total 286720K, used 101376K [0x0000000740800000, 0x0000000800000000)
  region size 2048K, 2 young (4096K), 2 survivors (4096K)
 Metaspace       used 69213K, committed 69568K, reserved 1114112K
  class space    used 7736K, committed 7872K, reserved 1048576K
}
Event: 25.333 GC heap before
{Heap before GC invocations=36 (full 0):
 garbage-first heap   total 286720K, used 232448K [0x0000000740800000, 0x0000000800000000)
  region size 2048K, 66 young (135168K), 2 survivors (4096K)
 Metaspace       used 71172K, committed 71488K, reserved 1114112K
  class space    used 7920K, committed 8064K, reserved 1048576K
}
Event: 25.340 GC heap after
{Heap after GC invocations=37 (full 0):
 garbage-first heap   total 286720K, used 104611K [0x0000000740800000, 0x0000000800000000)
  region size 2048K, 4 young (8192K), 4 survivors (8192K)
 Metaspace       used 71172K, committed 71488K, reserved 1114112K
  class space    used 7920K, committed 8064K, reserved 1048576K
}
Event: 27.209 GC heap before
{Heap before GC invocations=37 (full 0):
 garbage-first heap   total 286720K, used 235683K [0x0000000740800000, 0x0000000800000000)
  region size 2048K, 68 young (139264K), 4 survivors (8192K)
 Metaspace       used 77688K, committed 78080K, reserved 1179648K
  class space    used 8544K, committed 8704K, reserved 1048576K
}
Event: 27.232 GC heap after
{Heap after GC invocations=38 (full 0):
 garbage-first heap   total 286720K, used 127126K [0x0000000740800000, 0x0000000800000000)
  region size 2048K, 9 young (18432K), 9 survivors (18432K)
 Metaspace       used 77688K, committed 78080K, reserved 1179648K
  class space    used 8544K, committed 8704K, reserved 1048576K
}
Event: 28.387 GC heap before
{Heap before GC invocations=38 (full 0):
 garbage-first heap   total 286720K, used 225430K [0x0000000740800000, 0x0000000800000000)
  region size 2048K, 57 young (116736K), 9 survivors (18432K)
 Metaspace       used 79083K, committed 79488K, reserved 1179648K
  class space    used 8654K, committed 8832K, reserved 1048576K
}
Event: 28.421 GC heap after
{Heap after GC invocations=39 (full 0):
 garbage-first heap   total 286720K, used 151552K [0x0000000740800000, 0x0000000800000000)
  region size 2048K, 8 young (16384K), 8 survivors (16384K)
 Metaspace       used 79083K, committed 79488K, reserved 1179648K
  class space    used 8654K, committed 8832K, reserved 1048576K
}
Event: 29.092 GC heap before
{Heap before GC invocations=39 (full 0):
 garbage-first heap   total 286720K, used 219136K [0x0000000740800000, 0x0000000800000000)
  region size 2048K, 41 young (83968K), 8 survivors (16384K)
 Metaspace       used 79119K, committed 79488K, reserved 1179648K
  class space    used 8654K, committed 8832K, reserved 1048576K
}
Event: 29.128 GC heap after
{Heap after GC invocations=40 (full 0):
 garbage-first heap   total 286720K, used 188416K [0x0000000740800000, 0x0000000800000000)
  region size 2048K, 6 young (12288K), 6 survivors (12288K)
 Metaspace       used 79119K, committed 79488K, reserved 1179648K
  class space    used 8654K, committed 8832K, reserved 1048576K
}
Event: 29.644 GC heap before
{Heap before GC invocations=40 (full 0):
 garbage-first heap   total 286720K, used 223232K [0x0000000740800000, 0x0000000800000000)
  region size 2048K, 23 young (47104K), 6 survivors (12288K)
 Metaspace       used 79545K, committed 79936K, reserved 1179648K
  class space    used 8678K, committed 8832K, reserved 1048576K
}
Event: 29.659 GC heap after
{Heap after GC invocations=41 (full 0):
 garbage-first heap   total 286720K, used 197632K [0x0000000740800000, 0x0000000800000000)
  region size 2048K, 3 young (6144K), 3 survivors (6144K)
 Metaspace       used 79545K, committed 79936K, reserved 1179648K
  class space    used 8678K, committed 8832K, reserved 1048576K
}
Event: 30.051 GC heap before
{Heap before GC invocations=41 (full 0):
 garbage-first heap   total 286720K, used 228352K [0x0000000740800000, 0x0000000800000000)
  region size 2048K, 19 young (38912K), 3 survivors (6144K)
 Metaspace       used 80214K, committed 80576K, reserved 1179648K
  class space    used 8729K, committed 8896K, reserved 1048576K
}
Event: 30.062 GC heap after
{Heap after GC invocations=42 (full 0):
 garbage-first heap   total 286720K, used 200704K [0x0000000740800000, 0x0000000800000000)
  region size 2048K, 1 young (2048K), 1 survivors (2048K)
 Metaspace       used 80214K, committed 80576K, reserved 1179648K
  class space    used 8729K, committed 8896K, reserved 1048576K
}
Event: 30.634 GC heap before
{Heap before GC invocations=42 (full 0):
 garbage-first heap   total 286720K, used 233472K [0x0000000740800000, 0x0000000800000000)
  region size 2048K, 17 young (34816K), 1 survivors (2048K)
 Metaspace       used 85463K, committed 85824K, reserved 1179648K
  class space    used 9380K, committed 9536K, reserved 1048576K
}
Event: 30.640 GC heap after
{Heap after GC invocations=43 (full 0):
 garbage-first heap   total 360448K, used 202320K [0x0000000740800000, 0x0000000800000000)
  region size 2048K, 2 young (4096K), 2 survivors (4096K)
 Metaspace       used 85463K, committed 85824K, reserved 1179648K
  class space    used 9380K, committed 9536K, reserved 1048576K
}
Event: 31.975 GC heap before
{Heap before GC invocations=43 (full 0):
 garbage-first heap   total 360448K, used 278096K [0x0000000740800000, 0x0000000800000000)
  region size 2048K, 39 young (79872K), 2 survivors (4096K)
 Metaspace       used 89204K, committed 89600K, reserved 1179648K
  class space    used 9647K, committed 9856K, reserved 1048576K
}
Event: 31.983 GC heap after
{Heap after GC invocations=44 (full 0):
 garbage-first heap   total 360448K, used 206804K [0x0000000740800000, 0x0000000800000000)
  region size 2048K, 4 young (8192K), 4 survivors (8192K)
 Metaspace       used 89204K, committed 89600K, reserved 1179648K
  class space    used 9647K, committed 9856K, reserved 1048576K
}

Dll operation events (3 events):
Event: 0.005 Loaded shared library C:\Users\jonat\.jdks\jbr-17.0.8\bin\java.dll
Event: 0.027 Loaded shared library C:\Users\jonat\.jdks\jbr-17.0.8\bin\jsvml.dll
Event: 1.074 Loaded shared library C:\Users\jonat\.jdks\jbr-17.0.8\bin\verify.dll

Deoptimization events (20 events):
Event: 32.146 Thread 0x000001e2294980d0 Uncommon trap: trap_request=0xffffffde fr.pc=0x000001e2352eecac relative=0x000000000000146c
Event: 32.146 Thread 0x000001e2294980d0 Uncommon trap: reason=class_check action=maybe_recompile pc=0x000001e2352eecac method=org.jetbrains.kotlin.backend.jvm.ir.JvmIrInlineUtilsKt.unwrapInlineLambda(Lorg/jetbrains/kotlin/ir/IrStatement;)Lorg/jetbrains/kotlin/ir/expressions/IrFunctionReference;
Event: 32.146 Thread 0x000001e2294980d0 DEOPT PACKING pc=0x000001e2352eecac sp=0x0000004bf6dfd250
Event: 32.146 Thread 0x000001e2294980d0 DEOPT UNPACKING pc=0x000001e2341f69a3 sp=0x0000004bf6dfd1a8 mode 2
Event: 32.254 Thread 0x000001e2294980d0 Uncommon trap: trap_request=0xffffffde fr.pc=0x000001e235370930 relative=0x0000000000001650
Event: 32.254 Thread 0x000001e2294980d0 Uncommon trap: reason=class_check action=maybe_recompile pc=0x000001e235370930 method=org.jetbrains.kotlin.backend.jvm.MemoizedInlineClassReplacements$getReplacementFunction$1.invoke(Lorg/jetbrains/kotlin/ir/declarations/IrFunction;)Lorg/jetbrains/kotlin/
Event: 32.254 Thread 0x000001e2294980d0 DEOPT PACKING pc=0x000001e235370930 sp=0x0000004bf6dfc800
Event: 32.254 Thread 0x000001e2294980d0 DEOPT UNPACKING pc=0x000001e2341f69a3 sp=0x0000004bf6dfc7f0 mode 2
Event: 32.254 Thread 0x000001e2294980d0 Uncommon trap: trap_request=0xffffffde fr.pc=0x000001e235370930 relative=0x0000000000001650
Event: 32.254 Thread 0x000001e2294980d0 Uncommon trap: reason=class_check action=maybe_recompile pc=0x000001e235370930 method=org.jetbrains.kotlin.backend.jvm.MemoizedInlineClassReplacements$getReplacementFunction$1.invoke(Lorg/jetbrains/kotlin/ir/declarations/IrFunction;)Lorg/jetbrains/kotlin/
Event: 32.254 Thread 0x000001e2294980d0 DEOPT PACKING pc=0x000001e235370930 sp=0x0000004bf6dfa5b0
Event: 32.254 Thread 0x000001e2294980d0 DEOPT UNPACKING pc=0x000001e2341f69a3 sp=0x0000004bf6dfa5a0 mode 2
Event: 32.254 Thread 0x000001e2294980d0 Uncommon trap: trap_request=0xffffff66 fr.pc=0x000001e2353706c8 relative=0x00000000000013e8
Event: 32.254 Thread 0x000001e2294980d0 Uncommon trap: reason=speculate_class_check action=maybe_recompile pc=0x000001e2353706c8 method=org.jetbrains.kotlin.ir.util.IrUtilsKt.isFromJava(Lorg/jetbrains/kotlin/ir/declarations/IrDeclaration;)Z @ 7 c2
Event: 32.254 Thread 0x000001e2294980d0 DEOPT PACKING pc=0x000001e2353706c8 sp=0x0000004bf6df9d20
Event: 32.254 Thread 0x000001e2294980d0 DEOPT UNPACKING pc=0x000001e2341f69a3 sp=0x0000004bf6df9cb0 mode 2
Event: 32.254 Thread 0x000001e2294980d0 Uncommon trap: trap_request=0xffffff66 fr.pc=0x000001e2353706c8 relative=0x00000000000013e8
Event: 32.254 Thread 0x000001e2294980d0 Uncommon trap: reason=speculate_class_check action=maybe_recompile pc=0x000001e2353706c8 method=org.jetbrains.kotlin.ir.util.IrUtilsKt.isFromJava(Lorg/jetbrains/kotlin/ir/declarations/IrDeclaration;)Z @ 7 c2
Event: 32.254 Thread 0x000001e2294980d0 DEOPT PACKING pc=0x000001e2353706c8 sp=0x0000004bf6df9440
Event: 32.254 Thread 0x000001e2294980d0 DEOPT UNPACKING pc=0x000001e2341f69a3 sp=0x0000004bf6df93d0 mode 2

Classes unloaded (0 events):
No events

Classes redefined (0 events):
No events

Internal exceptions (20 events):
Event: 10.328 Thread 0x000001e2294980d0 Exception <a 'java/lang/NoSuchMethodError'{0x00000007468926e0}: 'java.lang.Object java.lang.invoke.DirectMethodHandle$Holder.newInvokeSpecial(java.lang.Object, java.lang.Object, java.lang.Object, java.lang.Object, java.lang.Object, java.lang.Object, java.lang.Object)'> (0x00000007468926e0) 
thrown [s\src\hotspot\share\interpreter\linkResolver.cpp, line 771]
Event: 10.329 Thread 0x000001e2294980d0 Exception <a 'java/lang/NoSuchMethodError'{0x0000000746897a90}: 'java.lang.Object java.lang.invoke.Invokers$Holder.linkToTargetMethod(java.lang.Object, java.lang.Object, java.lang.Object, java.lang.Object, java.lang.Object, java.lang.Object, java.lang.Object)'> (0x0000000746897a90) 
thrown [s\src\hotspot\share\interpreter\linkResolver.cpp, line 771]
Event: 11.850 Thread 0x000001e2294980d0 Implicit null exception at 0x000001e234a97d34 to 0x000001e234a97dc1
Event: 13.901 Thread 0x000001e2294980d0 Implicit null exception at 0x000001e234b3937e to 0x000001e234b39b7c
Event: 15.955 Thread 0x000001e2294980d0 Implicit null exception at 0x000001e234c9bd58 to 0x000001e234c9de78
Event: 20.996 Thread 0x000001e2294980d0 Implicit null exception at 0x000001e234a657b7 to 0x000001e234a659ac
Event: 22.123 Thread 0x000001e2294980d0 Exception <a 'java/lang/NoSuchMethodError'{0x000000074a6ceeb0}: 'void java.lang.invoke.DirectMethodHandle$Holder.invokeStatic(java.lang.Object, java.lang.Object, java.lang.Object)'> (0x000000074a6ceeb0) 
thrown [s\src\hotspot\share\interpreter\linkResolver.cpp, line 771]
Event: 25.276 Thread 0x000001e2294980d0 Exception <a 'java/lang/NoSuchMethodError'{0x000000074a2ad008}: 'java.lang.Object java.lang.invoke.DirectMethodHandle$Holder.invokeStaticInit(java.lang.Object, java.lang.Object, java.lang.Object, java.lang.Object)'> (0x000000074a2ad008) 
thrown [s\src\hotspot\share\interpreter\linkResolver.cpp, line 771]
Event: 25.444 Thread 0x000001e2294980d0 Exception <a 'java/lang/NoSuchMethodError'{0x000000075188f978}: 'int java.lang.invoke.DirectMethodHandle$Holder.invokeStaticInit(java.lang.Object, java.lang.Object, java.lang.Object, java.lang.Object)'> (0x000000075188f978) 
thrown [s\src\hotspot\share\interpreter\linkResolver.cpp, line 771]
Event: 25.482 Thread 0x000001e2294980d0 Exception <a 'java/lang/NoSuchMethodError'{0x00000007517428e0}: 'java.lang.Object java.lang.invoke.DirectMethodHandle$Holder.newInvokeSpecial(java.lang.Object, java.lang.Object, java.lang.Object, int, int)'> (0x00000007517428e0) 
thrown [s\src\hotspot\share\interpreter\linkResolver.cpp, line 771]
Event: 25.482 Thread 0x000001e2294980d0 Exception <a 'java/lang/NoSuchMethodError'{0x0000000751746720}: 'java.lang.Object java.lang.invoke.DirectMethodHandle$Holder.invokeSpecial(java.lang.Object, java.lang.Object, java.lang.Object, java.lang.Object, int, int)'> (0x0000000751746720) 
thrown [s\src\hotspot\share\interpreter\linkResolver.cpp, line 771]
Event: 25.711 Thread 0x000001e2294980d0 Implicit null exception at 0x000001e2347acc70 to 0x000001e2347acea8
Event: 25.855 Thread 0x000001e2294980d0 Exception <a 'java/lang/NoSuchMethodError'{0x0000000750449820}: 'java.lang.Object java.lang.invoke.DirectMethodHandle$Holder.invokeSpecial(java.lang.Object, java.lang.Object, int, int, java.lang.Object, java.lang.Object, java.lang.Object, java.lang.Object, java.lang.Object)'> (0x0000000750449820) 
thrown [s\src\hotspot\share\interpreter\linkResolver.cpp, line 771]
Event: 25.871 Thread 0x000001e2294980d0 Exception <a 'java/lang/NoSuchMethodError'{0x00000007504ae260}: 'java.lang.Object java.lang.invoke.DirectMethodHandle$Holder.newInvokeSpecial(java.lang.Object, java.lang.Object, int, int, java.lang.Object, java.lang.Object, java.lang.Object)'> (0x00000007504ae260) 
thrown [s\src\hotspot\share\interpreter\linkResolver.cpp, line 771]
Event: 25.871 Thread 0x000001e2294980d0 Exception <a 'java/lang/NoSuchMethodError'{0x00000007504b2860}: 'java.lang.Object java.lang.invoke.DirectMethodHandle$Holder.invokeSpecial(java.lang.Object, java.lang.Object, java.lang.Object, int, int, java.lang.Object, java.lang.Object, java.lang.Object)'> (0x00000007504b2860) 
thrown [s\src\hotspot\share\interpreter\linkResolver.cpp, line 771]
Event: 27.719 Thread 0x000001e2294980d0 Implicit null exception at 0x000001e235245b4a to 0x000001e2352460d4
Event: 28.254 Thread 0x000001e2294980d0 Implicit null exception at 0x000001e2352f18c4 to 0x000001e2352f1e54
Event: 30.429 Thread 0x000001e2294980d0 Implicit null exception at 0x000001e235311682 to 0x000001e2353119e0
Event: 30.468 Thread 0x000001e2294980d0 Implicit null exception at 0x000001e235353766 to 0x000001e235353816
Event: 30.504 Thread 0x000001e2294980d0 Implicit null exception at 0x000001e234e3fbfd to 0x000001e234e40bc0

VM Operations (20 events):
Event: 31.247 Executing VM operation: HandshakeAllThreads
Event: 31.247 Executing VM operation: HandshakeAllThreads done
Event: 31.291 Executing VM operation: HandshakeAllThreads
Event: 31.291 Executing VM operation: HandshakeAllThreads done
Event: 31.293 Executing VM operation: ICBufferFull
Event: 31.294 Executing VM operation: ICBufferFull done
Event: 31.341 Executing VM operation: HandshakeAllThreads
Event: 31.341 Executing VM operation: HandshakeAllThreads done
Event: 31.459 Executing VM operation: ICBufferFull
Event: 31.459 Executing VM operation: ICBufferFull done
Event: 31.602 Executing VM operation: HandshakeAllThreads
Event: 31.602 Executing VM operation: HandshakeAllThreads done
Event: 31.747 Executing VM operation: ICBufferFull
Event: 31.747 Executing VM operation: ICBufferFull done
Event: 31.949 Executing VM operation: ICBufferFull
Event: 31.949 Executing VM operation: ICBufferFull done
Event: 31.975 Executing VM operation: G1CollectForAllocation
Event: 31.983 Executing VM operation: G1CollectForAllocation done
Event: 32.178 Executing VM operation: ICBufferFull
Event: 32.178 Executing VM operation: ICBufferFull done

Events (20 events):
Event: 31.620 loading class java/lang/constant/MethodHandleDesc$1
Event: 31.620 loading class java/lang/constant/MethodHandleDesc$1 done
Event: 31.620 loading class java/lang/constant/DirectMethodHandleDescImpl
Event: 31.621 loading class java/lang/constant/DirectMethodHandleDesc
Event: 31.621 loading class java/lang/constant/DirectMethodHandleDesc done
Event: 31.621 loading class java/lang/constant/DirectMethodHandleDescImpl done
Event: 31.621 loading class java/lang/constant/DirectMethodHandleDescImpl$1
Event: 31.621 loading class java/lang/constant/DirectMethodHandleDescImpl$1 done
Event: 31.621 loading class java/lang/constant/DirectMethodHandleDesc$1
Event: 31.621 loading class java/lang/constant/DirectMethodHandleDesc$1 done
Event: 31.621 loading class java/lang/constant/PrimitiveClassDescImpl
Event: 31.621 loading class java/lang/constant/DynamicConstantDesc
Event: 31.622 loading class java/lang/constant/DynamicConstantDesc done
Event: 31.622 loading class java/lang/constant/PrimitiveClassDescImpl done
Event: 31.622 loading class java/lang/constant/DynamicConstantDesc$AnonymousDynamicConstantDesc
Event: 31.622 loading class java/lang/constant/DynamicConstantDesc$AnonymousDynamicConstantDesc done
Event: 31.622 loading class java/util/Base64
Event: 31.622 loading class java/util/Base64 done
Event: 31.623 loading class java/util/Base64$Encoder
Event: 31.623 loading class java/util/Base64$Encoder done


Dynamic libraries:
0x00007ff683010000 - 0x00007ff68301a000 	C:\Users\jonat\.jdks\jbr-17.0.8\bin\java.exe
0x00007ffd69630000 - 0x00007ffd69827000 	C:\Windows\SYSTEM32\ntdll.dll
0x00007ffd683e0000 - 0x00007ffd6849d000 	C:\Windows\System32\KERNEL32.DLL
0x00007ffd67190000 - 0x00007ffd67486000 	C:\Windows\System32\KERNELBASE.dll
0x00007ffd66f70000 - 0x00007ffd67070000 	C:\Windows\System32\ucrtbase.dll
0x00007ffd478d0000 - 0x00007ffd478eb000 	C:\Users\jonat\.jdks\jbr-17.0.8\bin\VCRUNTIME140.dll
0x00007ffd4a120000 - 0x00007ffd4a137000 	C:\Users\jonat\.jdks\jbr-17.0.8\bin\jli.dll
0x00007ffd684a0000 - 0x00007ffd6863e000 	C:\Windows\System32\USER32.dll
0x00007ffd66e90000 - 0x00007ffd66eb2000 	C:\Windows\System32\win32u.dll
0x00007ffd51420000 - 0x00007ffd516ba000 	C:\Windows\WinSxS\amd64_microsoft.windows.common-controls_6595b64144ccf1df_6.0.19041.3570_none_60bb2a3971f3e41a\COMCTL32.dll
0x00007ffd692d0000 - 0x00007ffd692fc000 	C:\Windows\System32\GDI32.dll
0x00007ffd694f0000 - 0x00007ffd6958e000 	C:\Windows\System32\msvcrt.dll
0x00007ffd67070000 - 0x00007ffd6718a000 	C:\Windows\System32\gdi32full.dll
0x00007ffd675f0000 - 0x00007ffd6768d000 	C:\Windows\System32\msvcp_win.dll
0x00007ffd68350000 - 0x00007ffd68380000 	C:\Windows\System32\IMM32.DLL
0x00007ffd478c0000 - 0x00007ffd478cc000 	C:\Users\jonat\.jdks\jbr-17.0.8\bin\vcruntime140_1.dll
0x00007ffd47830000 - 0x00007ffd478bd000 	C:\Users\jonat\.jdks\jbr-17.0.8\bin\msvcp140.dll
0x00007ffd2b6a0000 - 0x00007ffd2c323000 	C:\Users\jonat\.jdks\jbr-17.0.8\bin\server\jvm.dll
0x00007ffd68870000 - 0x00007ffd6891e000 	C:\Windows\System32\ADVAPI32.dll
0x00007ffd68f40000 - 0x00007ffd68fdc000 	C:\Windows\System32\sechost.dll
0x00007ffd68220000 - 0x00007ffd68346000 	C:\Windows\System32\RPCRT4.dll
0x00007ffd62850000 - 0x00007ffd62859000 	C:\Windows\SYSTEM32\WSOCK32.dll
0x00007ffd66ac0000 - 0x00007ffd66b0b000 	C:\Windows\SYSTEM32\POWRPROF.dll
0x00007ffd5a320000 - 0x00007ffd5a347000 	C:\Windows\SYSTEM32\WINMM.dll
0x00007ffd690d0000 - 0x00007ffd6913b000 	C:\Windows\System32\WS2_32.dll
0x00007ffd614a0000 - 0x00007ffd614aa000 	C:\Windows\SYSTEM32\VERSION.dll
0x00007ffd66890000 - 0x00007ffd668a2000 	C:\Windows\SYSTEM32\UMPDC.dll
0x00007ffd64bd0000 - 0x00007ffd64be2000 	C:\Windows\SYSTEM32\kernel.appcore.dll
0x00007ffd47820000 - 0x00007ffd4782a000 	C:\Users\jonat\.jdks\jbr-17.0.8\bin\jimage.dll
0x00007ffd58890000 - 0x00007ffd58a74000 	C:\Windows\SYSTEM32\DBGHELP.DLL
0x00007ffd516f0000 - 0x00007ffd51724000 	C:\Windows\SYSTEM32\dbgcore.DLL
0x00007ffd66d10000 - 0x00007ffd66d92000 	C:\Windows\System32\bcryptPrimitives.dll
0x00007ffd477f0000 - 0x00007ffd47815000 	C:\Users\jonat\.jdks\jbr-17.0.8\bin\java.dll
0x00007ffd471d0000 - 0x00007ffd471e8000 	C:\Users\jonat\.jdks\jbr-17.0.8\bin\zip.dll
0x00007ffd470f0000 - 0x00007ffd471c7000 	C:\Users\jonat\.jdks\jbr-17.0.8\bin\jsvml.dll
0x00007ffd67690000 - 0x00007ffd67dd4000 	C:\Windows\System32\SHELL32.dll
0x00007ffd64dd0000 - 0x00007ffd6556b000 	C:\Windows\SYSTEM32\windows.storage.dll
0x00007ffd67de0000 - 0x00007ffd68134000 	C:\Windows\System32\combase.dll
0x00007ffd66680000 - 0x00007ffd666ad000 	C:\Windows\SYSTEM32\Wldp.dll
0x00007ffd68140000 - 0x00007ffd681ed000 	C:\Windows\System32\SHCORE.dll
0x00007ffd69590000 - 0x00007ffd695e5000 	C:\Windows\System32\shlwapi.dll
0x00007ffd66c40000 - 0x00007ffd66c65000 	C:\Windows\SYSTEM32\profapi.dll
0x00007ffd470d0000 - 0x00007ffd470e9000 	C:\Users\jonat\.jdks\jbr-17.0.8\bin\net.dll
0x00007ffd61f80000 - 0x00007ffd6208a000 	C:\Windows\SYSTEM32\WINHTTP.dll
0x00007ffd663e0000 - 0x00007ffd6644a000 	C:\Windows\system32\mswsock.dll
0x00007ffd470b0000 - 0x00007ffd470c6000 	C:\Users\jonat\.jdks\jbr-17.0.8\bin\nio.dll
0x00007ffd470a0000 - 0x00007ffd470b0000 	C:\Users\jonat\.jdks\jbr-17.0.8\bin\verify.dll

dbghelp: loaded successfully - version: 4.0.5 - missing functions: none
symbol engine: initialized successfully - sym options: 0x614 - pdb path: .;C:\Users\jonat\.jdks\jbr-17.0.8\bin;C:\Windows\SYSTEM32;C:\Windows\WinSxS\amd64_microsoft.windows.common-controls_6595b64144ccf1df_6.0.19041.3570_none_60bb2a3971f3e41a;C:\Users\jonat\.jdks\jbr-17.0.8\bin\server

VM Arguments:
java_command: org.jetbrains.kotlin.cli.jvm.K2JVMCompiler @C:\Users\jonat\AndroidStudioProjects\Projeto\app\build\20231101_6618099115489858385.compiler.options
java_class_path (initial): C:\Program Files\Android\Android Studio\jbr\caches\modules-2\files-2.1\org.jetbrains.kotlin\kotlin-compiler-embeddable\1.7.0\4d09852239f61842072b40b524882fa3caaed371\kotlin-compiler-embeddable-1.7.0.jar;C:\Program Files\Android\Android Studio\jbr\caches\modules-2\files-2.1\org.jetbrains.kotlin\kotlin-reflect\1.7.0\e660b0079fdaf744dc9cc7f6f3aa3c761ec839b0\kotlin-reflect-1.7.0.jar;C:\Program Files\Android\Android Studio\jbr\caches\modules-2\files-2.1\org.jetbrains.kotlin\kotlin-stdlib\1.7.0\a5f42c684ad9003160ef0d0f693ecf0ba7b13549\kotlin-stdlib-1.7.0.jar;C:\Program Files\Android\Android Studio\jbr\caches\modules-2\files-2.1\org.jetbrains.kotlin\kotlin-script-runtime\1.7.0\3acea1d447587e61bc3e1b3ed6227d9e9ed4ddf1\kotlin-script-runtime-1.7.0.jar;C:\Program Files\Android\Android Studio\jbr\caches\modules-2\files-2.1\org.jetbrains.kotlin\kotlin-daemon-embeddable\1.7.0\fd56798de80825c673ac93808284c5198ffa2b50\kotlin-daemon-embeddable-1.7.0.jar;C:\Program Files\Android\Android Studio\jbr\caches\modules-2\files-2.1\org.jetbrains.intellij.deps\trove4j\1.0.20200330\3afb14d5f9ceb459d724e907a21145e8ff394f02\trove4j-1.0.20200330.jar;C:\Program Files\Android\Android Studio\jbr\caches\modules-2\files-2.1\net.java.dev.jna\jna\5.6.0\330f2244e9030119ab3030fc3fededc86713d9cc\jna-5.6.0.jar;C:\Program Files\Android\Android Studio\jbr\caches\modules-2\files-2.1\org.jetbrains.kotlin\kotlin-stdlib-common\1.7.0\51736992f422993a1e741051bdf3c12801bc1ca1\kotlin-stdlib-common-1.7.0.jar;C:\Program Files\Android\Android Studio\jbr\caches\modules-2\files-2.1\org.jetbrains\annotations\13.0\919f0dfe192fb4e063e7dacadee7f8bb9a2672a9\annotations-13.0.jar
Launcher Type: SUN_STANDARD

[Global flags]
     intx CICompilerCount                          = 4                                         {product} {ergonomic}
     uint ConcGCThreads                            = 2                                         {product} {ergonomic}
     uint G1ConcRefinementThreads                  = 8                                         {product} {ergonomic}
   size_t G1HeapRegionSize                         = 2097152                                   {product} {ergonomic}
    uintx GCDrainStackTargetSize                   = 64                                        {product} {ergonomic}
   size_t InitialHeapSize                          = 201326592                                 {product} {ergonomic}
   size_t MarkStackSize                            = 4194304                                   {product} {ergonomic}
   size_t MaxHeapSize                              = 3212836864                                {product} {ergonomic}
   size_t MaxNewSize                               = 1927282688                                {product} {ergonomic}
   size_t MinHeapDeltaBytes                        = 2097152                                   {product} {ergonomic}
   size_t MinHeapSize                              = 8388608                                   {product} {ergonomic}
    uintx NonNMethodCodeHeapSize                   = 5839372                                {pd product} {ergonomic}
    uintx NonProfiledCodeHeapSize                  = 122909434                              {pd product} {ergonomic}
    uintx ProfiledCodeHeapSize                     = 122909434                              {pd product} {ergonomic}
    uintx ReservedCodeCacheSize                    = 251658240                              {pd product} {ergonomic}
     bool SegmentedCodeCache                       = true                                      {product} {ergonomic}
   size_t SoftMaxHeapSize                          = 3212836864                             {manageable} {ergonomic}
     bool UseCompressedClassPointers               = true                           {product lp64_product} {ergonomic}
     bool UseCompressedOops                        = true                           {product lp64_product} {ergonomic}
     bool UseG1GC                                  = true                                      {product} {ergonomic}
     bool UseLargePagesIndividualAllocation        = false                                  {pd product} {ergonomic}

Logging:
Log output configuration:
 #0: stdout all=warning uptime,level,tags
 #1: stderr all=off uptime,level,tags

Environment Variables:
PATH=c:\program files (x86)\common files\intel\shared libraries\redist\intel64\compiler;c:\program files\common files\oracle\java\javapath;C:\Program Files (x86)\Common Files\Oracle\Java\javapath;c:\windows\system32;c:\windows;c:\windows\system32\wbem;c:\windows\system32\windowspowershell\v1.0\;c:\windows\system32\openssh\;c:\program files\git\cmd;c:\program files\dotnet\;C:\Program Files\NVIDIA Corporation\NVIDIA NvDLISR;C:\Program Files (x86)\NVIDIA Corporation\PhysX\Common;C:\xampp\php;C:\ProgramData\ComposerSetup\bin;C:\Gradle\gradle-8.2.1\bin;C:\Program Files\nodejs\;C:\Users\jonat\AppData\Local\Microsoft\WindowsApps;C:\Users\jonat\AppData\Local\Programs\Microsoft VS Code\bin;C:\Users\jonat\AppData\Roaming\Composer\vendor\bin;C:\Users\jonat\AppData\Roaming\npm
USERNAME=jonat
OS=Windows_NT
PROCESSOR_IDENTIFIER=Intel64 Family 6 Model 58 Stepping 9, GenuineIntel
TMP=C:\Users\jonat\AppData\Local\Temp
TEMP=C:\Users\jonat\AppData\Local\Temp


JNI global refs:
JNI global refs: 10, weak refs: 0

JNI global refs memory usage: 843, weak refs: 841

OOME stack traces (most recent first):
Classloader memory used:
Loader jdk.internal.loader.ClassLoaders$AppClassLoader                                 : 9022K
Loader bootstrap                                                                       : 1770K
Loader java.net.URLClassLoader                                                         : 325K
Loader jdk.internal.loader.ClassLoaders$PlatformClassLoader                            : 36711B
Loader jdk.internal.reflect.DelegatingClassLoader                                      : 26533B


---------------  S Y S T E M  ---------------

OS:
 Windows 10 , 64 bit Build 19041 (10.0.19041.3570)
OS uptime: 0 days 0:48 hours

CPU: total 8 (initial active 8) (4 cores per cpu, 2 threads per core) family 6 model 58 stepping 9 microcode 0x21, cx8, cmov, fxsr, ht, mmx, sse, sse2, sse3, ssse3, sse4.1, sse4.2, popcnt, tsc, tscinvbit, avx, aes, erms, clmul, vzeroupper, clflush
Processor Information for all 8 processors :
  Max Mhz: 3401, Current Mhz: 3401, Mhz Limit: 3401

Memory: 4k page, system-wide physical 12248M (1343M free)
TotalPageFile size 20952M (AvailPageFile size 7438M)
current process WorkingSet (physical memory assigned to process): 617M, peak: 637M
current process commit charge ("private bytes"): 658M, peak: 681M

vm_info: OpenJDK 64-Bit Server VM (17.0.8+7-b1000.8) for windows-amd64 JRE (17.0.8+7-b1000.8), built on 2023-08-04 by "builduser" with MS VC++ 16.10 / 16.11 (VS2019)

END.
