#
# A fatal error has been detected by the Java Runtime Environment:
#
#  EXCEPTION_ACCESS_VIOLATION (0xc0000005) at pc=0x00007ffc1eda3c30, pid=11548, tid=4692
#
# JRE version: OpenJDK Runtime Environment JBR-17.0.8+7-1000.8-nomod (17.0.8+7) (build 17.0.8+7-b1000.8)
# Java VM: OpenJDK 64-Bit Server VM JBR-17.0.8+7-1000.8-nomod (17.0.8+7-b1000.8, mixed mode, tiered, compressed oops, compressed class ptrs, g1 gc, windows-amd64)
# Problematic frame:
# V  [jvm.dll+0x313c30]  G1ConcurrentRefineOopClosure::do_oop+0x50
#
# No core dump will be written. Minidumps are not enabled by default on client versions of Windows
#
# If you would like to submit a bug report, please visit:
#   https://youtrack.jetbrains.com/issues/JBR
#

---------------  S U M M A R Y ------------

Command Line: org.jetbrains.kotlin.cli.jvm.K2JVMCompiler @C:\Users\jonat\AndroidStudioProjects\Projeto\app\build\20231027_2785015279475192132.compiler.options

Host: Intel(R) Core(TM) i7-3770 CPU @ 3.40GHz, 8 cores, 11G,  Windows 10 , 64 bit Build 19041 (10.0.19041.3570)
Time: Fri Oct 27 00:31:13 2023 Hora oficial do Brasil elapsed time: 28.855823 seconds (0d 0h 0m 28s)

---------------  T H R E A D  ---------------

Current thread (0x000001b5f5db2a60):  ConcurrentGCThread "G1 Refine#0" [stack: 0x0000003553400000,0x0000003553500000] [id=4692]

Stack: [0x0000003553400000,0x0000003553500000],  sp=0x00000035534ff728,  free space=1021k
Native frames: (J=compiled Java code, j=interpreted, Vv=VM code, C=native code)
V  [jvm.dll+0x313c30]  G1ConcurrentRefineOopClosure::do_oop+0x50  (iterator.inline.hpp:112)


siginfo: EXCEPTION_ACCESS_VIOLATION (0xc0000005), reading address 0x0000000000000088


Register to memory mapping:

RIP=0x00007ffc1eda3c30 jvm.dll::G1ConcurrentRefineOopClosure::do_oop + 0x50
RAX=0x000001b5f5d0f160 points into unknown readable memory: 0x0000000000000000 | 00 00 00 00 00 00 00 00
RBX=0x000000074bfc7578 is pointing into object: [Ljava.lang.Object; 
{0x000000074bfc7568} - klass: 'java/lang/Object'[]
 - length: 1
RCX=0x0 is NULL
RDX=0x00000035534ff800 points into unknown readable memory: 0x00007ffc1f3fa9b8 | b8 a9 3f 1f fc 7f 00 00
RSP=0x00000035534ff728 points into unknown readable memory: 0x00007ffc1eda6570 | 70 65 da 1e fc 7f 00 00
RBP=0x000001b5f5db0d00 points into unknown readable memory: 0x636170732e302e6e | 6e 2e 30 2e 73 70 61 63
RSI=0x00000035534ff800 points into unknown readable memory: 0x00007ffc1f3fa9b8 | b8 a9 3f 1f fc 7f 00 00
RDI=0x000000074bfc757c is pointing into object: [Ljava.lang.Object; 
{0x000000074bfc7568} - klass: 'java/lang/Object'[]
 - length: 1
R8 =0x0000000000003ead is an unknown value
R9 =0x000000074bfc7578 is pointing into object: [Ljava.lang.Object; 
{0x000000074bfc7568} - klass: 'java/lang/Object'[]
 - length: 1
R10=0x00000000000000a8 is an unknown value
R11=0x0000000003a5fe3a is an unknown value
R12=0x000000074bfc7600 is pointing into object: org.jetbrains.kotlin.ir.declarations.impl.IrFunctionImpl 
{0x000000074bfc75b0} - klass: 'org/jetbrains/kotlin/ir/declarations/impl/IrFunctionImpl'
 - ---- fields (total size 14 words):
 - private final 'startOffset' 'I' @12  -1 (ffffffff)
 - private final 'endOffset' 'I' @16  -1 (ffffffff)
 - private 'contextReceiverParametersCount' 'I' @20  0
 - private final 'isInline' 'Z' @24  false
 - private final 'isExternal' 'Z' @25  false
 - private final 'isTailrec' 'Z' @26  false
 - private final 'isSuspend' 'Z' @27  false
 - private final 'isOperator' 'Z' @28  false
 - private final 'isInfix' 'Z' @29  false
 - private final 'isExpect' 'Z' @30  false
 - private 'origin' 'Lorg/jetbrains/kotlin/ir/declarations/IrDeclarationOrigin;' @32  a 'org/jetbrains/kotlin/ir/declarations/IrDeclarationOrigin$DEFAULT_PROPERTY_ACCESSOR'{0x0000000747b79a88} (e8f6f351)
 - private 'name' 'Lorg/jetbrains/kotlin/name/Name;' @36  a 'org/jetbrains/kotlin/name/Name'{0x000000074a7d0f38} (e94fa1e7)
 - private 'visibility' 'Lorg/jetbrains/kotlin/descriptors/DescriptorVisibility;' @40  a 'org/jetbrains/kotlin/descriptors/DescriptorVisibilities$1'{0x0000000740c68120} (e818d024)
 - private final 'containerSource' 'Lorg/jetbrains/kotlin/serialization/deserialization/descriptors/DeserializedContainerSource;' @44  NULL (0)
 - public 'parent' 'Lorg/jetbrains/kotlin/ir/declarations/IrDeclarationParent;' @48  a 'org/jetbrains/kotlin/ir/declarations/impl/IrClassImpl'{0x00000007499380b0} (e9327016)
 - private 'annotations' 'Ljava/util/List;' @52  a 'java/util/ArrayList'{0x000000074bfc7620} (e97f8ec4)
 - private 'returnType' 'Lorg/jetbrains/kotlin/ir/types/IrType;' @56  a 'org/jetbrains/kotlin/ir/types/impl/IrSimpleTypeImpl'{0x000000074bfc7638} (e97f8ec7)
 - private 'typeParameters' 'Ljava/util/List;' @60  a 'java/util/ArrayList'{0x000000074bfc7700} (e97f8ee0)
 - private 'dispatchReceiverParameter' 'Lorg/jetbrains/kotlin/ir/declarations/IrValueParameter;' @64  a 'org/jetbrains/kotlin/ir/declarations/impl/IrValueParameterImpl'{0x000000074bfc7718} (e97f8ee3)
 - private 'extensionReceiverParameter' 'Lorg/jetbrains/kotlin/ir/declarations/IrValueParameter;' @68  NULL (0)
 - private 'valueParameters' 'Ljava/util/List;' @72  a 'java/util/ArrayList'{0x000000074bfc77c8} (e97f8ef9)
 - private 'body' 'Lorg/jetbrains/kotlin/ir/expressions/IrBody;' @76  a 'org/jetbrains/kotlin/ir/expressions/impl/IrBlockBodyImpl'{0x000000074bfc77e0} (e97f8efc)
 - private 'metadata' 'Lorg/jetbrains/kotlin/ir/declarations/MetadataSource;' @80  NULL (0)
 - private 'overriddenSymbols' 'Ljava/util/List;' @84  a 'java/util/ArrayList'{0x000000074bfc7a40} (e97f8f48)
 - private 'attributeOwnerId' 'Lorg/jetbrains/kotlin/ir/declarations/IrAttributeContainer;' @88  a 'org/jetbrains/kotlin/ir/declarations/impl/IrFunctionImpl'{0x000000074a7d0ec8} (e94fa1d9)
 - private 'correspondingPropertySymbol' 'Lorg/jetbrains/kotlin/ir/symbols/IrPropertySymbol;' @92  a 'org/jetbrains/kotlin/ir/symbols/impl/IrPropertySymbolImpl'{0x00000007475d5278} (e8ebaa4f)
 - private final 'isFakeOverride' 'Z' @31  false
 - private final 'symbol' 'Lorg/jetbrains/kotlin/ir/symbols/IrSimpleFunctionSymbol;' @96  a 'org/jetbrains/kotlin/ir/symbols/impl/IrSimpleFunctionSymbolImpl'{0x0000000747737690} (e8ee6ed2)
 - private final 'modality' 'Lorg/jetbrains/kotlin/descriptors/Modality;' @100  a 'org/jetbrains/kotlin/descriptors/Modality'{0x00000007422b93c0} (e8457278)
 - private final 'factory' 'Lorg/jetbrains/kotlin/ir/declarations/IrFactory;' @104  a 'org/jetbrains/kotlin/ir/declarations/impl/IrFactoryImpl'{0x0000000747b17748} (e8f62ee9)
R13=0x000001b5f5d4f990 points into unknown readable memory: 0x00007ffc1f3f4cb8 | b8 4c 3f 1f fc 7f 00 00
R14=0x000001b592361410 points into unknown readable memory: 0x000000074be00000 | 00 00 e0 4b 07 00 00 00
R15=0x000000074bfc7568 is an oop: [Ljava.lang.Object; 
{0x000000074bfc7568} - klass: 'java/lang/Object'[]
 - length: 1


Registers:
RAX=0x000001b5f5d0f160, RBX=0x000000074bfc7578, RCX=0x0000000000000000, RDX=0x00000035534ff800
RSP=0x00000035534ff728, RBP=0x000001b5f5db0d00, RSI=0x00000035534ff800, RDI=0x000000074bfc757c
R8 =0x0000000000003ead, R9 =0x000000074bfc7578, R10=0x00000000000000a8, R11=0x0000000003a5fe3a
R12=0x000000074bfc7600, R13=0x000001b5f5d4f990, R14=0x000001b592361410, R15=0x000000074bfc7568
RIP=0x00007ffc1eda3c30, EFLAGS=0x0000000000010202

Top of Stack: (sp=0x00000035534ff728)
0x00000035534ff728:   00007ffc1eda6570 000000074bfc74a4
0x00000035534ff738:   0000000000000001 000000074bfc7550
0x00000035534ff748:   000001b592361410 000001b5f5d09300
0x00000035534ff758:   00007ffc1eda911a 000000074bfc7580
0x00000035534ff768:   000000074bfc7568 000001b5f5db0d00
0x00000035534ff778:   00007ffc1ed78976 000000074bfc9e00
0x00000035534ff788:   0000000000000040 0000000000000000
0x00000035534ff798:   0000000000000000 0000000000000000
0x00000035534ff7a8:   000001b59cc00b01 000001b5f5db0d50
0x00000035534ff7b8:   00000035534ff8a0 000001b5f9e5be3a
0x00000035534ff7c8:   00007ffc1edab619 000000074bfc7400
0x00000035534ff7d8:   00000035534ff7f0 00000035534ff800
0x00000035534ff7e8:   000000074bfc7400 000000074bfc7400
0x00000035534ff7f8:   0000000000000040 00007ffc1f3fa9b8
0x00000035534ff808:   0000000000000000 000001b5f5d09310
0x00000035534ff818:   000001b500000008 000000000000008c 

Instructions: (pc=0x00007ffc1eda3c30)
0x00007ffc1eda3b30:   48 8d 0d 09 08 88 00 ba 02 00 00 00 e8 2f 55 26
0x00007ffc1eda3b40:   00 48 83 c4 28 c3 cc cc cc cc cc cc cc cc cc cc
0x00007ffc1eda3b50:   4c 8b ca 48 8b d1 4d 8b 01 4d 85 c0 74 76 8b 0d
0x00007ffc1eda3b60:   2c 18 88 00 49 8b c0 49 33 c1 48 d3 e8 48 85 c0
0x00007ffc1eda3b70:   74 62 48 8b 42 10 8b 88 c0 01 00 00 48 8b 80 b0
0x00007ffc1eda3b80:   01 00 00 49 d3 e8 4a 8b 0c c0 4c 8b 91 88 00 00
0x00007ffc1eda3b90:   00 41 83 ba c8 00 00 00 00 74 39 49 8b 82 c0 00
0x00007ffc1eda3ba0:   00 00 4d 8b d9 44 8b 42 18 49 c1 eb 09 8b 88 94
0x00007ffc1eda3bb0:   00 00 00 48 8b 05 86 02 88 00 48 8b 0c c8 4e 39
0x00007ffc1eda3bc0:   1c c1 74 10 4e 89 1c c1 49 8b d1 49 8d 4a 58 e9
0x00007ffc1eda3bd0:   4c 0e 05 00 c3 cc cc cc cc cc cc cc cc cc cc cc
0x00007ffc1eda3be0:   4c 8b ca 48 8b d1 41 8b 01 85 c0 0f 84 89 00 00
0x00007ffc1eda3bf0:   00 8b 0d 01 47 81 00 44 8b c0 49 d3 e0 4c 03 05
0x00007ffc1eda3c00:   ec 46 81 00 8b 0d 86 17 88 00 49 8b c0 49 33 c1
0x00007ffc1eda3c10:   48 d3 e8 48 85 c0 74 62 48 8b 42 10 8b 88 c0 01
0x00007ffc1eda3c20:   00 00 48 8b 80 b0 01 00 00 49 d3 e8 4a 8b 0c c0
0x00007ffc1eda3c30:   4c 8b 91 88 00 00 00 41 83 ba c8 00 00 00 00 74
0x00007ffc1eda3c40:   39 49 8b 82 c0 00 00 00 4d 8b d9 44 8b 42 18 49
0x00007ffc1eda3c50:   c1 eb 09 8b 88 94 00 00 00 48 8b 05 e0 01 88 00
0x00007ffc1eda3c60:   48 8b 0c c8 4e 39 1c c1 74 10 4e 89 1c c1 49 8b
0x00007ffc1eda3c70:   d1 49 8d 4a 58 e9 a6 0d 05 00 c3 cc cc cc cc cc
0x00007ffc1eda3c80:   4c 8b ca 48 8b d1 4d 8b 01 4d 85 c0 74 76 8b 0d
0x00007ffc1eda3c90:   fc 16 88 00 49 8b c0 49 33 c1 48 d3 e8 48 85 c0
0x00007ffc1eda3ca0:   74 62 48 8b 42 10 8b 88 c0 01 00 00 48 8b 80 b0
0x00007ffc1eda3cb0:   01 00 00 49 d3 e8 4a 8b 0c c0 44 8b 42 18 4c 8b
0x00007ffc1eda3cc0:   99 88 00 00 00 41 83 bb c8 00 00 00 00 74 35 49
0x00007ffc1eda3cd0:   8b 83 c0 00 00 00 4d 8b d1 49 c1 ea 09 8b 88 94
0x00007ffc1eda3ce0:   00 00 00 48 8b 05 56 01 88 00 48 8b 0c c8 4e 39
0x00007ffc1eda3cf0:   14 c1 74 10 4e 89 14 c1 49 8b d1 49 8d 4b 58 e9
0x00007ffc1eda3d00:   1c 0d 05 00 c3 cc cc cc cc cc cc cc cc cc cc cc
0x00007ffc1eda3d10:   4c 8b ca 48 8b d1 41 8b 01 85 c0 0f 84 8b 00 00
0x00007ffc1eda3d20:   00 8b 0d d1 45 81 00 44 8b c0 49 d3 e0 4c 03 05 


Stack slot to memory mapping:
stack at sp + 0 slots: 0x00007ffc1eda6570 jvm.dll::OopOopIterateDispatch<G1ConcurrentRefineOopClosure>::Table::oop_oop_iterate<ObjArrayKlass,enum narrowOop> + 0x50
stack at sp + 1 slots: 0x000000074bfc74a4 is pointing into object: org.jetbrains.kotlin.ir.declarations.impl.IrPropertyImpl 
{0x000000074bfc7470} - klass: 'org/jetbrains/kotlin/ir/declarations/impl/IrPropertyImpl'
 - ---- fields (total size 11 words):
 - private final 'startOffset' 'I' @12  -1 (ffffffff)
 - private final 'endOffset' 'I' @16  -1 (ffffffff)
 - private final 'isVar' 'Z' @20  true
 - private final 'isConst' 'Z' @21  false
 - private final 'isLateinit' 'Z' @22  false
 - private final 'isDelegated' 'Z' @23  false
 - private final 'isExternal' 'Z' @24  false
 - private final 'isExpect' 'Z' @25  false
 - private 'origin' 'Lorg/jetbrains/kotlin/ir/declarations/IrDeclarationOrigin;' @28  a 'org/jetbrains/kotlin/ir/declarations/IrDeclarationOrigin$DEFINED'{0x0000000747ba3a28} (e8f74745)
 - private 'name' 'Lorg/jetbrains/kotlin/name/Name;' @32  a 'org/jetbrains/kotlin/name/Name'{0x000000074a7d13e8} (e94fa27d)
 - private 'visibility' 'Lorg/jetbrains/kotlin/descriptors/DescriptorVisibility;' @36  a 'org/jetbrains/kotlin/descriptors/DescriptorVisibilities$1'{0x0000000740c68120} (e818d024)
 - private final 'containerSource' 'Lorg/jetbrains/kotlin/serialization/deserialization/descriptors/DeserializedContainerSource;' @40  NULL (0)
 - public 'parent' 'Lorg/jetbrains/kotlin/ir/declarations/IrDeclarationParent;' @44  a 'org/jetbrains/kotlin/ir/declarations/impl/IrClassImpl'{0x00000007499380b0} (e9327016)
 - private 'annotations' 'Ljava/util/List;' @48  a 'java/util/ArrayList'{0x000000074bfc74c8} (e97f8e99)
 - private 'backingField' 'Lorg/jetbrains/kotlin/ir/declarations/IrField;' @52  a 'org/jetbrains/kotlin/ir/declarations/impl/IrFieldImpl'{0x0000000750cbf688} (ea197ed1)
 - private 'getter' 'Lorg/jetbrains/kotlin/ir/declarations/IrSimpleFunction;' @56  a 'org/jetbrains/kotlin/ir/declarations/impl/IrFunctionImpl'{0x000000074bfc75b0} (e97f8eb6)
 - private 'setter' 'Lorg/jetbrains/kotlin/ir/declarations/IrSimpleFunction;' @60  a 'org/jetbrains/kotlin/ir/declarations/impl/IrFunctionImpl'{0x000000074bfc7a58} (e97f8f4b)
 - private 'overriddenSymbols' 'Ljava/util/List;' @64  a 'java/util/ArrayList'{0x000000074bfc7fc8} (e97f8ff9)
 - private 'metadata' 'Lorg/jetbrains/kotlin/ir/declarations/MetadataSource;' @68  NULL (0)
 - private 'attributeOwnerId' 'Lorg/jetbrains/kotlin/ir/declarations/IrAttributeContainer;' @72  a 'org/jetbrains/kotlin/ir/declarations/impl/IrPropertyImpl'{0x000000074a7d1390} (e94fa272)
 - private final 'isFakeOverride' 'Z' @26  false
 - private final 'symbol' 'Lorg/jetbrains/kotlin/ir/symbols/IrPropertySymbol;' @76  a 'org/jetbrains/kotlin/ir/symbols/impl/IrPropertySymbolImpl'{0x00000007475d5278} (e8ebaa4f)
 - private final 'modality' 'Lorg/jetbrains/kotlin/descriptors/Modality;' @80  a 'org/jetbrains/kotlin/descriptors/Modality'{0x00000007422b93c0} (e8457278)
 - private final 'factory' 'Lorg/jetbrains/kotlin/ir/declarations/IrFactory;' @84  a 'org/jetbrains/kotlin/ir/declarations/impl/IrFactoryImpl'{0x0000000747b17748} (e8f62ee9)
stack at sp + 2 slots: 0x0000000000000001 is an unknown value
stack at sp + 3 slots: 0x000000074bfc7550 is an oop: java.util.ArrayList 
{0x000000074bfc7550} - klass: 'java/util/ArrayList'
 - ---- fields (total size 3 words):
 - protected transient 'modCount' 'I' @12  1
 - private 'size' 'I' @16  1
 - transient 'elementData' '[Ljava/lang/Object;' @20  a 'java/lang/Object'[1] {0x000000074bfc7568} (e97f8ead)
stack at sp + 4 slots: 0x000001b592361410 points into unknown readable memory: 0x000000074be00000 | 00 00 e0 4b 07 00 00 00
stack at sp + 5 slots: 0x000001b5f5d09300 points into unknown readable memory: 0x0000000000000000 | 00 00 00 00 00 00 00 00
stack at sp + 6 slots: 0x00007ffc1eda911a jvm.dll::HeapRegion::oops_on_memregion_seq_iterate_careful<0,G1ConcurrentRefineOopClosure> + 0x20a
stack at sp + 7 slots: 0x000000074bfc7580 is an oop: java.util.ArrayList 
{0x000000074bfc7580} - klass: 'java/util/ArrayList'
 - ---- fields (total size 3 words):
 - protected transient 'modCount' 'I' @12  0
 - private 'size' 'I' @16  0
 - transient 'elementData' '[Ljava/lang/Object;' @20  a 'java/lang/Object'[0] {0x0000000741215010} (e8242a02)


---------------  P R O C E S S  ---------------

Threads class SMR info:
_java_thread_list=0x000001b59a3f53a0, length=14, elements={
0x000001b5f5cf6b20, 0x000001b592673260, 0x000001b5926740e0, 0x000001b5925144b0,
0x000001b59269c110, 0x000001b59269eae0, 0x000001b59269f4a0, 0x000001b5926a0240,
0x000001b5926a0cf0, 0x000001b5926a2830, 0x000001b5928257b0, 0x000001b592833da0,
0x000001b5928ec3b0, 0x000001b59a796aa0
}

Java Threads: ( => current thread )
  0x000001b5f5cf6b20 JavaThread "main" [_thread_in_native, id=5236, stack(0x0000003553000000,0x0000003553100000)]
  0x000001b592673260 JavaThread "Reference Handler" daemon [_thread_blocked, id=13292, stack(0x0000003553700000,0x0000003553800000)]
  0x000001b5926740e0 JavaThread "Finalizer" daemon [_thread_blocked, id=4324, stack(0x0000003553800000,0x0000003553900000)]
  0x000001b5925144b0 JavaThread "Signal Dispatcher" daemon [_thread_blocked, id=6828, stack(0x0000003553900000,0x0000003553a00000)]
  0x000001b59269c110 JavaThread "Attach Listener" daemon [_thread_blocked, id=12504, stack(0x0000003553a00000,0x0000003553b00000)]
  0x000001b59269eae0 JavaThread "Service Thread" daemon [_thread_blocked, id=12888, stack(0x0000003553b00000,0x0000003553c00000)]
  0x000001b59269f4a0 JavaThread "Monitor Deflation Thread" daemon [_thread_blocked, id=8764, stack(0x0000003553c00000,0x0000003553d00000)]
  0x000001b5926a0240 JavaThread "C2 CompilerThread0" daemon [_thread_in_native, id=2152, stack(0x0000003553d00000,0x0000003553e00000)]
  0x000001b5926a0cf0 JavaThread "C1 CompilerThread0" daemon [_thread_in_vm, id=6340, stack(0x0000003553e00000,0x0000003553f00000)]
  0x000001b5926a2830 JavaThread "Sweeper thread" daemon [_thread_blocked, id=6124, stack(0x0000003553f00000,0x0000003554000000)]
  0x000001b5928257b0 JavaThread "Notification Thread" daemon [_thread_blocked, id=7444, stack(0x0000003554000000,0x0000003554100000)]
  0x000001b592833da0 JavaThread "Common-Cleaner" daemon [_thread_blocked, id=6388, stack(0x0000003554200000,0x0000003554300000)]
  0x000001b5928ec3b0 JavaThread "C2 CompilerThread1" daemon [_thread_in_native, id=9184, stack(0x0000003554300000,0x0000003554400000)]
  0x000001b59a796aa0 JavaThread "C2 CompilerThread2" daemon [_thread_in_native, id=11148, stack(0x0000003554c00000,0x0000003554d00000)]

Other Threads:
  0x000001b59265fe80 VMThread "VM Thread" [stack: 0x0000003553600000,0x0000003553700000] [id=10384]
  0x000001b5f5d64f60 WatcherThread [stack: 0x0000003554100000,0x0000003554200000] [id=1200]
  0x000001b5f5d4f370 GCTaskThread "GC Thread#0" [stack: 0x0000003553100000,0x0000003553200000] [id=6452]
  0x000001b597440b90 GCTaskThread "GC Thread#1" [stack: 0x0000003554400000,0x0000003554500000] [id=13060]
  0x000001b59743ae90 GCTaskThread "GC Thread#2" [stack: 0x0000003554500000,0x0000003554600000] [id=10396]
  0x000001b5975119d0 GCTaskThread "GC Thread#3" [stack: 0x0000003554600000,0x0000003554700000] [id=12840]
  0x000001b5975092b0 GCTaskThread "GC Thread#4" [stack: 0x0000003554700000,0x0000003554800000] [id=7804]
  0x000001b597a88820 GCTaskThread "GC Thread#5" [stack: 0x0000003554800000,0x0000003554900000] [id=3044]
  0x000001b5979e0100 GCTaskThread "GC Thread#6" [stack: 0x0000003554900000,0x0000003554a00000] [id=4564]
  0x000001b597b40840 GCTaskThread "GC Thread#7" [stack: 0x0000003554a00000,0x0000003554b00000] [id=9028]
  0x000001b5f5d5d250 ConcurrentGCThread "G1 Main Marker" [stack: 0x0000003553200000,0x0000003553300000] [id=9492]
  0x000001b5f5d5e400 ConcurrentGCThread "G1 Conc#0" [stack: 0x0000003553300000,0x0000003553400000] [id=12460]
  0x000001b597a6bcc0 ConcurrentGCThread "G1 Conc#1" [stack: 0x0000003554b00000,0x0000003554c00000] [id=2592]
=>0x000001b5f5db2a60 ConcurrentGCThread "G1 Refine#0" [stack: 0x0000003553400000,0x0000003553500000] [id=4692]
  0x000001b59a26c190 ConcurrentGCThread "G1 Refine#1" [stack: 0x0000003554d00000,0x0000003554e00000] [id=5380]
  0x000001b598c3d120 ConcurrentGCThread "G1 Refine#2" [stack: 0x0000003554e00000,0x0000003554f00000] [id=5528]
  0x000001b598c3d410 ConcurrentGCThread "G1 Refine#3" [stack: 0x0000003554f00000,0x0000003555000000] [id=5608]
  0x000001b59c71fbe0 ConcurrentGCThread "G1 Refine#4" [stack: 0x0000003555000000,0x0000003555100000] [id=2896]
  0x000001b59c7204b0 ConcurrentGCThread "G1 Refine#5" [stack: 0x0000003555100000,0x0000003555200000] [id=4476]
  0x000001b5f5db3490 ConcurrentGCThread "G1 Service" [stack: 0x0000003553500000,0x0000003553600000] [id=9900]

Threads with active compile tasks:
C2 CompilerThread0    28942 22511       4       org.jetbrains.kotlin.backend.jvm.InlineClassAbiKt::getHasMangledParameters (138 bytes)
C2 CompilerThread1    28942 22498       4       org.jetbrains.kotlin.backend.common.lower.loops.handlers.RangeToHandler$matcher$1::invoke (64 bytes)
C2 CompilerThread2    28942 22491       4       org.jetbrains.kotlin.backend.jvm.lower.JvmPropertiesLowering::visitCall (234 bytes)

VM state: not at safepoint (normal execution)

VM Mutex/Monitor currently owned by a thread: None

Heap address: 0x0000000740800000, size: 3064 MB, Compressed Oops mode: Zero based, Oop shift amount: 3

CDS archive(s) not mapped
Compressed class space mapped at: 0x0000000800000000-0x0000000840000000, reserved size: 1073741824
Narrow klass base: 0x0000000800000000, Narrow klass shift: 0, Narrow klass range: 0x40000000

GC Precious Log:
 CPUs: 8 total, 8 available
 Memory: 12248M
 Large Page Support: Disabled
 NUMA Support: Disabled
 Compressed Oops: Enabled (Zero based)
 Heap Region Size: 2M
 Heap Min Capacity: 8M
 Heap Initial Capacity: 192M
 Heap Max Capacity: 3064M
 Pre-touch: Disabled
 Parallel Workers: 8
 Concurrent Workers: 2
 Concurrent Refinement Workers: 8
 Periodic GC: Disabled

Heap:
 garbage-first heap   total 376832K, used 223910K [0x0000000740800000, 0x0000000800000000)
  region size 2048K, 18 young (36864K), 6 survivors (12288K)
 Metaspace       used 89972K, committed 90368K, reserved 1179648K
  class space    used 9665K, committed 9856K, reserved 1048576K

Heap Regions: E=young(eden), S=young(survivor), O=old, HS=humongous(starts), HC=humongous(continues), CS=collection set, F=free, OA=open archive, CA=closed archive, TAMS=top-at-mark-start (previous, next)
|   0|0x0000000740800000, 0x0000000740a00000, 0x0000000740a00000|100%|HS|  |TAMS 0x0000000740a00000, 0x0000000740a00000| Complete 
|   1|0x0000000740a00000, 0x0000000740c00000, 0x0000000740c00000|100%|HC|  |TAMS 0x0000000740c00000, 0x0000000740c00000| Complete 
|   2|0x0000000740c00000, 0x0000000740e00000, 0x0000000740e00000|100%| O|  |TAMS 0x0000000740e00000, 0x0000000740e00000| Untracked 
|   3|0x0000000740e00000, 0x0000000741000000, 0x0000000741000000|100%|HS|  |TAMS 0x0000000741000000, 0x0000000741000000| Complete 
|   4|0x0000000741000000, 0x0000000741200000, 0x0000000741200000|100%|HC|  |TAMS 0x0000000741200000, 0x0000000741200000| Complete 
|   5|0x0000000741200000, 0x0000000741400000, 0x0000000741400000|100%| O|  |TAMS 0x0000000741400000, 0x0000000741400000| Untracked 
|   6|0x0000000741400000, 0x0000000741600000, 0x0000000741600000|100%| O|  |TAMS 0x0000000741600000, 0x0000000741600000| Untracked 
|   7|0x0000000741600000, 0x0000000741800000, 0x0000000741800000|100%| O|  |TAMS 0x0000000741800000, 0x0000000741800000| Untracked 
|   8|0x0000000741800000, 0x0000000741a00000, 0x0000000741a00000|100%| O|  |TAMS 0x0000000741a00000, 0x0000000741a00000| Untracked 
|   9|0x0000000741a00000, 0x0000000741c00000, 0x0000000741c00000|100%| O|  |TAMS 0x0000000741c00000, 0x0000000741c00000| Untracked 
|  10|0x0000000741c00000, 0x0000000741e00000, 0x0000000741e00000|100%| O|  |TAMS 0x0000000741e00000, 0x0000000741e00000| Untracked 
|  11|0x0000000741e00000, 0x0000000742000000, 0x0000000742000000|100%| O|  |TAMS 0x0000000742000000, 0x0000000742000000| Untracked 
|  12|0x0000000742000000, 0x0000000742200000, 0x0000000742200000|100%| O|  |TAMS 0x0000000742200000, 0x0000000742200000| Untracked 
|  13|0x0000000742200000, 0x0000000742400000, 0x0000000742400000|100%| O|  |TAMS 0x0000000742400000, 0x0000000742400000| Untracked 
|  14|0x0000000742400000, 0x0000000742600000, 0x0000000742600000|100%| O|  |TAMS 0x0000000742600000, 0x0000000742600000| Untracked 
|  15|0x0000000742600000, 0x0000000742800000, 0x0000000742800000|100%| O|  |TAMS 0x0000000742600000, 0x0000000742800000| Untracked 
|  16|0x0000000742800000, 0x0000000742a00000, 0x0000000742a00000|100%|HS|  |TAMS 0x0000000742a00000, 0x0000000742a00000| Complete 
|  17|0x0000000742a00000, 0x0000000742c00000, 0x0000000742c00000|100%| O|  |TAMS 0x0000000742c00000, 0x0000000742c00000| Untracked 
|  18|0x0000000742c00000, 0x0000000742e00000, 0x0000000742e00000|100%| O|  |TAMS 0x0000000742e00000, 0x0000000742e00000| Untracked 
|  19|0x0000000742e00000, 0x0000000743000000, 0x0000000743000000|100%| O|  |TAMS 0x0000000743000000, 0x0000000743000000| Untracked 
|  20|0x0000000743000000, 0x0000000743200000, 0x0000000743200000|100%| O|  |TAMS 0x0000000743200000, 0x0000000743200000| Untracked 
|  21|0x0000000743200000, 0x0000000743400000, 0x0000000743400000|100%| O|  |TAMS 0x0000000743400000, 0x0000000743400000| Untracked 
|  22|0x0000000743400000, 0x0000000743600000, 0x0000000743600000|100%| O|  |TAMS 0x0000000743600000, 0x0000000743600000| Untracked 
|  23|0x0000000743600000, 0x0000000743800000, 0x0000000743800000|100%| O|  |TAMS 0x0000000743800000, 0x0000000743800000| Untracked 
|  24|0x0000000743800000, 0x0000000743a00000, 0x0000000743a00000|100%| O|  |TAMS 0x0000000743a00000, 0x0000000743a00000| Untracked 
|  25|0x0000000743a00000, 0x0000000743c00000, 0x0000000743c00000|100%| O|  |TAMS 0x0000000743c00000, 0x0000000743c00000| Untracked 
|  26|0x0000000743c00000, 0x0000000743e00000, 0x0000000743e00000|100%| O|  |TAMS 0x0000000743e00000, 0x0000000743e00000| Untracked 
|  27|0x0000000743e00000, 0x0000000744000000, 0x0000000744000000|100%| O|  |TAMS 0x0000000744000000, 0x0000000744000000| Untracked 
|  28|0x0000000744000000, 0x0000000744200000, 0x0000000744200000|100%| O|  |TAMS 0x0000000744200000, 0x0000000744200000| Untracked 
|  29|0x0000000744200000, 0x0000000744400000, 0x0000000744400000|100%| O|  |TAMS 0x0000000744400000, 0x0000000744400000| Untracked 
|  30|0x0000000744400000, 0x0000000744600000, 0x0000000744600000|100%| O|  |TAMS 0x0000000744600000, 0x0000000744600000| Untracked 
|  31|0x0000000744600000, 0x0000000744800000, 0x0000000744800000|100%| O|  |TAMS 0x0000000744800000, 0x0000000744800000| Untracked 
|  32|0x0000000744800000, 0x0000000744a00000, 0x0000000744a00000|100%| O|  |TAMS 0x0000000744a00000, 0x0000000744a00000| Untracked 
|  33|0x0000000744a00000, 0x0000000744c00000, 0x0000000744c00000|100%|HS|  |TAMS 0x0000000744c00000, 0x0000000744c00000| Complete 
|  34|0x0000000744c00000, 0x0000000744e00000, 0x0000000744e00000|100%| O|  |TAMS 0x0000000744e00000, 0x0000000744e00000| Untracked 
|  35|0x0000000744e00000, 0x0000000745000000, 0x0000000745000000|100%| O|  |TAMS 0x0000000744e00000, 0x0000000745000000| Untracked 
|  36|0x0000000745000000, 0x0000000745200000, 0x0000000745200000|100%| O|  |TAMS 0x0000000745200000, 0x0000000745200000| Untracked 
|  37|0x0000000745200000, 0x0000000745400000, 0x0000000745400000|100%| O|  |TAMS 0x0000000745400000, 0x0000000745400000| Untracked 
|  38|0x0000000745400000, 0x0000000745600000, 0x0000000745600000|100%| O|  |TAMS 0x0000000745600000, 0x0000000745600000| Untracked 
|  39|0x0000000745600000, 0x0000000745800000, 0x0000000745800000|100%| O|  |TAMS 0x0000000745800000, 0x0000000745800000| Untracked 
|  40|0x0000000745800000, 0x0000000745a00000, 0x0000000745a00000|100%| O|  |TAMS 0x0000000745a00000, 0x0000000745a00000| Untracked 
|  41|0x0000000745a00000, 0x0000000745c00000, 0x0000000745c00000|100%| O|  |TAMS 0x0000000745c00000, 0x0000000745c00000| Untracked 
|  42|0x0000000745c00000, 0x0000000745e00000, 0x0000000745e00000|100%| O|  |TAMS 0x0000000745e00000, 0x0000000745e00000| Untracked 
|  43|0x0000000745e00000, 0x0000000746000000, 0x0000000746000000|100%| O|  |TAMS 0x0000000746000000, 0x0000000746000000| Untracked 
|  44|0x0000000746000000, 0x0000000746200000, 0x0000000746200000|100%| O|  |TAMS 0x0000000746200000, 0x0000000746200000| Untracked 
|  45|0x0000000746200000, 0x0000000746400000, 0x0000000746400000|100%| O|  |TAMS 0x0000000746400000, 0x0000000746400000| Untracked 
|  46|0x0000000746400000, 0x0000000746600000, 0x0000000746600000|100%| O|  |TAMS 0x0000000746600000, 0x0000000746600000| Untracked 
|  47|0x0000000746600000, 0x0000000746800000, 0x0000000746800000|100%| O|  |TAMS 0x0000000746800000, 0x0000000746800000| Untracked 
|  48|0x0000000746800000, 0x0000000746a00000, 0x0000000746a00000|100%| O|  |TAMS 0x0000000746a00000, 0x0000000746a00000| Untracked 
|  49|0x0000000746a00000, 0x0000000746c00000, 0x0000000746c00000|100%| O|  |TAMS 0x0000000746c00000, 0x0000000746c00000| Untracked 
|  50|0x0000000746c00000, 0x0000000746d83000, 0x0000000746e00000| 75%| O|  |TAMS 0x0000000746d83000, 0x0000000746d83000| Untracked 
|  51|0x0000000746e00000, 0x0000000747000000, 0x0000000747000000|100%| O|  |TAMS 0x0000000746e00000, 0x0000000747000000| Untracked 
|  52|0x0000000747000000, 0x0000000747200000, 0x0000000747200000|100%| O|  |TAMS 0x0000000747000000, 0x0000000747200000| Untracked 
|  53|0x0000000747200000, 0x0000000747400000, 0x0000000747400000|100%| O|  |TAMS 0x0000000747200000, 0x0000000747400000| Untracked 
|  54|0x0000000747400000, 0x0000000747600000, 0x0000000747600000|100%| O|  |TAMS 0x0000000747400000, 0x0000000747600000| Untracked 
|  55|0x0000000747600000, 0x0000000747800000, 0x0000000747800000|100%| O|  |TAMS 0x0000000747600000, 0x0000000747800000| Untracked 
|  56|0x0000000747800000, 0x0000000747a00000, 0x0000000747a00000|100%| O|  |TAMS 0x0000000747800000, 0x0000000747a00000| Untracked 
|  57|0x0000000747a00000, 0x0000000747c00000, 0x0000000747c00000|100%| O|  |TAMS 0x0000000747a00000, 0x0000000747c00000| Untracked 
|  58|0x0000000747c00000, 0x0000000747e00000, 0x0000000747e00000|100%| O|  |TAMS 0x0000000747c00000, 0x0000000747e00000| Untracked 
|  59|0x0000000747e00000, 0x0000000748000000, 0x0000000748000000|100%| O|  |TAMS 0x0000000747e00000, 0x0000000748000000| Untracked 
|  60|0x0000000748000000, 0x0000000748200000, 0x0000000748200000|100%| O|  |TAMS 0x0000000748000000, 0x0000000748200000| Untracked 
|  61|0x0000000748200000, 0x0000000748400000, 0x0000000748400000|100%| O|  |TAMS 0x0000000748200000, 0x0000000748400000| Untracked 
|  62|0x0000000748400000, 0x0000000748600000, 0x0000000748600000|100%| O|  |TAMS 0x0000000748400000, 0x0000000748600000| Untracked 
|  63|0x0000000748600000, 0x0000000748800000, 0x0000000748800000|100%| O|  |TAMS 0x0000000748600000, 0x0000000748800000| Untracked 
|  64|0x0000000748800000, 0x0000000748a00000, 0x0000000748a00000|100%| O|  |TAMS 0x0000000748800000, 0x0000000748a00000| Untracked 
|  65|0x0000000748a00000, 0x0000000748c00000, 0x0000000748c00000|100%| O|  |TAMS 0x0000000748a00000, 0x0000000748c00000| Untracked 
|  66|0x0000000748c00000, 0x0000000748e00000, 0x0000000748e00000|100%| O|  |TAMS 0x0000000748c00000, 0x0000000748e00000| Untracked 
|  67|0x0000000748e00000, 0x0000000749000000, 0x0000000749000000|100%| O|  |TAMS 0x0000000748e00000, 0x0000000749000000| Untracked 
|  68|0x0000000749000000, 0x0000000749200000, 0x0000000749200000|100%| O|  |TAMS 0x0000000749000000, 0x0000000749200000| Untracked 
|  69|0x0000000749200000, 0x0000000749400000, 0x0000000749400000|100%| O|  |TAMS 0x0000000749200000, 0x0000000749400000| Untracked 
|  70|0x0000000749400000, 0x0000000749600000, 0x0000000749600000|100%| O|  |TAMS 0x0000000749400000, 0x0000000749600000| Untracked 
|  71|0x0000000749600000, 0x0000000749800000, 0x0000000749800000|100%| O|  |TAMS 0x0000000749600000, 0x0000000749800000| Untracked 
|  72|0x0000000749800000, 0x0000000749a00000, 0x0000000749a00000|100%| O|  |TAMS 0x0000000749800000, 0x0000000749a00000| Untracked 
|  73|0x0000000749a00000, 0x0000000749c00000, 0x0000000749c00000|100%| O|  |TAMS 0x0000000749a00000, 0x0000000749c00000| Untracked 
|  74|0x0000000749c00000, 0x0000000749e00000, 0x0000000749e00000|100%| O|  |TAMS 0x0000000749c00000, 0x0000000749e00000| Untracked 
|  75|0x0000000749e00000, 0x000000074a000000, 0x000000074a000000|100%| O|  |TAMS 0x0000000749e00000, 0x000000074a000000| Untracked 
|  76|0x000000074a000000, 0x000000074a200000, 0x000000074a200000|100%| O|  |TAMS 0x000000074a000000, 0x000000074a200000| Untracked 
|  77|0x000000074a200000, 0x000000074a400000, 0x000000074a400000|100%| O|  |TAMS 0x000000074a200000, 0x000000074a400000| Untracked 
|  78|0x000000074a400000, 0x000000074a600000, 0x000000074a600000|100%| O|  |TAMS 0x000000074a400000, 0x000000074a600000| Untracked 
|  79|0x000000074a600000, 0x000000074a800000, 0x000000074a800000|100%| O|  |TAMS 0x000000074a600000, 0x000000074a800000| Untracked 
|  80|0x000000074a800000, 0x000000074aa00000, 0x000000074aa00000|100%| O|  |TAMS 0x000000074a800000, 0x000000074aa00000| Untracked 
|  81|0x000000074aa00000, 0x000000074ac00000, 0x000000074ac00000|100%| O|  |TAMS 0x000000074aa00000, 0x000000074ac00000| Untracked 
|  82|0x000000074ac00000, 0x000000074ae00000, 0x000000074ae00000|100%| O|  |TAMS 0x000000074ac00000, 0x000000074ae00000| Untracked 
|  83|0x000000074ae00000, 0x000000074b000000, 0x000000074b000000|100%| O|  |TAMS 0x000000074ae00000, 0x000000074b000000| Untracked 
|  84|0x000000074b000000, 0x000000074b200000, 0x000000074b200000|100%| O|  |TAMS 0x000000074b000000, 0x000000074b200000| Untracked 
|  85|0x000000074b200000, 0x000000074b400000, 0x000000074b400000|100%| O|  |TAMS 0x000000074b200000, 0x000000074b400000| Untracked 
|  86|0x000000074b400000, 0x000000074b600000, 0x000000074b600000|100%| O|  |TAMS 0x000000074b400000, 0x000000074b600000| Untracked 
|  87|0x000000074b600000, 0x000000074b800000, 0x000000074b800000|100%| O|  |TAMS 0x000000074b600000, 0x000000074b800000| Untracked 
|  88|0x000000074b800000, 0x000000074ba00000, 0x000000074ba00000|100%| O|  |TAMS 0x000000074b800000, 0x000000074ba00000| Untracked 
|  89|0x000000074ba00000, 0x000000074bc00000, 0x000000074bc00000|100%| O|  |TAMS 0x000000074ba00000, 0x000000074bc00000| Untracked 
|  90|0x000000074bc00000, 0x000000074be00000, 0x000000074be00000|100%| O|  |TAMS 0x000000074bc00000, 0x000000074be00000| Untracked 
|  91|0x000000074be00000, 0x000000074c000000, 0x000000074c000000|100%| O|  |TAMS 0x000000074be00000, 0x000000074c000000| Untracked 
|  92|0x000000074c000000, 0x000000074c200000, 0x000000074c200000|100%| O|  |TAMS 0x000000074c000000, 0x000000074c200000| Untracked 
|  93|0x000000074c200000, 0x000000074c28ee00, 0x000000074c400000| 27%| O|  |TAMS 0x000000074c200000, 0x000000074c28ee00| Untracked 
|  94|0x000000074c400000, 0x000000074c400000, 0x000000074c600000|  0%| F|  |TAMS 0x000000074c400000, 0x000000074c400000| Untracked 
|  95|0x000000074c600000, 0x000000074c600000, 0x000000074c800000|  0%| F|  |TAMS 0x000000074c600000, 0x000000074c600000| Untracked 
|  96|0x000000074c800000, 0x000000074c800000, 0x000000074ca00000|  0%| F|  |TAMS 0x000000074c800000, 0x000000074c800000| Untracked 
|  97|0x000000074ca00000, 0x000000074ca00000, 0x000000074cc00000|  0%| F|  |TAMS 0x000000074ca00000, 0x000000074ca00000| Untracked 
|  98|0x000000074cc00000, 0x000000074cc00000, 0x000000074ce00000|  0%| F|  |TAMS 0x000000074cc00000, 0x000000074cc00000| Untracked 
|  99|0x000000074ce00000, 0x000000074ce00000, 0x000000074d000000|  0%| F|  |TAMS 0x000000074ce00000, 0x000000074ce00000| Untracked 
| 100|0x000000074d000000, 0x000000074d000000, 0x000000074d200000|  0%| F|  |TAMS 0x000000074d000000, 0x000000074d000000| Untracked 
| 101|0x000000074d200000, 0x000000074d200000, 0x000000074d400000|  0%| F|  |TAMS 0x000000074d200000, 0x000000074d200000| Untracked 
| 102|0x000000074d400000, 0x000000074d400000, 0x000000074d600000|  0%| F|  |TAMS 0x000000074d400000, 0x000000074d400000| Untracked 
| 103|0x000000074d600000, 0x000000074d600000, 0x000000074d800000|  0%| F|  |TAMS 0x000000074d600000, 0x000000074d600000| Untracked 
| 104|0x000000074d800000, 0x000000074d800000, 0x000000074da00000|  0%| F|  |TAMS 0x000000074d800000, 0x000000074d800000| Untracked 
| 105|0x000000074da00000, 0x000000074da00000, 0x000000074dc00000|  0%| F|  |TAMS 0x000000074da00000, 0x000000074da00000| Untracked 
| 106|0x000000074dc00000, 0x000000074dc00000, 0x000000074de00000|  0%| F|  |TAMS 0x000000074dc00000, 0x000000074dc00000| Untracked 
| 107|0x000000074de00000, 0x000000074de00000, 0x000000074e000000|  0%| F|  |TAMS 0x000000074de00000, 0x000000074de00000| Untracked 
| 108|0x000000074e000000, 0x000000074e000000, 0x000000074e200000|  0%| F|  |TAMS 0x000000074e000000, 0x000000074e000000| Untracked 
| 109|0x000000074e200000, 0x000000074e200000, 0x000000074e400000|  0%| F|  |TAMS 0x000000074e200000, 0x000000074e200000| Untracked 
| 110|0x000000074e400000, 0x000000074e400000, 0x000000074e600000|  0%| F|  |TAMS 0x000000074e400000, 0x000000074e400000| Untracked 
| 111|0x000000074e600000, 0x000000074e600000, 0x000000074e800000|  0%| F|  |TAMS 0x000000074e600000, 0x000000074e600000| Untracked 
| 112|0x000000074e800000, 0x000000074e800000, 0x000000074ea00000|  0%| F|  |TAMS 0x000000074e800000, 0x000000074e800000| Untracked 
| 113|0x000000074ea00000, 0x000000074ea00000, 0x000000074ec00000|  0%| F|  |TAMS 0x000000074ea00000, 0x000000074ea00000| Untracked 
| 114|0x000000074ec00000, 0x000000074ec00000, 0x000000074ee00000|  0%| F|  |TAMS 0x000000074ec00000, 0x000000074ec00000| Untracked 
| 115|0x000000074ee00000, 0x000000074ee00000, 0x000000074f000000|  0%| F|  |TAMS 0x000000074ee00000, 0x000000074ee00000| Untracked 
| 116|0x000000074f000000, 0x000000074f000000, 0x000000074f200000|  0%| F|  |TAMS 0x000000074f000000, 0x000000074f000000| Untracked 
| 117|0x000000074f200000, 0x000000074f200000, 0x000000074f400000|  0%| F|  |TAMS 0x000000074f200000, 0x000000074f200000| Untracked 
| 118|0x000000074f400000, 0x000000074f400000, 0x000000074f600000|  0%| F|  |TAMS 0x000000074f400000, 0x000000074f400000| Untracked 
| 119|0x000000074f600000, 0x000000074f600000, 0x000000074f800000|  0%| F|  |TAMS 0x000000074f600000, 0x000000074f600000| Untracked 
| 120|0x000000074f800000, 0x000000074f800000, 0x000000074fa00000|  0%| F|  |TAMS 0x000000074f800000, 0x000000074f800000| Untracked 
| 121|0x000000074fa00000, 0x000000074fa00000, 0x000000074fc00000|  0%| F|  |TAMS 0x000000074fa00000, 0x000000074fa00000| Untracked 
| 122|0x000000074fc00000, 0x000000074fc00000, 0x000000074fe00000|  0%| F|  |TAMS 0x000000074fc00000, 0x000000074fc00000| Untracked 
| 123|0x000000074fe00000, 0x000000074fe00000, 0x0000000750000000|  0%| F|  |TAMS 0x000000074fe00000, 0x000000074fe00000| Untracked 
| 124|0x0000000750000000, 0x0000000750000000, 0x0000000750200000|  0%| F|  |TAMS 0x0000000750000000, 0x0000000750000000| Untracked 
| 125|0x0000000750200000, 0x0000000750200000, 0x0000000750400000|  0%| F|  |TAMS 0x0000000750200000, 0x0000000750200000| Untracked 
| 126|0x0000000750400000, 0x0000000750400000, 0x0000000750600000|  0%| F|  |TAMS 0x0000000750400000, 0x0000000750400000| Untracked 
| 127|0x0000000750600000, 0x0000000750697c20, 0x0000000750800000| 29%| S|CS|TAMS 0x0000000750600000, 0x0000000750600000| Complete 
| 128|0x0000000750800000, 0x0000000750a00000, 0x0000000750a00000|100%| S|CS|TAMS 0x0000000750800000, 0x0000000750800000| Complete 
| 129|0x0000000750a00000, 0x0000000750c00000, 0x0000000750c00000|100%| S|CS|TAMS 0x0000000750a00000, 0x0000000750a00000| Complete 
| 130|0x0000000750c00000, 0x0000000750e00000, 0x0000000750e00000|100%| S|CS|TAMS 0x0000000750c00000, 0x0000000750c00000| Complete 
| 131|0x0000000750e00000, 0x0000000751000000, 0x0000000751000000|100%| S|CS|TAMS 0x0000000750e00000, 0x0000000750e00000| Complete 
| 132|0x0000000751000000, 0x0000000751200000, 0x0000000751200000|100%| S|CS|TAMS 0x0000000751000000, 0x0000000751000000| Complete 
| 133|0x0000000751200000, 0x0000000751200000, 0x0000000751400000|  0%| F|  |TAMS 0x0000000751200000, 0x0000000751200000| Untracked 
| 134|0x0000000751400000, 0x0000000751400000, 0x0000000751600000|  0%| F|  |TAMS 0x0000000751400000, 0x0000000751400000| Untracked 
| 135|0x0000000751600000, 0x0000000751600000, 0x0000000751800000|  0%| F|  |TAMS 0x0000000751600000, 0x0000000751600000| Untracked 
| 136|0x0000000751800000, 0x0000000751800000, 0x0000000751a00000|  0%| F|  |TAMS 0x0000000751800000, 0x0000000751800000| Untracked 
| 137|0x0000000751a00000, 0x0000000751a00000, 0x0000000751c00000|  0%| F|  |TAMS 0x0000000751a00000, 0x0000000751a00000| Untracked 
| 138|0x0000000751c00000, 0x0000000751c00000, 0x0000000751e00000|  0%| F|  |TAMS 0x0000000751c00000, 0x0000000751c00000| Untracked 
| 139|0x0000000751e00000, 0x0000000751e00000, 0x0000000752000000|  0%| F|  |TAMS 0x0000000751e00000, 0x0000000751e00000| Untracked 
| 140|0x0000000752000000, 0x0000000752000000, 0x0000000752200000|  0%| F|  |TAMS 0x0000000752000000, 0x0000000752000000| Untracked 
| 141|0x0000000752200000, 0x0000000752200000, 0x0000000752400000|  0%| F|  |TAMS 0x0000000752200000, 0x0000000752200000| Untracked 
| 142|0x0000000752400000, 0x0000000752400000, 0x0000000752600000|  0%| F|  |TAMS 0x0000000752400000, 0x0000000752400000| Untracked 
| 143|0x0000000752600000, 0x0000000752600000, 0x0000000752800000|  0%| F|  |TAMS 0x0000000752600000, 0x0000000752600000| Untracked 
| 144|0x0000000752800000, 0x0000000752800000, 0x0000000752a00000|  0%| F|  |TAMS 0x0000000752800000, 0x0000000752800000| Untracked 
| 145|0x0000000752a00000, 0x0000000752a00000, 0x0000000752c00000|  0%| F|  |TAMS 0x0000000752a00000, 0x0000000752a00000| Untracked 
| 146|0x0000000752c00000, 0x0000000752c00000, 0x0000000752e00000|  0%| F|  |TAMS 0x0000000752c00000, 0x0000000752c00000| Untracked 
| 147|0x0000000752e00000, 0x0000000752e00000, 0x0000000753000000|  0%| F|  |TAMS 0x0000000752e00000, 0x0000000752e00000| Untracked 
| 148|0x0000000753000000, 0x0000000753000000, 0x0000000753200000|  0%| F|  |TAMS 0x0000000753000000, 0x0000000753000000| Untracked 
| 149|0x0000000753200000, 0x0000000753200000, 0x0000000753400000|  0%| F|  |TAMS 0x0000000753200000, 0x0000000753200000| Untracked 
| 150|0x0000000753400000, 0x0000000753400000, 0x0000000753600000|  0%| F|  |TAMS 0x0000000753400000, 0x0000000753400000| Untracked 
| 151|0x0000000753600000, 0x0000000753600000, 0x0000000753800000|  0%| F|  |TAMS 0x0000000753600000, 0x0000000753600000| Untracked 
| 152|0x0000000753800000, 0x0000000753800000, 0x0000000753a00000|  0%| F|  |TAMS 0x0000000753800000, 0x0000000753800000| Untracked 
| 153|0x0000000753a00000, 0x0000000753a00000, 0x0000000753c00000|  0%| F|  |TAMS 0x0000000753a00000, 0x0000000753a00000| Untracked 
| 154|0x0000000753c00000, 0x0000000753c00000, 0x0000000753e00000|  0%| F|  |TAMS 0x0000000753c00000, 0x0000000753c00000| Untracked 
| 155|0x0000000753e00000, 0x0000000753e00000, 0x0000000754000000|  0%| F|  |TAMS 0x0000000753e00000, 0x0000000753e00000| Untracked 
| 156|0x0000000754000000, 0x0000000754000000, 0x0000000754200000|  0%| F|  |TAMS 0x0000000754000000, 0x0000000754000000| Untracked 
| 157|0x0000000754200000, 0x0000000754200000, 0x0000000754400000|  0%| F|  |TAMS 0x0000000754200000, 0x0000000754200000| Untracked 
| 158|0x0000000754400000, 0x0000000754400000, 0x0000000754600000|  0%| F|  |TAMS 0x0000000754400000, 0x0000000754400000| Untracked 
| 159|0x0000000754600000, 0x0000000754600000, 0x0000000754800000|  0%| F|  |TAMS 0x0000000754600000, 0x0000000754600000| Untracked 
| 160|0x0000000754800000, 0x0000000754800000, 0x0000000754a00000|  0%| F|  |TAMS 0x0000000754800000, 0x0000000754800000| Untracked 
| 161|0x0000000754a00000, 0x0000000754a00000, 0x0000000754c00000|  0%| F|  |TAMS 0x0000000754a00000, 0x0000000754a00000| Untracked 
| 162|0x0000000754c00000, 0x0000000754c00000, 0x0000000754e00000|  0%| F|  |TAMS 0x0000000754c00000, 0x0000000754c00000| Untracked 
| 163|0x0000000754e00000, 0x0000000754e00000, 0x0000000755000000|  0%| F|  |TAMS 0x0000000754e00000, 0x0000000754e00000| Untracked 
| 164|0x0000000755000000, 0x0000000755000000, 0x0000000755200000|  0%| F|  |TAMS 0x0000000755000000, 0x0000000755000000| Untracked 
| 165|0x0000000755200000, 0x0000000755200000, 0x0000000755400000|  0%| F|  |TAMS 0x0000000755200000, 0x0000000755200000| Untracked 
| 166|0x0000000755400000, 0x0000000755400000, 0x0000000755600000|  0%| F|  |TAMS 0x0000000755400000, 0x0000000755400000| Untracked 
| 167|0x0000000755600000, 0x0000000755600000, 0x0000000755800000|  0%| F|  |TAMS 0x0000000755600000, 0x0000000755600000| Untracked 
| 168|0x0000000755800000, 0x0000000755800000, 0x0000000755a00000|  0%| F|  |TAMS 0x0000000755800000, 0x0000000755800000| Untracked 
| 169|0x0000000755a00000, 0x0000000755a00000, 0x0000000755c00000|  0%| F|  |TAMS 0x0000000755a00000, 0x0000000755a00000| Untracked 
| 170|0x0000000755c00000, 0x0000000755c00000, 0x0000000755e00000|  0%| F|  |TAMS 0x0000000755c00000, 0x0000000755c00000| Untracked 
| 171|0x0000000755e00000, 0x0000000755e00000, 0x0000000756000000|  0%| F|  |TAMS 0x0000000755e00000, 0x0000000755e00000| Untracked 
| 172|0x0000000756000000, 0x0000000756200000, 0x0000000756200000|100%| E|  |TAMS 0x0000000756000000, 0x0000000756000000| Complete 
| 173|0x0000000756200000, 0x0000000756400000, 0x0000000756400000|100%| E|CS|TAMS 0x0000000756200000, 0x0000000756200000| Complete 
| 174|0x0000000756400000, 0x0000000756600000, 0x0000000756600000|100%| E|CS|TAMS 0x0000000756400000, 0x0000000756400000| Complete 
| 175|0x0000000756600000, 0x0000000756800000, 0x0000000756800000|100%| E|CS|TAMS 0x0000000756600000, 0x0000000756600000| Complete 
| 176|0x0000000756800000, 0x0000000756a00000, 0x0000000756a00000|100%| E|CS|TAMS 0x0000000756800000, 0x0000000756800000| Complete 
| 177|0x0000000756a00000, 0x0000000756c00000, 0x0000000756c00000|100%| E|CS|TAMS 0x0000000756a00000, 0x0000000756a00000| Complete 
| 178|0x0000000756c00000, 0x0000000756e00000, 0x0000000756e00000|100%| E|CS|TAMS 0x0000000756c00000, 0x0000000756c00000| Complete 
| 179|0x0000000756e00000, 0x0000000757000000, 0x0000000757000000|100%| E|CS|TAMS 0x0000000756e00000, 0x0000000756e00000| Complete 
| 180|0x0000000757000000, 0x0000000757200000, 0x0000000757200000|100%| E|CS|TAMS 0x0000000757000000, 0x0000000757000000| Complete 
| 229|0x000000075d200000, 0x000000075d400000, 0x000000075d400000|100%| E|CS|TAMS 0x000000075d200000, 0x000000075d200000| Complete 
| 230|0x000000075d400000, 0x000000075d600000, 0x000000075d600000|100%| E|CS|TAMS 0x000000075d400000, 0x000000075d400000| Complete 
| 231|0x000000075d600000, 0x000000075d800000, 0x000000075d800000|100%| E|CS|TAMS 0x000000075d600000, 0x000000075d600000| Complete 

Card table byte_map: [0x000001b5f9e00000,0x000001b5fa400000] _byte_map_base: 0x000001b5f63fc000

Marking Bits (Prev, Next): (CMBitMap*) 0x000001b5f5d4f990, (CMBitMap*) 0x000001b5f5d4f9d0
 Prev Bits: [0x000001b5faa00000, 0x000001b5fd9e0000)
 Next Bits: [0x000001b58f000000, 0x000001b591fe0000)

Polling page: 0x000001b5f3c00000

Metaspace:

Usage:
  Non-class:     78.43 MB used.
      Class:      9.44 MB used.
       Both:     87.86 MB used.

Virtual space:
  Non-class space:      128.00 MB reserved,      78.62 MB ( 61%) committed,  2 nodes.
      Class space:        1.00 GB reserved,       9.62 MB ( <1%) committed,  1 nodes.
             Both:        1.12 GB reserved,      88.25 MB (  8%) committed. 

Chunk freelists:
   Non-Class:  448.00 KB
       Class:  6.19 MB
        Both:  6.63 MB

MaxMetaspaceSize: unlimited
CompressedClassSpaceSize: 1.00 GB
Initial GC threshold: 21.00 MB
Current GC threshold: 115.44 MB
CDS: off
MetaspaceReclaimPolicy: balanced
 - commit_granule_bytes: 65536.
 - commit_granule_words: 8192.
 - virtual_space_node_default_size: 8388608.
 - enlarge_chunks_in_place: 1.
 - new_chunks_are_fully_committed: 0.
 - uncommit_free_chunks: 1.
 - use_allocation_guard: 0.
 - handle_deallocations: 1.


Internal statistics:

num_allocs_failed_limit: 9.
num_arena_births: 492.
num_arena_deaths: 0.
num_vsnodes_births: 3.
num_vsnodes_deaths: 0.
num_space_committed: 1410.
num_space_uncommitted: 0.
num_chunks_returned_to_freelist: 9.
num_chunks_taken_from_freelist: 3543.
num_chunk_merges: 9.
num_chunk_splits: 2728.
num_chunks_enlarged: 2298.
num_inconsistent_stats: 0.

CodeHeap 'non-profiled nmethods': size=120000Kb used=13206Kb max_used=13206Kb free=106793Kb
 bounds [0x000001b587ad0000, 0x000001b5887c0000, 0x000001b58f000000]
CodeHeap 'profiled nmethods': size=120000Kb used=53304Kb max_used=53616Kb free=66695Kb
 bounds [0x000001b580000000, 0x000001b583470000, 0x000001b587530000]
CodeHeap 'non-nmethods': size=5760Kb used=1413Kb max_used=1493Kb free=4346Kb
 bounds [0x000001b587530000, 0x000001b5877a0000, 0x000001b587ad0000]
 total_blobs=18562 nmethods=17827 adapters=643
 compilation: enabled
              stopped_count=0, restarted_count=0
 full_count=0

Compilation events (20 events):
Event: 28.696 Thread 0x000001b5926a0240 nmethod 22387 0x000001b58877e490 code [0x000001b58877e7c0, 0x000001b5887810c0]
Event: 28.696 Thread 0x000001b5926a0240 22417       4       org.jetbrains.kotlin.backend.jvm.lower.TypeOperatorLowering::visitCall (46 bytes)
Event: 28.698 Thread 0x000001b5928ec3b0 nmethod 22410 0x000001b588783190 code [0x000001b588783440, 0x000001b588784020]
Event: 28.698 Thread 0x000001b5926a0240 nmethod 22417 0x000001b588785290 code [0x000001b588785440, 0x000001b588785588]
Event: 28.698 Thread 0x000001b5926a0240 22399       4       org.jetbrains.kotlin.backend.jvm.ir.IrInlineReferenceLocator::visitField (13 bytes)
Event: 28.698 Thread 0x000001b5928ec3b0 22400       4       org.jetbrains.kotlin.backend.jvm.ir.IrInlineReferenceLocator::visitWhen (13 bytes)
Event: 28.700 Thread 0x000001b59a796aa0 nmethod 22222 0x000001b588785810 code [0x000001b588785e40, 0x000001b58878c7d0]
Event: 28.701 Thread 0x000001b59a796aa0 22422       4       org.jetbrains.kotlin.backend.common.lower.InventNamesForLocalClasses$Data::makeLocal (20 bytes)
Event: 28.701 Thread 0x000001b59a796aa0 nmethod 22422 0x000001b588790590 code [0x000001b588790720, 0x000001b5887907e8]
Event: 28.701 Thread 0x000001b59a796aa0 22419       4       org.jetbrains.kotlin.backend.jvm.lower.ReplaceKFunctionInvokeWithFunctionInvoke::visitCall (358 bytes)
Event: 28.702 Thread 0x000001b5926a0240 nmethod 22399 0x000001b588790890 code [0x000001b588790a20, 0x000001b588790bc8]
Event: 28.702 Thread 0x000001b5926a0240 22401       4       org.jetbrains.kotlin.backend.jvm.lower.JvmOptimizationLowering$Transformer$$Lambda$396/0x000000080094a8f0::test (12 bytes)
Event: 28.709 Thread 0x000001b5926a0cf0 22424       1       org.jetbrains.kotlin.ir.expressions.impl.IrTryImpl::getCatches (5 bytes)
Event: 28.709 Thread 0x000001b5926a0cf0 nmethod 22424 0x000001b588790e90 code [0x000001b588791020, 0x000001b5887910f8]
Event: 28.709 Thread 0x000001b5926a0cf0 22425       3       org.jetbrains.kotlin.ir.builders.ExpressionHelpersKt::irCall (37 bytes)
Event: 28.710 Thread 0x000001b5926a0cf0 nmethod 22425 0x000001b583434190 code [0x000001b583434460, 0x000001b583435308]
Event: 28.711 Thread 0x000001b5928ec3b0 nmethod 22400 0x000001b588791190 code [0x000001b588791380, 0x000001b588791968]
Event: 28.711 Thread 0x000001b5928ec3b0 22409       4       org.jetbrains.kotlin.ir.util.IrUtilsKt::isAnnotationClass (22 bytes)
Event: 28.711 Thread 0x000001b5928ec3b0 nmethod 22409 0x000001b588792010 code [0x000001b588792180, 0x000001b588792218]
Event: 28.711 Thread 0x000001b5928ec3b0 22426       4       org.jetbrains.kotlin.backend.jvm.lower.JvmLateinitLowering$Transformer::isLateinitBackingField (40 bytes)

GC Heap History (20 events):
Event: 18.403 GC heap before
{Heap before GC invocations=27 (full 0):
 garbage-first heap   total 184320K, used 101773K [0x0000000740800000, 0x0000000800000000)
  region size 2048K, 4 young (8192K), 3 survivors (6144K)
 Metaspace       used 69011K, committed 69312K, reserved 1114112K
  class space    used 7724K, committed 7872K, reserved 1048576K
}
Event: 18.428 GC heap after
{Heap after GC invocations=28 (full 0):
 garbage-first heap   total 184320K, used 98658K [0x0000000740800000, 0x0000000800000000)
  region size 2048K, 1 young (2048K), 1 survivors (2048K)
 Metaspace       used 69011K, committed 69312K, reserved 1114112K
  class space    used 7724K, committed 7872K, reserved 1048576K
}
Event: 19.386 GC heap before
{Heap before GC invocations=28 (full 0):
 garbage-first heap   total 184320K, used 151906K [0x0000000740800000, 0x0000000800000000)
  region size 2048K, 27 young (55296K), 1 survivors (2048K)
 Metaspace       used 69133K, committed 69440K, reserved 1114112K
  class space    used 7725K, committed 7872K, reserved 1048576K
}
Event: 19.391 GC heap after
{Heap after GC invocations=29 (full 0):
 garbage-first heap   total 184320K, used 101570K [0x0000000740800000, 0x0000000800000000)
  region size 2048K, 2 young (4096K), 2 survivors (4096K)
 Metaspace       used 69133K, committed 69440K, reserved 1114112K
  class space    used 7725K, committed 7872K, reserved 1048576K
}
Event: 20.040 GC heap before
{Heap before GC invocations=30 (full 0):
 garbage-first heap   total 184320K, used 152770K [0x0000000740800000, 0x0000000800000000)
  region size 2048K, 27 young (55296K), 2 survivors (4096K)
 Metaspace       used 69731K, committed 70080K, reserved 1114112K
  class space    used 7763K, committed 7936K, reserved 1048576K
}
Event: 20.049 GC heap after
{Heap after GC invocations=31 (full 0):
 garbage-first heap   total 184320K, used 103343K [0x0000000740800000, 0x0000000800000000)
  region size 2048K, 3 young (6144K), 3 survivors (6144K)
 Metaspace       used 69731K, committed 70080K, reserved 1114112K
  class space    used 7763K, committed 7936K, reserved 1048576K
}
Event: 20.069 GC heap before
{Heap before GC invocations=31 (full 0):
 garbage-first heap   total 184320K, used 105391K [0x0000000740800000, 0x0000000800000000)
  region size 2048K, 4 young (8192K), 3 survivors (6144K)
 Metaspace       used 69733K, committed 70080K, reserved 1114112K
  class space    used 7763K, committed 7936K, reserved 1048576K
}
Event: 20.086 GC heap after
{Heap after GC invocations=32 (full 0):
 garbage-first heap   total 184320K, used 103269K [0x0000000740800000, 0x0000000800000000)
  region size 2048K, 1 young (2048K), 1 survivors (2048K)
 Metaspace       used 69733K, committed 70080K, reserved 1114112K
  class space    used 7763K, committed 7936K, reserved 1048576K
}
Event: 20.566 GC heap before
{Heap before GC invocations=32 (full 0):
 garbage-first heap   total 184320K, used 152421K [0x0000000740800000, 0x0000000800000000)
  region size 2048K, 25 young (51200K), 1 survivors (2048K)
 Metaspace       used 69969K, committed 70272K, reserved 1114112K
  class space    used 7776K, committed 7936K, reserved 1048576K
}
Event: 20.571 GC heap after
{Heap after GC invocations=33 (full 0):
 garbage-first heap   total 475136K, used 104887K [0x0000000740800000, 0x0000000800000000)
  region size 2048K, 2 young (4096K), 2 survivors (4096K)
 Metaspace       used 69969K, committed 70272K, reserved 1114112K
  class space    used 7776K, committed 7936K, reserved 1048576K
}
Event: 23.838 GC heap before
{Heap before GC invocations=34 (full 0):
 garbage-first heap   total 376832K, used 326071K [0x0000000740800000, 0x0000000800000000)
  region size 2048K, 110 young (225280K), 2 survivors (4096K)
 Metaspace       used 78879K, committed 79232K, reserved 1179648K
  class space    used 8634K, committed 8768K, reserved 1048576K
}
Event: 23.867 GC heap after
{Heap after GC invocations=35 (full 0):
 garbage-first heap   total 376832K, used 145464K [0x0000000740800000, 0x0000000800000000)
  region size 2048K, 14 young (28672K), 14 survivors (28672K)
 Metaspace       used 78879K, committed 79232K, reserved 1179648K
  class space    used 8634K, committed 8768K, reserved 1048576K
}
Event: 23.904 GC heap before
{Heap before GC invocations=35 (full 0):
 garbage-first heap   total 376832K, used 147512K [0x0000000740800000, 0x0000000800000000)
  region size 2048K, 15 young (30720K), 14 survivors (28672K)
 Metaspace       used 78890K, committed 79232K, reserved 1179648K
  class space    used 8634K, committed 8768K, reserved 1048576K
}
Event: 23.926 GC heap after
{Heap after GC invocations=36 (full 0):
 garbage-first heap   total 376832K, used 150125K [0x0000000740800000, 0x0000000800000000)
  region size 2048K, 2 young (4096K), 2 survivors (4096K)
 Metaspace       used 78890K, committed 79232K, reserved 1179648K
  class space    used 8634K, committed 8768K, reserved 1048576K
}
Event: 25.595 GC heap before
{Heap before GC invocations=36 (full 0):
 garbage-first heap   total 376832K, used 283245K [0x0000000740800000, 0x0000000800000000)
  region size 2048K, 67 young (137216K), 2 survivors (4096K)
 Metaspace       used 80069K, committed 80448K, reserved 1179648K
  class space    used 8722K, committed 8896K, reserved 1048576K
}
Event: 25.618 GC heap after
{Heap after GC invocations=37 (full 0):
 garbage-first heap   total 376832K, used 188541K [0x0000000740800000, 0x0000000800000000)
  region size 2048K, 9 young (18432K), 9 survivors (18432K)
 Metaspace       used 80069K, committed 80448K, reserved 1179648K
  class space    used 8722K, committed 8896K, reserved 1048576K
}
Event: 27.352 GC heap before
{Heap before GC invocations=37 (full 0):
 garbage-first heap   total 376832K, used 284797K [0x0000000740800000, 0x0000000800000000)
  region size 2048K, 56 young (114688K), 9 survivors (18432K)
 Metaspace       used 88763K, committed 89152K, reserved 1179648K
  class space    used 9623K, committed 9856K, reserved 1048576K
}
Event: 27.368 GC heap after
{Heap after GC invocations=38 (full 0):
 garbage-first heap   total 376832K, used 197833K [0x0000000740800000, 0x0000000800000000)
  region size 2048K, 4 young (8192K), 4 survivors (8192K)
 Metaspace       used 88763K, committed 89152K, reserved 1179648K
  class space    used 9623K, committed 9856K, reserved 1048576K
}
Event: 28.645 GC heap before
{Heap before GC invocations=38 (full 0):
 garbage-first heap   total 376832K, used 294089K [0x0000000740800000, 0x0000000800000000)
  region size 2048K, 51 young (104448K), 4 survivors (8192K)
 Metaspace       used 89805K, committed 90240K, reserved 1179648K
  class space    used 9651K, committed 9856K, reserved 1048576K
}
Event: 28.658 GC heap after
{Heap after GC invocations=39 (full 0):
 garbage-first heap   total 376832K, used 201382K [0x0000000740800000, 0x0000000800000000)
  region size 2048K, 6 young (12288K), 6 survivors (12288K)
 Metaspace       used 89805K, committed 90240K, reserved 1179648K
  class space    used 9651K, committed 9856K, reserved 1048576K
}

Dll operation events (3 events):
Event: 0.007 Loaded shared library C:\Users\jonat\.jdks\jbr-17.0.8\bin\java.dll
Event: 0.031 Loaded shared library C:\Users\jonat\.jdks\jbr-17.0.8\bin\jsvml.dll
Event: 1.024 Loaded shared library C:\Users\jonat\.jdks\jbr-17.0.8\bin\verify.dll

Deoptimization events (20 events):
Event: 28.214 Thread 0x000001b5f5cf6b20 Uncommon trap: trap_request=0xffffff45 fr.pc=0x000001b5883e1a98 relative=0x0000000000001078
Event: 28.214 Thread 0x000001b5f5cf6b20 Uncommon trap: reason=unstable_if action=reinterpret pc=0x000001b5883e1a98 method=org.jetbrains.kotlin.ir.types.IrTypeUtilsKt.isNullable(Lorg/jetbrains/kotlin/ir/types/IrType;)Z @ 73 c2
Event: 28.214 Thread 0x000001b5f5cf6b20 DEOPT PACKING pc=0x000001b5883e1a98 sp=0x00000035530f9150
Event: 28.214 Thread 0x000001b5f5cf6b20 DEOPT UNPACKING pc=0x000001b5875869a3 sp=0x00000035530f90e8 mode 2
Event: 28.243 Thread 0x000001b5f5cf6b20 DEOPT PACKING pc=0x000001b5832617ba sp=0x00000035530fd9c0
Event: 28.243 Thread 0x000001b5f5cf6b20 DEOPT UNPACKING pc=0x000001b587587143 sp=0x00000035530fcee0 mode 0
Event: 28.400 Thread 0x000001b5f5cf6b20 Uncommon trap: trap_request=0xffffff45 fr.pc=0x000001b58839d0bc relative=0x000000000000009c
Event: 28.400 Thread 0x000001b5f5cf6b20 Uncommon trap: reason=unstable_if action=reinterpret pc=0x000001b58839d0bc method=org.jetbrains.kotlin.backend.jvm.InlineClassAbiKt.isInlineClassFieldGetter(Lorg/jetbrains/kotlin/ir/declarations/IrFunction;)Z @ 34 c2
Event: 28.400 Thread 0x000001b5f5cf6b20 DEOPT PACKING pc=0x000001b58839d0bc sp=0x00000035530f90b0
Event: 28.400 Thread 0x000001b5f5cf6b20 DEOPT UNPACKING pc=0x000001b5875869a3 sp=0x00000035530f9028 mode 2
Event: 28.448 Thread 0x000001b5f5cf6b20 Uncommon trap: trap_request=0xffffffde fr.pc=0x000001b58812c138 relative=0x0000000000000a78
Event: 28.449 Thread 0x000001b5f5cf6b20 Uncommon trap: reason=class_check action=maybe_recompile pc=0x000001b58812c138 method=org.jetbrains.kotlin.backend.common.lower.SharedVariablesLowering$SharedVariablesTransformer$collectSharedVariables$1.visitCall(Lorg/jetbrains/kotlin/ir/expressions/IrCa
Event: 28.449 Thread 0x000001b5f5cf6b20 DEOPT PACKING pc=0x000001b58812c138 sp=0x00000035530fc430
Event: 28.449 Thread 0x000001b5f5cf6b20 DEOPT UNPACKING pc=0x000001b5875869a3 sp=0x00000035530fc3e8 mode 2
Event: 28.476 Thread 0x000001b5f5cf6b20 DEOPT PACKING pc=0x000001b5832617ba sp=0x00000035530fce80
Event: 28.476 Thread 0x000001b5f5cf6b20 DEOPT UNPACKING pc=0x000001b587587143 sp=0x00000035530fc3a0 mode 0
Event: 28.606 Thread 0x000001b5f5cf6b20 DEOPT PACKING pc=0x000001b5832617ba sp=0x00000035530fd700
Event: 28.606 Thread 0x000001b5f5cf6b20 DEOPT UNPACKING pc=0x000001b587587143 sp=0x00000035530fcc20 mode 0
Event: 28.671 Thread 0x000001b5f5cf6b20 DEOPT PACKING pc=0x000001b5832617ba sp=0x00000035530fd700
Event: 28.671 Thread 0x000001b5f5cf6b20 DEOPT UNPACKING pc=0x000001b587587143 sp=0x00000035530fcc20 mode 0

Classes unloaded (0 events):
No events

Classes redefined (0 events):
No events

Internal exceptions (20 events):
Event: 7.064 Thread 0x000001b5f5cf6b20 Exception <a 'java/lang/NoSuchMethodError'{0x0000000746edb518}: 'java.lang.Object java.lang.invoke.Invokers$Holder.linkToTargetMethod(java.lang.Object, java.lang.Object, java.lang.Object, java.lang.Object, java.lang.Object, java.lang.Object, java.lang.Object)'> (0x0000000746edb518) 
thrown [s\src\hotspot\share\interpreter\linkResolver.cpp, line 771]
Event: 8.324 Thread 0x000001b5f5cf6b20 Implicit null exception at 0x000001b587f118b4 to 0x000001b587f11941
Event: 11.418 Thread 0x000001b5f5cf6b20 Implicit null exception at 0x000001b588016bdb to 0x000001b588019140
Event: 16.519 Thread 0x000001b5f5cf6b20 Implicit null exception at 0x000001b58828d6b7 to 0x000001b58828d8ac
Event: 17.541 Thread 0x000001b5f5cf6b20 Exception <a 'java/lang/NoSuchMethodError'{0x000000074a872118}: 'void java.lang.invoke.DirectMethodHandle$Holder.invokeStatic(java.lang.Object, java.lang.Object, java.lang.Object)'> (0x000000074a872118) 
thrown [s\src\hotspot\share\interpreter\linkResolver.cpp, line 771]
Event: 20.673 Thread 0x000001b5f5cf6b20 Exception <a 'java/lang/NoSuchMethodError'{0x000000075d5d2090}: 'java.lang.Object java.lang.invoke.DirectMethodHandle$Holder.invokeStaticInit(java.lang.Object, java.lang.Object, java.lang.Object, java.lang.Object)'> (0x000000075d5d2090) 
thrown [s\src\hotspot\share\interpreter\linkResolver.cpp, line 771]
Event: 20.870 Thread 0x000001b5f5cf6b20 Exception <a 'java/lang/NoSuchMethodError'{0x0000000756b87300}: 'int java.lang.invoke.DirectMethodHandle$Holder.invokeStaticInit(java.lang.Object, java.lang.Object, java.lang.Object, java.lang.Object)'> (0x0000000756b87300) 
thrown [s\src\hotspot\share\interpreter\linkResolver.cpp, line 771]
Event: 20.907 Thread 0x000001b5f5cf6b20 Exception <a 'java/lang/NoSuchMethodError'{0x0000000756639ea8}: 'java.lang.Object java.lang.invoke.DirectMethodHandle$Holder.newInvokeSpecial(java.lang.Object, java.lang.Object, java.lang.Object, int, int)'> (0x0000000756639ea8) 
thrown [s\src\hotspot\share\interpreter\linkResolver.cpp, line 771]
Event: 20.908 Thread 0x000001b5f5cf6b20 Exception <a 'java/lang/NoSuchMethodError'{0x000000075663dce8}: 'java.lang.Object java.lang.invoke.DirectMethodHandle$Holder.invokeSpecial(java.lang.Object, java.lang.Object, java.lang.Object, java.lang.Object, int, int)'> (0x000000075663dce8) 
thrown [s\src\hotspot\share\interpreter\linkResolver.cpp, line 771]
Event: 21.151 Thread 0x000001b5f5cf6b20 Implicit null exception at 0x000001b587b3a7f0 to 0x000001b587b3aa28
Event: 21.296 Thread 0x000001b5f5cf6b20 Exception <a 'java/lang/NoSuchMethodError'{0x0000000755664f00}: 'java.lang.Object java.lang.invoke.DirectMethodHandle$Holder.invokeSpecial(java.lang.Object, java.lang.Object, int, int, java.lang.Object, java.lang.Object, java.lang.Object, java.lang.Object, java.lang.Object)'> (0x0000000755664f00) 
thrown [s\src\hotspot\share\interpreter\linkResolver.cpp, line 771]
Event: 21.311 Thread 0x000001b5f5cf6b20 Exception <a 'java/lang/NoSuchMethodError'{0x00000007556ca4b0}: 'java.lang.Object java.lang.invoke.DirectMethodHandle$Holder.newInvokeSpecial(java.lang.Object, java.lang.Object, int, int, java.lang.Object, java.lang.Object, java.lang.Object)'> (0x00000007556ca4b0) 
thrown [s\src\hotspot\share\interpreter\linkResolver.cpp, line 771]
Event: 21.311 Thread 0x000001b5f5cf6b20 Exception <a 'java/lang/NoSuchMethodError'{0x00000007556ceab0}: 'java.lang.Object java.lang.invoke.DirectMethodHandle$Holder.invokeSpecial(java.lang.Object, java.lang.Object, java.lang.Object, int, int, java.lang.Object, java.lang.Object, java.lang.Object)'> (0x00000007556ceab0) 
thrown [s\src\hotspot\share\interpreter\linkResolver.cpp, line 771]
Event: 23.232 Thread 0x000001b5f5cf6b20 Implicit null exception at 0x000001b5885850ca to 0x000001b588585654
Event: 25.906 Thread 0x000001b5f5cf6b20 Implicit null exception at 0x000001b58860d082 to 0x000001b58860d3e0
Event: 25.941 Thread 0x000001b5f5cf6b20 Implicit null exception at 0x000001b5886b6de6 to 0x000001b5886b6e96
Event: 25.980 Thread 0x000001b5f5cf6b20 Implicit null exception at 0x000001b587fc9b48 to 0x000001b587fcb5b4
Event: 27.822 Thread 0x000001b5f5cf6b20 Implicit null exception at 0x000001b5885f3792 to 0x000001b5885f4340
Event: 27.837 Thread 0x000001b5f5cf6b20 Implicit null exception at 0x000001b58815a10c to 0x000001b58816075c
Event: 27.937 Thread 0x000001b5f5cf6b20 Implicit null exception at 0x000001b58867df9c to 0x000001b58867edd8

VM Operations (20 events):
Event: 26.907 Executing VM operation: HandshakeAllThreads
Event: 26.907 Executing VM operation: HandshakeAllThreads done
Event: 27.128 Executing VM operation: ICBufferFull
Event: 27.128 Executing VM operation: ICBufferFull done
Event: 27.344 Executing VM operation: ICBufferFull
Event: 27.344 Executing VM operation: ICBufferFull done
Event: 27.352 Executing VM operation: G1CollectForAllocation
Event: 27.368 Executing VM operation: G1CollectForAllocation done
Event: 27.646 Executing VM operation: ICBufferFull
Event: 27.646 Executing VM operation: ICBufferFull done
Event: 27.847 Executing VM operation: ICBufferFull
Event: 27.847 Executing VM operation: ICBufferFull done
Event: 28.008 Executing VM operation: HandshakeAllThreads
Event: 28.008 Executing VM operation: HandshakeAllThreads done
Event: 28.190 Executing VM operation: ICBufferFull
Event: 28.191 Executing VM operation: ICBufferFull done
Event: 28.593 Executing VM operation: ICBufferFull
Event: 28.593 Executing VM operation: ICBufferFull done
Event: 28.645 Executing VM operation: G1CollectForAllocation
Event: 28.658 Executing VM operation: G1CollectForAllocation done

Events (20 events):
Event: 28.044 Thread 0x000001b5926a2830 flushing nmethod 0x000001b582a48c10
Event: 28.044 Thread 0x000001b5926a2830 flushing nmethod 0x000001b582a4b310
Event: 28.044 Thread 0x000001b5926a2830 flushing nmethod 0x000001b582a68c90
Event: 28.045 Thread 0x000001b5926a2830 flushing nmethod 0x000001b582aa8990
Event: 28.045 Thread 0x000001b5926a2830 flushing nmethod 0x000001b582ab3990
Event: 28.045 Thread 0x000001b5926a2830 flushing nmethod 0x000001b582adcc10
Event: 28.046 Thread 0x000001b5926a2830 flushing nmethod 0x000001b582bd3d10
Event: 28.046 Thread 0x000001b5926a2830 flushing nmethod 0x000001b582bd6890
Event: 28.046 Thread 0x000001b5926a2830 flushing nmethod 0x000001b582bd9390
Event: 28.046 Thread 0x000001b5926a2830 flushing nmethod 0x000001b582bda710
Event: 28.046 Thread 0x000001b5926a2830 flushing nmethod 0x000001b582bdef10
Event: 28.046 Thread 0x000001b5926a2830 flushing nmethod 0x000001b582beb210
Event: 28.046 Thread 0x000001b5926a2830 flushing nmethod 0x000001b582bf4e10
Event: 28.046 Thread 0x000001b5926a2830 flushing nmethod 0x000001b582bf7c90
Event: 28.046 Thread 0x000001b5926a2830 flushing nmethod 0x000001b582bfd290
Event: 28.046 Thread 0x000001b5926a2830 flushing nmethod 0x000001b582c02810
Event: 28.046 Thread 0x000001b5926a2830 flushing nmethod 0x000001b582c05f90
Event: 28.046 Thread 0x000001b5926a2830 flushing nmethod 0x000001b582c11910
Event: 28.046 Thread 0x000001b5926a2830 flushing nmethod 0x000001b582c14c10
Event: 28.046 Thread 0x000001b5926a2830 flushing nmethod 0x000001b582c2dd90


Dynamic libraries:
0x00007ff725ff0000 - 0x00007ff725ffa000 	C:\Users\jonat\.jdks\jbr-17.0.8\bin\java.exe
0x00007ffc76e70000 - 0x00007ffc77067000 	C:\Windows\SYSTEM32\ntdll.dll
0x00007ffc76ce0000 - 0x00007ffc76d9d000 	C:\Windows\System32\KERNEL32.DLL
0x00007ffc74920000 - 0x00007ffc74c16000 	C:\Windows\System32\KERNELBASE.dll
0x00007ffc74dd0000 - 0x00007ffc74ed0000 	C:\Windows\System32\ucrtbase.dll
0x00007ffc302d0000 - 0x00007ffc302eb000 	C:\Users\jonat\.jdks\jbr-17.0.8\bin\VCRUNTIME140.dll
0x00007ffc405a0000 - 0x00007ffc405b7000 	C:\Users\jonat\.jdks\jbr-17.0.8\bin\jli.dll
0x00007ffc76ac0000 - 0x00007ffc76c5e000 	C:\Windows\System32\USER32.dll
0x00007ffc74550000 - 0x00007ffc74572000 	C:\Windows\System32\win32u.dll
0x00007ffc75340000 - 0x00007ffc7536c000 	C:\Windows\System32\GDI32.dll
0x00007ffc5e500000 - 0x00007ffc5e79a000 	C:\Windows\WinSxS\amd64_microsoft.windows.common-controls_6595b64144ccf1df_6.0.19041.3570_none_60bb2a3971f3e41a\COMCTL32.dll
0x00007ffc74c20000 - 0x00007ffc74d3a000 	C:\Windows\System32\gdi32full.dll
0x00007ffc75370000 - 0x00007ffc7540e000 	C:\Windows\System32\msvcrt.dll
0x00007ffc74580000 - 0x00007ffc7461d000 	C:\Windows\System32\msvcp_win.dll
0x00007ffc75190000 - 0x00007ffc751c0000 	C:\Windows\System32\IMM32.DLL
0x00007ffc4f610000 - 0x00007ffc4f61c000 	C:\Users\jonat\.jdks\jbr-17.0.8\bin\vcruntime140_1.dll
0x00007ffc1f720000 - 0x00007ffc1f7ad000 	C:\Users\jonat\.jdks\jbr-17.0.8\bin\msvcp140.dll
0x00007ffc1ea90000 - 0x00007ffc1f713000 	C:\Users\jonat\.jdks\jbr-17.0.8\bin\server\jvm.dll
0x00007ffc75e30000 - 0x00007ffc75ede000 	C:\Windows\System32\ADVAPI32.dll
0x00007ffc76250000 - 0x00007ffc762ec000 	C:\Windows\System32\sechost.dll
0x00007ffc757b0000 - 0x00007ffc758d6000 	C:\Windows\System32\RPCRT4.dll
0x00007ffc743b0000 - 0x00007ffc743fb000 	C:\Windows\SYSTEM32\POWRPROF.dll
0x00007ffc68560000 - 0x00007ffc68587000 	C:\Windows\SYSTEM32\WINMM.dll
0x00007ffc6eab0000 - 0x00007ffc6eaba000 	C:\Windows\SYSTEM32\VERSION.dll
0x00007ffc54680000 - 0x00007ffc54689000 	C:\Windows\SYSTEM32\WSOCK32.dll
0x00007ffc75d50000 - 0x00007ffc75dbb000 	C:\Windows\System32\WS2_32.dll
0x00007ffc74390000 - 0x00007ffc743a2000 	C:\Windows\SYSTEM32\UMPDC.dll
0x00007ffc72410000 - 0x00007ffc72422000 	C:\Windows\SYSTEM32\kernel.appcore.dll
0x00007ffc4d010000 - 0x00007ffc4d01a000 	C:\Users\jonat\.jdks\jbr-17.0.8\bin\jimage.dll
0x00007ffc67a60000 - 0x00007ffc67c44000 	C:\Windows\SYSTEM32\DBGHELP.DLL
0x00007ffc5c590000 - 0x00007ffc5c5c4000 	C:\Windows\SYSTEM32\dbgcore.DLL
0x00007ffc74d40000 - 0x00007ffc74dc2000 	C:\Windows\System32\bcryptPrimitives.dll
0x00007ffc2f980000 - 0x00007ffc2f9a5000 	C:\Users\jonat\.jdks\jbr-17.0.8\bin\java.dll
0x00007ffc2f460000 - 0x00007ffc2f478000 	C:\Users\jonat\.jdks\jbr-17.0.8\bin\zip.dll
0x00007ffc1e9b0000 - 0x00007ffc1ea87000 	C:\Users\jonat\.jdks\jbr-17.0.8\bin\jsvml.dll
0x00007ffc76370000 - 0x00007ffc76ab4000 	C:\Windows\System32\SHELL32.dll
0x00007ffc72610000 - 0x00007ffc72dab000 	C:\Windows\SYSTEM32\windows.storage.dll
0x00007ffc75ef0000 - 0x00007ffc76244000 	C:\Windows\System32\combase.dll
0x00007ffc73ec0000 - 0x00007ffc73eed000 	C:\Windows\SYSTEM32\Wldp.dll
0x00007ffc75700000 - 0x00007ffc757ad000 	C:\Windows\System32\SHCORE.dll
0x00007ffc76310000 - 0x00007ffc76365000 	C:\Windows\System32\shlwapi.dll
0x00007ffc74480000 - 0x00007ffc744a5000 	C:\Windows\SYSTEM32\profapi.dll
0x00007ffc1e990000 - 0x00007ffc1e9a9000 	C:\Users\jonat\.jdks\jbr-17.0.8\bin\net.dll
0x00007ffc6e2c0000 - 0x00007ffc6e3ca000 	C:\Windows\SYSTEM32\WINHTTP.dll
0x00007ffc73c20000 - 0x00007ffc73c8a000 	C:\Windows\system32\mswsock.dll
0x00007ffc1e970000 - 0x00007ffc1e986000 	C:\Users\jonat\.jdks\jbr-17.0.8\bin\nio.dll
0x00007ffc4ce00000 - 0x00007ffc4ce10000 	C:\Users\jonat\.jdks\jbr-17.0.8\bin\verify.dll

dbghelp: loaded successfully - version: 4.0.5 - missing functions: none
symbol engine: initialized successfully - sym options: 0x614 - pdb path: .;C:\Users\jonat\.jdks\jbr-17.0.8\bin;C:\Windows\SYSTEM32;C:\Windows\WinSxS\amd64_microsoft.windows.common-controls_6595b64144ccf1df_6.0.19041.3570_none_60bb2a3971f3e41a;C:\Users\jonat\.jdks\jbr-17.0.8\bin\server

VM Arguments:
java_command: org.jetbrains.kotlin.cli.jvm.K2JVMCompiler @C:\Users\jonat\AndroidStudioProjects\Projeto\app\build\20231027_2785015279475192132.compiler.options
java_class_path (initial): C:\Users\jonat\.gradle\caches\modules-2\files-2.1\org.jetbrains.kotlin\kotlin-compiler-embeddable\1.7.0\4d09852239f61842072b40b524882fa3caaed371\kotlin-compiler-embeddable-1.7.0.jar;C:\Users\jonat\.gradle\caches\modules-2\files-2.1\org.jetbrains.kotlin\kotlin-reflect\1.7.0\e660b0079fdaf744dc9cc7f6f3aa3c761ec839b0\kotlin-reflect-1.7.0.jar;C:\Users\jonat\.gradle\caches\modules-2\files-2.1\org.jetbrains.kotlin\kotlin-stdlib\1.7.0\a5f42c684ad9003160ef0d0f693ecf0ba7b13549\kotlin-stdlib-1.7.0.jar;C:\Users\jonat\.gradle\caches\modules-2\files-2.1\org.jetbrains.kotlin\kotlin-script-runtime\1.7.0\3acea1d447587e61bc3e1b3ed6227d9e9ed4ddf1\kotlin-script-runtime-1.7.0.jar;C:\Users\jonat\.gradle\caches\modules-2\files-2.1\org.jetbrains.kotlin\kotlin-daemon-embeddable\1.7.0\fd56798de80825c673ac93808284c5198ffa2b50\kotlin-daemon-embeddable-1.7.0.jar;C:\Users\jonat\.gradle\caches\modules-2\files-2.1\org.jetbrains.intellij.deps\trove4j\1.0.20200330\3afb14d5f9ceb459d724e907a21145e8ff394f02\trove4j-1.0.20200330.jar;C:\Users\jonat\.gradle\caches\modules-2\files-2.1\net.java.dev.jna\jna\5.6.0\330f2244e9030119ab3030fc3fededc86713d9cc\jna-5.6.0.jar;C:\Users\jonat\.gradle\caches\modules-2\files-2.1\org.jetbrains.kotlin\kotlin-stdlib-common\1.7.0\51736992f422993a1e741051bdf3c12801bc1ca1\kotlin-stdlib-common-1.7.0.jar;C:\Users\jonat\.gradle\caches\modules-2\files-2.1\org.jetbrains\annotations\13.0\919f0dfe192fb4e063e7dacadee7f8bb9a2672a9\annotations-13.0.jar
Launcher Type: SUN_STANDARD

[Global flags]
     intx CICompilerCount                          = 4                                         {product} {ergonomic}
     uint ConcGCThreads                            = 2                                         {product} {ergonomic}
     uint G1ConcRefinementThreads                  = 8                                         {product} {ergonomic}
   size_t G1HeapRegionSize                         = 2097152                                   {product} {ergonomic}
    uintx GCDrainStackTargetSize                   = 64                                        {product} {ergonomic}
   size_t InitialHeapSize                          = 201326592                                 {product} {ergonomic}
   size_t MarkStackSize                            = 4194304                                   {product} {ergonomic}
   size_t MaxHeapSize                              = 3212836864                                {product} {ergonomic}
   size_t MaxNewSize                               = 1927282688                                {product} {ergonomic}
   size_t MinHeapDeltaBytes                        = 2097152                                   {product} {ergonomic}
   size_t MinHeapSize                              = 8388608                                   {product} {ergonomic}
    uintx NonNMethodCodeHeapSize                   = 5839372                                {pd product} {ergonomic}
    uintx NonProfiledCodeHeapSize                  = 122909434                              {pd product} {ergonomic}
    uintx ProfiledCodeHeapSize                     = 122909434                              {pd product} {ergonomic}
    uintx ReservedCodeCacheSize                    = 251658240                              {pd product} {ergonomic}
     bool SegmentedCodeCache                       = true                                      {product} {ergonomic}
   size_t SoftMaxHeapSize                          = 3212836864                             {manageable} {ergonomic}
     bool UseCompressedClassPointers               = true                           {product lp64_product} {ergonomic}
     bool UseCompressedOops                        = true                           {product lp64_product} {ergonomic}
     bool UseG1GC                                  = true                                      {product} {ergonomic}
     bool UseLargePagesIndividualAllocation        = false                                  {pd product} {ergonomic}

Logging:
Log output configuration:
 #0: stdout all=warning uptime,level,tags
 #1: stderr all=off uptime,level,tags

Environment Variables:
PATH=c:\program files (x86)\common files\intel\shared libraries\redist\intel64\compiler;c:\program files\common files\oracle\java\javapath;C:\Program Files (x86)\Common Files\Oracle\Java\javapath;c:\windows\system32;c:\windows;c:\windows\system32\wbem;c:\windows\system32\windowspowershell\v1.0\;c:\windows\system32\openssh\;c:\program files\git\cmd;c:\program files\dotnet\;C:\Program Files\NVIDIA Corporation\NVIDIA NvDLISR;C:\Program Files (x86)\NVIDIA Corporation\PhysX\Common;C:\xampp\php;C:\ProgramData\ComposerSetup\bin;C:\Gradle\gradle-8.2.1\bin;C:\Program Files\nodejs\;C:\Users\jonat\AppData\Local\Microsoft\WindowsApps;;C:\Users\jonat\AppData\Local\Programs\Microsoft VS Code\bin;C:\Users\jonat\AppData\Roaming\Composer\vendor\bin;C:\Users\jonat\AppData\Roaming\npm
USERNAME=jonat
OS=Windows_NT
PROCESSOR_IDENTIFIER=Intel64 Family 6 Model 58 Stepping 9, GenuineIntel
TMP=C:\Users\jonat\AppData\Local\Temp
TEMP=C:\Users\jonat\AppData\Local\Temp


JNI global refs:
JNI global refs: 12, weak refs: 6

JNI global refs memory usage: 843, weak refs: 841

OOME stack traces (most recent first):
Classloader memory used:
Loader jdk.internal.loader.ClassLoaders$AppClassLoader                                 : 9091K
Loader bootstrap                                                                       : 1775K
Loader java.net.URLClassLoader                                                         : 318K
Loader jdk.internal.loader.ClassLoaders$PlatformClassLoader                            : 36707B
Loader jdk.internal.reflect.DelegatingClassLoader                                      : 26949B


---------------  S Y S T E M  ---------------

OS:
 Windows 10 , 64 bit Build 19041 (10.0.19041.3570)
OS uptime: 0 days 0:36 hours

CPU: total 8 (initial active 8) (4 cores per cpu, 2 threads per core) family 6 model 58 stepping 9 microcode 0x21, cx8, cmov, fxsr, ht, mmx, sse, sse2, sse3, ssse3, sse4.1, sse4.2, popcnt, tsc, tscinvbit, avx, aes, erms, clmul, vzeroupper, clflush
Processor Information for all 8 processors :
  Max Mhz: 3401, Current Mhz: 3401, Mhz Limit: 3401

Memory: 4k page, system-wide physical 12248M (1408M free)
TotalPageFile size 20952M (AvailPageFile size 7410M)
current process WorkingSet (physical memory assigned to process): 677M, peak: 677M
current process commit charge ("private bytes"): 717M, peak: 744M

vm_info: OpenJDK 64-Bit Server VM (17.0.8+7-b1000.8) for windows-amd64 JRE (17.0.8+7-b1000.8), built on 2023-08-04 by "builduser" with MS VC++ 16.10 / 16.11 (VS2019)

END.
